2020-09-15 08:48:44.291  INFO 2816 --- [restartedMain] c.c.c.ConfigServicePropertySourceLocator : Fetching config from server at : http://localhost:8888
2020-09-15 08:48:46.270  INFO 2816 --- [restartedMain] c.c.c.ConfigServicePropertySourceLocator : Located environment: name=Employee-Service, profiles=[default], label=null, version=f800e0225b75a3f1f536beb4e7c40c35f98a7045, state=null
2020-09-15 08:48:46.274  INFO 2816 --- [restartedMain] b.c.PropertySourceBootstrapConfiguration : Located property source: [BootstrapPropertySource {name='bootstrapProperties-configClient'}, BootstrapPropertySource {name='bootstrapProperties-https://github.com/trainig2020/yaswanthgitrepo/application.properties'}, BootstrapPropertySource {name='bootstrapProperties-https://github.com/trainig2020/yaswanthgitrepo/application.yml'}]
2020-09-15 08:48:46.490  INFO 2816 --- [restartedMain] c.s.m.EmployeeServiceApplication         : No active profile set, falling back to default profiles: default
2020-09-15 08:48:48.141  INFO 2816 --- [restartedMain] .s.d.r.c.RepositoryConfigurationDelegate : Bootstrapping Spring Data JPA repositories in DEFERRED mode.
2020-09-15 08:48:48.615  INFO 2816 --- [restartedMain] .s.d.r.c.RepositoryConfigurationDelegate : Finished Spring Data repository scanning in 439ms. Found 1 JPA repository interfaces.
2020-09-15 08:48:49.780  INFO 2816 --- [restartedMain] o.s.cloud.context.scope.GenericScope     : BeanFactory id=86e4965b-a461-37d0-b15f-0d730611fffa
2020-09-15 08:48:52.183  INFO 2816 --- [restartedMain] o.s.b.w.embedded.tomcat.TomcatWebServer  : Tomcat initialized with port(s): 8282 (http)
2020-09-15 08:48:52.208  INFO 2816 --- [restartedMain] o.apache.catalina.core.StandardService   : Starting service [Tomcat]
2020-09-15 08:48:52.208  INFO 2816 --- [restartedMain] org.apache.catalina.core.StandardEngine  : Starting Servlet engine: [Apache Tomcat/9.0.37]
2020-09-15 08:48:52.467  INFO 2816 --- [restartedMain] o.a.c.c.C.[Tomcat].[localhost].[/]       : Initializing Spring embedded WebApplicationContext
2020-09-15 08:48:52.467  INFO 2816 --- [restartedMain] w.s.c.ServletWebServerApplicationContext : Root WebApplicationContext: initialization completed in 5869 ms
2020-09-15 08:48:53.068  INFO 2816 --- [restartedMain] o.s.s.concurrent.ThreadPoolTaskExecutor  : Initializing ExecutorService 'applicationTaskExecutor'
2020-09-15 08:48:54.192  INFO 2816 --- [task-1] com.zaxxer.hikari.HikariDataSource       : HikariPool-1 - Starting...
2020-09-15 08:48:55.085  INFO 2816 --- [task-1] com.zaxxer.hikari.HikariDataSource       : HikariPool-1 - Start completed.
2020-09-15 08:48:57.488  INFO 2816 --- [task-1] j.LocalContainerEntityManagerFactoryBean : Initialized JPA EntityManagerFactory for persistence unit 'default'
2020-09-15 08:48:58.000  WARN 2816 --- [task-2] o.s.b.d.a.OptionalLiveReloadServer       : Unable to start LiveReload server
2020-09-15 08:48:58.650  WARN 2816 --- [restartedMain] c.n.c.sources.URLConfigurationSource     : No URLs will be polled as dynamic configuration sources.
2020-09-15 08:48:58.651  INFO 2816 --- [restartedMain] c.n.c.sources.URLConfigurationSource     : To enable URLs as dynamic configuration sources, define System property archaius.configurationSource.additionalUrls or make config.properties available on classpath.
2020-09-15 08:48:58.666  WARN 2816 --- [restartedMain] c.n.c.sources.URLConfigurationSource     : No URLs will be polled as dynamic configuration sources.
2020-09-15 08:48:58.668  INFO 2816 --- [restartedMain] c.n.c.sources.URLConfigurationSource     : To enable URLs as dynamic configuration sources, define System property archaius.configurationSource.additionalUrls or make config.properties available on classpath.
2020-09-15 08:48:58.884  WARN 2816 --- [restartedMain] JpaBaseConfiguration$JpaWebConfiguration : spring.jpa.open-in-view is enabled by default. Therefore, database queries may be performed during view rendering. Explicitly configure spring.jpa.open-in-view to disable this warning
2020-09-15 08:49:05.375  WARN 2816 --- [restartedMain] ockingLoadBalancerClientRibbonWarnLogger : You already have RibbonLoadBalancerClient on your classpath. It will be used by default. As Spring Cloud Ribbon is in maintenance mode. We recommend switching to BlockingLoadBalancerClient instead. In order to use it, set the value of `spring.cloud.loadbalancer.ribbon.enabled` to `false` or remove spring-cloud-starter-netflix-ribbon from your project.
2020-09-15 08:49:05.667  INFO 2816 --- [restartedMain] o.s.c.n.eureka.InstanceInfoFactory       : Setting initial instance status as: STARTING
2020-09-15 08:49:05.811  INFO 2816 --- [restartedMain] com.netflix.discovery.DiscoveryClient    : Initializing Eureka in region us-east-1
2020-09-15 08:49:05.957  INFO 2816 --- [restartedMain] c.n.d.provider.DiscoveryJerseyProvider   : Using JSON encoding codec LegacyJacksonJson
2020-09-15 08:49:05.957  INFO 2816 --- [restartedMain] c.n.d.provider.DiscoveryJerseyProvider   : Using JSON decoding codec LegacyJacksonJson
2020-09-15 08:49:06.261  INFO 2816 --- [restartedMain] c.n.d.provider.DiscoveryJerseyProvider   : Using XML encoding codec XStreamXml
2020-09-15 08:49:06.262  INFO 2816 --- [restartedMain] c.n.d.provider.DiscoveryJerseyProvider   : Using XML decoding codec XStreamXml
2020-09-15 08:49:06.664  INFO 2816 --- [restartedMain] c.n.d.s.r.aws.ConfigClusterResolver      : Resolving eureka endpoints via configuration
2020-09-15 08:49:07.000  INFO 2816 --- [restartedMain] com.netflix.discovery.DiscoveryClient    : Disable delta property : false
2020-09-15 08:49:07.001  INFO 2816 --- [restartedMain] com.netflix.discovery.DiscoveryClient    : Single vip registry refresh property : null
2020-09-15 08:49:07.002  INFO 2816 --- [restartedMain] com.netflix.discovery.DiscoveryClient    : Force full registry fetch : false
2020-09-15 08:49:07.003  INFO 2816 --- [restartedMain] com.netflix.discovery.DiscoveryClient    : Application is null : false
2020-09-15 08:49:07.004  INFO 2816 --- [restartedMain] com.netflix.discovery.DiscoveryClient    : Registered Applications size is zero : true
2020-09-15 08:49:07.004  INFO 2816 --- [restartedMain] com.netflix.discovery.DiscoveryClient    : Application version is -1: true
2020-09-15 08:49:07.004  INFO 2816 --- [restartedMain] com.netflix.discovery.DiscoveryClient    : Getting all instance registry info from the eureka server
2020-09-15 08:49:07.316  INFO 2816 --- [restartedMain] com.netflix.discovery.DiscoveryClient    : The response status is 200
2020-09-15 08:49:07.323  INFO 2816 --- [restartedMain] com.netflix.discovery.DiscoveryClient    : Starting heartbeat executor: renew interval is: 30
2020-09-15 08:49:07.331  INFO 2816 --- [restartedMain] c.n.discovery.InstanceInfoReplicator     : InstanceInfoReplicator onDemand update allowed rate per min is 4
2020-09-15 08:49:07.344  INFO 2816 --- [restartedMain] com.netflix.discovery.DiscoveryClient    : Discovery Client initialized at timestamp 1600139947341 with initial instances count: 1
2020-09-15 08:49:07.362  INFO 2816 --- [restartedMain] o.s.c.n.e.s.EurekaServiceRegistry        : Registering application EMPLOYEE-SERVICE with eureka with status UP
2020-09-15 08:49:07.364  INFO 2816 --- [restartedMain] com.netflix.discovery.DiscoveryClient    : Saw local status change event StatusChangeEvent [timestamp=1600139947364, current=UP, previous=STARTING]
2020-09-15 08:49:07.368  INFO 2816 --- [DiscoveryClient-InstanceInfoReplicator-0] com.netflix.discovery.DiscoveryClient    : DiscoveryClient_EMPLOYEE-SERVICE/LAPTOP-JMMCFRFU:Employee-Service:8282: registering service...
2020-09-15 08:49:07.459  INFO 2816 --- [DiscoveryClient-InstanceInfoReplicator-0] com.netflix.discovery.DiscoveryClient    : DiscoveryClient_EMPLOYEE-SERVICE/LAPTOP-JMMCFRFU:Employee-Service:8282 - registration status: 204
2020-09-15 08:49:07.485  INFO 2816 --- [restartedMain] o.s.b.w.embedded.tomcat.TomcatWebServer  : Tomcat started on port(s): 8282 (http) with context path ''
2020-09-15 08:49:07.489  INFO 2816 --- [restartedMain] .s.c.n.e.s.EurekaAutoServiceRegistration : Updating port to 8282
2020-09-15 08:49:07.928  INFO 2816 --- [restartedMain] DeferredRepositoryInitializationListener : Triggering deferred initialization of Spring Data repositories…
2020-09-15 08:49:09.123  INFO 2816 --- [restartedMain] DeferredRepositoryInitializationListener : Spring Data repositories initialized!
2020-09-15 08:49:09.154  INFO 2816 --- [restartedMain] c.s.m.EmployeeServiceApplication         : Started EmployeeServiceApplication in 27.635 seconds (JVM running for 28.959)
2020-09-15 08:52:04.156  INFO 2816 --- [http-nio-8282-exec-1] o.a.c.c.C.[Tomcat].[localhost].[/]       : Initializing Spring DispatcherServlet 'dispatcherServlet'
2020-09-15 08:52:04.156  INFO 2816 --- [http-nio-8282-exec-1] o.s.web.servlet.DispatcherServlet        : Initializing Servlet 'dispatcherServlet'
2020-09-15 08:52:04.389  INFO 2816 --- [http-nio-8282-exec-1] o.s.web.servlet.DispatcherServlet        : Completed initialization in 233 ms
2020-09-15 08:52:04.988  INFO 2816 --- [http-nio-8282-exec-1] c.s.m.controller.EmployeeController      : Deleting all employees based on deptid
2020-09-15 08:52:08.263  INFO 2816 --- [http-nio-8282-exec-2] c.s.m.controller.EmployeeController      : Getting All Employees
2020-09-15 08:52:29.709  INFO 2816 --- [http-nio-8282-exec-3] c.s.m.controller.EmployeeController      : Adding an employee to the database
2020-09-15 08:52:30.465  INFO 2816 --- [http-nio-8282-exec-4] c.s.m.controller.EmployeeController      : Getting All Employees
2020-09-15 08:52:32.253  INFO 2816 --- [http-nio-8282-exec-5] c.s.m.controller.EmployeeController      : Deletind An Employee Based On empid and deptid
2020-09-15 08:52:32.865  INFO 2816 --- [http-nio-8282-exec-6] c.s.m.controller.EmployeeController      : Getting All Employees
2020-09-15 08:54:07.009  INFO 2816 --- [AsyncResolver-bootstrap-executor-0] c.n.d.s.r.aws.ConfigClusterResolver      : Resolving eureka endpoints via configuration
2020-09-15 08:59:07.010  INFO 2816 --- [AsyncResolver-bootstrap-executor-0] c.n.d.s.r.aws.ConfigClusterResolver      : Resolving eureka endpoints via configuration
2020-09-15 09:04:07.013  INFO 2816 --- [AsyncResolver-bootstrap-executor-0] c.n.d.s.r.aws.ConfigClusterResolver      : Resolving eureka endpoints via configuration
2020-09-15 09:09:07.017  INFO 2816 --- [AsyncResolver-bootstrap-executor-0] c.n.d.s.r.aws.ConfigClusterResolver      : Resolving eureka endpoints via configuration
2020-09-15 09:14:07.019  INFO 2816 --- [AsyncResolver-bootstrap-executor-0] c.n.d.s.r.aws.ConfigClusterResolver      : Resolving eureka endpoints via configuration
2020-09-15 09:19:07.023  INFO 2816 --- [AsyncResolver-bootstrap-executor-0] c.n.d.s.r.aws.ConfigClusterResolver      : Resolving eureka endpoints via configuration
2020-09-15 09:24:07.025  INFO 2816 --- [AsyncResolver-bootstrap-executor-0] c.n.d.s.r.aws.ConfigClusterResolver      : Resolving eureka endpoints via configuration
2020-09-15 09:29:07.028  INFO 2816 --- [AsyncResolver-bootstrap-executor-0] c.n.d.s.r.aws.ConfigClusterResolver      : Resolving eureka endpoints via configuration
2020-09-15 09:34:07.029  INFO 2816 --- [AsyncResolver-bootstrap-executor-0] c.n.d.s.r.aws.ConfigClusterResolver      : Resolving eureka endpoints via configuration
2020-09-15 09:39:07.032  INFO 2816 --- [AsyncResolver-bootstrap-executor-0] c.n.d.s.r.aws.ConfigClusterResolver      : Resolving eureka endpoints via configuration
2020-09-15 09:44:07.034  INFO 2816 --- [AsyncResolver-bootstrap-executor-0] c.n.d.s.r.aws.ConfigClusterResolver      : Resolving eureka endpoints via configuration
2020-09-15 09:49:07.036  INFO 2816 --- [AsyncResolver-bootstrap-executor-0] c.n.d.s.r.aws.ConfigClusterResolver      : Resolving eureka endpoints via configuration
2020-09-15 09:54:07.037  INFO 2816 --- [AsyncResolver-bootstrap-executor-0] c.n.d.s.r.aws.ConfigClusterResolver      : Resolving eureka endpoints via configuration
2020-09-15 09:59:07.040  INFO 2816 --- [AsyncResolver-bootstrap-executor-0] c.n.d.s.r.aws.ConfigClusterResolver      : Resolving eureka endpoints via configuration
2020-09-15 10:04:07.042  INFO 2816 --- [AsyncResolver-bootstrap-executor-0] c.n.d.s.r.aws.ConfigClusterResolver      : Resolving eureka endpoints via configuration
2020-09-15 11:05:10.096  WARN 2816 --- [HikariPool-1 housekeeper] com.zaxxer.hikari.pool.HikariPool        : HikariPool-1 - Thread starvation or clock leap detected (housekeeper delta=1h1m14s710ms469µs700ns).
2020-09-15 11:10:32.333  INFO 2188 --- [restartedMain] c.c.c.ConfigServicePropertySourceLocator : Fetching config from server at : http://localhost:8888
2020-09-15 11:10:33.808  INFO 2188 --- [restartedMain] c.c.c.ConfigServicePropertySourceLocator : Located environment: name=Employee-Service, profiles=[default], label=null, version=f800e0225b75a3f1f536beb4e7c40c35f98a7045, state=null
2020-09-15 11:10:33.812  INFO 2188 --- [restartedMain] b.c.PropertySourceBootstrapConfiguration : Located property source: [BootstrapPropertySource {name='bootstrapProperties-configClient'}, BootstrapPropertySource {name='bootstrapProperties-https://github.com/trainig2020/yaswanthgitrepo/application.properties'}, BootstrapPropertySource {name='bootstrapProperties-https://github.com/trainig2020/yaswanthgitrepo/application.yml'}]
2020-09-15 11:10:33.945  INFO 2188 --- [restartedMain] c.s.m.EmployeeServiceApplication         : No active profile set, falling back to default profiles: default
2020-09-15 11:10:35.577  INFO 2188 --- [restartedMain] .s.d.r.c.RepositoryConfigurationDelegate : Bootstrapping Spring Data JPA repositories in DEFERRED mode.
2020-09-15 11:10:35.851  INFO 2188 --- [restartedMain] .s.d.r.c.RepositoryConfigurationDelegate : Finished Spring Data repository scanning in 260ms. Found 1 JPA repository interfaces.
2020-09-15 11:10:36.385  INFO 2188 --- [restartedMain] o.s.cloud.context.scope.GenericScope     : BeanFactory id=86e4965b-a461-37d0-b15f-0d730611fffa
2020-09-15 11:10:37.807  INFO 2188 --- [restartedMain] o.s.b.w.embedded.tomcat.TomcatWebServer  : Tomcat initialized with port(s): 8282 (http)
2020-09-15 11:10:37.824  INFO 2188 --- [restartedMain] o.apache.catalina.core.StandardService   : Starting service [Tomcat]
2020-09-15 11:10:37.824  INFO 2188 --- [restartedMain] org.apache.catalina.core.StandardEngine  : Starting Servlet engine: [Apache Tomcat/9.0.37]
2020-09-15 11:10:38.047  INFO 2188 --- [restartedMain] o.a.c.c.C.[Tomcat].[localhost].[/]       : Initializing Spring embedded WebApplicationContext
2020-09-15 11:10:38.048  INFO 2188 --- [restartedMain] w.s.c.ServletWebServerApplicationContext : Root WebApplicationContext: initialization completed in 4053 ms
2020-09-15 11:10:38.524  INFO 2188 --- [restartedMain] o.s.s.concurrent.ThreadPoolTaskExecutor  : Initializing ExecutorService 'applicationTaskExecutor'
2020-09-15 11:10:39.273  INFO 2188 --- [task-1] com.zaxxer.hikari.HikariDataSource       : HikariPool-1 - Starting...
2020-09-15 11:10:39.885  INFO 2188 --- [task-1] com.zaxxer.hikari.HikariDataSource       : HikariPool-1 - Start completed.
2020-09-15 11:10:41.502  INFO 2188 --- [task-1] j.LocalContainerEntityManagerFactoryBean : Initialized JPA EntityManagerFactory for persistence unit 'default'
2020-09-15 11:10:41.767  WARN 2188 --- [task-2] o.s.b.d.a.OptionalLiveReloadServer       : Unable to start LiveReload server
2020-09-15 11:10:42.197  WARN 2188 --- [restartedMain] c.n.c.sources.URLConfigurationSource     : No URLs will be polled as dynamic configuration sources.
2020-09-15 11:10:42.199  INFO 2188 --- [restartedMain] c.n.c.sources.URLConfigurationSource     : To enable URLs as dynamic configuration sources, define System property archaius.configurationSource.additionalUrls or make config.properties available on classpath.
2020-09-15 11:10:42.211  WARN 2188 --- [restartedMain] c.n.c.sources.URLConfigurationSource     : No URLs will be polled as dynamic configuration sources.
2020-09-15 11:10:42.213  INFO 2188 --- [restartedMain] c.n.c.sources.URLConfigurationSource     : To enable URLs as dynamic configuration sources, define System property archaius.configurationSource.additionalUrls or make config.properties available on classpath.
2020-09-15 11:10:42.405  WARN 2188 --- [restartedMain] JpaBaseConfiguration$JpaWebConfiguration : spring.jpa.open-in-view is enabled by default. Therefore, database queries may be performed during view rendering. Explicitly configure spring.jpa.open-in-view to disable this warning
2020-09-15 11:10:44.323  WARN 2188 --- [restartedMain] ockingLoadBalancerClientRibbonWarnLogger : You already have RibbonLoadBalancerClient on your classpath. It will be used by default. As Spring Cloud Ribbon is in maintenance mode. We recommend switching to BlockingLoadBalancerClient instead. In order to use it, set the value of `spring.cloud.loadbalancer.ribbon.enabled` to `false` or remove spring-cloud-starter-netflix-ribbon from your project.
2020-09-15 11:10:44.478  INFO 2188 --- [restartedMain] o.s.c.n.eureka.InstanceInfoFactory       : Setting initial instance status as: STARTING
2020-09-15 11:10:44.602  INFO 2188 --- [restartedMain] com.netflix.discovery.DiscoveryClient    : Initializing Eureka in region us-east-1
2020-09-15 11:10:44.713  INFO 2188 --- [restartedMain] c.n.d.provider.DiscoveryJerseyProvider   : Using JSON encoding codec LegacyJacksonJson
2020-09-15 11:10:44.714  INFO 2188 --- [restartedMain] c.n.d.provider.DiscoveryJerseyProvider   : Using JSON decoding codec LegacyJacksonJson
2020-09-15 11:10:44.951  INFO 2188 --- [restartedMain] c.n.d.provider.DiscoveryJerseyProvider   : Using XML encoding codec XStreamXml
2020-09-15 11:10:44.953  INFO 2188 --- [restartedMain] c.n.d.provider.DiscoveryJerseyProvider   : Using XML decoding codec XStreamXml
2020-09-15 11:10:45.230  INFO 2188 --- [restartedMain] c.n.d.s.r.aws.ConfigClusterResolver      : Resolving eureka endpoints via configuration
2020-09-15 11:10:45.477  INFO 2188 --- [restartedMain] com.netflix.discovery.DiscoveryClient    : Disable delta property : false
2020-09-15 11:10:45.478  INFO 2188 --- [restartedMain] com.netflix.discovery.DiscoveryClient    : Single vip registry refresh property : null
2020-09-15 11:10:45.478  INFO 2188 --- [restartedMain] com.netflix.discovery.DiscoveryClient    : Force full registry fetch : false
2020-09-15 11:10:45.479  INFO 2188 --- [restartedMain] com.netflix.discovery.DiscoveryClient    : Application is null : false
2020-09-15 11:10:45.480  INFO 2188 --- [restartedMain] com.netflix.discovery.DiscoveryClient    : Registered Applications size is zero : true
2020-09-15 11:10:45.480  INFO 2188 --- [restartedMain] com.netflix.discovery.DiscoveryClient    : Application version is -1: true
2020-09-15 11:10:45.482  INFO 2188 --- [restartedMain] com.netflix.discovery.DiscoveryClient    : Getting all instance registry info from the eureka server
2020-09-15 11:10:45.688  INFO 2188 --- [restartedMain] com.netflix.discovery.DiscoveryClient    : The response status is 200
2020-09-15 11:10:45.693  INFO 2188 --- [restartedMain] com.netflix.discovery.DiscoveryClient    : Starting heartbeat executor: renew interval is: 30
2020-09-15 11:10:45.697  INFO 2188 --- [restartedMain] c.n.discovery.InstanceInfoReplicator     : InstanceInfoReplicator onDemand update allowed rate per min is 4
2020-09-15 11:10:45.703  INFO 2188 --- [restartedMain] com.netflix.discovery.DiscoveryClient    : Discovery Client initialized at timestamp 1600148445701 with initial instances count: 1
2020-09-15 11:10:45.713  INFO 2188 --- [restartedMain] o.s.c.n.e.s.EurekaServiceRegistry        : Registering application EMPLOYEE-SERVICE with eureka with status UP
2020-09-15 11:10:45.715  INFO 2188 --- [restartedMain] com.netflix.discovery.DiscoveryClient    : Saw local status change event StatusChangeEvent [timestamp=1600148445715, current=UP, previous=STARTING]
2020-09-15 11:10:45.718  INFO 2188 --- [DiscoveryClient-InstanceInfoReplicator-0] com.netflix.discovery.DiscoveryClient    : DiscoveryClient_EMPLOYEE-SERVICE/LAPTOP-JMMCFRFU:Employee-Service:8282: registering service...
2020-09-15 11:10:45.763  INFO 2188 --- [DiscoveryClient-InstanceInfoReplicator-0] com.netflix.discovery.DiscoveryClient    : DiscoveryClient_EMPLOYEE-SERVICE/LAPTOP-JMMCFRFU:Employee-Service:8282 - registration status: 204
2020-09-15 11:10:45.765  INFO 2188 --- [restartedMain] o.s.b.w.embedded.tomcat.TomcatWebServer  : Tomcat started on port(s): 8282 (http) with context path ''
2020-09-15 11:10:45.769  INFO 2188 --- [restartedMain] .s.c.n.e.s.EurekaAutoServiceRegistration : Updating port to 8282
2020-09-15 11:10:46.117  INFO 2188 --- [restartedMain] DeferredRepositoryInitializationListener : Triggering deferred initialization of Spring Data repositories…
2020-09-15 11:10:46.358  INFO 2188 --- [restartedMain] DeferredRepositoryInitializationListener : Spring Data repositories initialized!
2020-09-15 11:10:46.378  INFO 2188 --- [restartedMain] c.s.m.EmployeeServiceApplication         : Started EmployeeServiceApplication in 16.099 seconds (JVM running for 17.156)
2020-09-15 11:15:45.486  INFO 2188 --- [AsyncResolver-bootstrap-executor-0] c.n.d.s.r.aws.ConfigClusterResolver      : Resolving eureka endpoints via configuration
2020-09-15 11:20:45.488  INFO 2188 --- [AsyncResolver-bootstrap-executor-0] c.n.d.s.r.aws.ConfigClusterResolver      : Resolving eureka endpoints via configuration
2020-09-15 11:23:38.192  INFO 2188 --- [http-nio-8282-exec-1] o.a.c.c.C.[Tomcat].[localhost].[/]       : Initializing Spring DispatcherServlet 'dispatcherServlet'
2020-09-15 11:23:38.193  INFO 2188 --- [http-nio-8282-exec-1] o.s.web.servlet.DispatcherServlet        : Initializing Servlet 'dispatcherServlet'
2020-09-15 11:23:39.110  INFO 2188 --- [http-nio-8282-exec-1] o.s.web.servlet.DispatcherServlet        : Completed initialization in 912 ms
2020-09-15 11:23:39.577  INFO 2188 --- [http-nio-8282-exec-1] c.s.m.controller.EmployeeController      : Getting All Employees
2020-09-15 11:23:43.138  INFO 2188 --- [http-nio-8282-exec-2] c.s.m.controller.EmployeeController      : Getting All Employees
2020-09-15 11:23:56.872  INFO 2188 --- [http-nio-8282-exec-3] c.s.m.controller.EmployeeController      : Getting All Employees
2020-09-15 11:23:58.838  INFO 2188 --- [http-nio-8282-exec-4] c.s.m.controller.EmployeeController      : Getting All Employees
2020-09-15 11:24:13.189  INFO 2188 --- [http-nio-8282-exec-5] c.s.m.controller.EmployeeController      : Getting All Employees
2020-09-15 11:24:21.201  INFO 2188 --- [http-nio-8282-exec-6] c.s.m.controller.EmployeeController      : Getting All Employees
2020-09-15 11:24:33.936  INFO 2188 --- [http-nio-8282-exec-7] c.s.m.controller.EmployeeController      : Adding an employee to the database
2020-09-15 11:24:38.544  INFO 2188 --- [http-nio-8282-exec-8] c.s.m.controller.EmployeeController      : Adding an employee to the database
2020-09-15 11:24:39.036  INFO 2188 --- [http-nio-8282-exec-9] c.s.m.controller.EmployeeController      : Getting All Employees
2020-09-15 11:24:47.701  INFO 2188 --- [http-nio-8282-exec-10] c.s.m.controller.EmployeeController      : Getting All Employees
2020-09-15 11:24:50.115  INFO 2188 --- [http-nio-8282-exec-1] c.s.m.controller.EmployeeController      : Getting All Employees
2020-09-15 11:25:10.998  INFO 2188 --- [http-nio-8282-exec-2] c.s.m.controller.EmployeeController      : Getting All Employees
2020-09-15 11:25:45.490  INFO 2188 --- [AsyncResolver-bootstrap-executor-0] c.n.d.s.r.aws.ConfigClusterResolver      : Resolving eureka endpoints via configuration
2020-09-15 11:30:45.492  INFO 2188 --- [AsyncResolver-bootstrap-executor-0] c.n.d.s.r.aws.ConfigClusterResolver      : Resolving eureka endpoints via configuration
2020-09-15 11:31:43.455  INFO 2188 --- [http-nio-8282-exec-4] c.s.m.controller.EmployeeController      : Getting All Employees
2020-09-15 11:31:45.708  INFO 2188 --- [http-nio-8282-exec-5] c.s.m.controller.EmployeeController      : Getting All Employees
2020-09-15 11:31:46.928  INFO 2188 --- [http-nio-8282-exec-6] c.s.m.controller.EmployeeController      : Getting All Employees
2020-09-15 11:42:25.798  INFO 16548 --- [restartedMain] c.c.c.ConfigServicePropertySourceLocator : Fetching config from server at : http://localhost:8888
2020-09-15 11:42:29.790  INFO 16548 --- [restartedMain] c.c.c.ConfigServicePropertySourceLocator : Located environment: name=Employee-Service, profiles=[default], label=null, version=f800e0225b75a3f1f536beb4e7c40c35f98a7045, state=null
2020-09-15 11:42:29.792  INFO 16548 --- [restartedMain] b.c.PropertySourceBootstrapConfiguration : Located property source: [BootstrapPropertySource {name='bootstrapProperties-configClient'}, BootstrapPropertySource {name='bootstrapProperties-https://github.com/trainig2020/yaswanthgitrepo/application.properties'}, BootstrapPropertySource {name='bootstrapProperties-https://github.com/trainig2020/yaswanthgitrepo/application.yml'}]
2020-09-15 11:42:29.838  INFO 16548 --- [restartedMain] c.s.m.EmployeeServiceApplication         : No active profile set, falling back to default profiles: default
2020-09-15 11:42:30.564  INFO 16548 --- [restartedMain] .s.d.r.c.RepositoryConfigurationDelegate : Bootstrapping Spring Data JPA repositories in DEFERRED mode.
2020-09-15 11:42:30.635  INFO 16548 --- [restartedMain] .s.d.r.c.RepositoryConfigurationDelegate : Finished Spring Data repository scanning in 64ms. Found 1 JPA repository interfaces.
2020-09-15 11:42:30.952  INFO 16548 --- [restartedMain] o.s.cloud.context.scope.GenericScope     : BeanFactory id=d2953bd6-c80a-3174-9341-1c2221133603
2020-09-15 11:42:31.705  INFO 16548 --- [restartedMain] o.s.b.w.embedded.tomcat.TomcatWebServer  : Tomcat initialized with port(s): 8282 (http)
2020-09-15 11:42:31.713  INFO 16548 --- [restartedMain] o.apache.catalina.core.StandardService   : Starting service [Tomcat]
2020-09-15 11:42:31.714  INFO 16548 --- [restartedMain] org.apache.catalina.core.StandardEngine  : Starting Servlet engine: [Apache Tomcat/9.0.37]
2020-09-15 11:42:31.871  INFO 16548 --- [restartedMain] o.a.c.c.C.[Tomcat].[localhost].[/]       : Initializing Spring embedded WebApplicationContext
2020-09-15 11:42:31.872  INFO 16548 --- [restartedMain] w.s.c.ServletWebServerApplicationContext : Root WebApplicationContext: initialization completed in 2016 ms
2020-09-15 11:42:32.134  INFO 16548 --- [restartedMain] o.s.s.concurrent.ThreadPoolTaskExecutor  : Initializing ExecutorService 'applicationTaskExecutor'
2020-09-15 11:42:32.508  INFO 16548 --- [task-1] com.zaxxer.hikari.HikariDataSource       : HikariPool-1 - Starting...
2020-09-15 11:42:32.792  INFO 16548 --- [task-1] com.zaxxer.hikari.HikariDataSource       : HikariPool-1 - Start completed.
2020-09-15 11:42:33.473  INFO 16548 --- [task-1] j.LocalContainerEntityManagerFactoryBean : Initialized JPA EntityManagerFactory for persistence unit 'default'
2020-09-15 11:42:34.208  WARN 16548 --- [task-2] o.s.b.d.a.OptionalLiveReloadServer       : Unable to start LiveReload server
2020-09-15 11:42:34.366  WARN 16548 --- [restartedMain] c.n.c.sources.URLConfigurationSource     : No URLs will be polled as dynamic configuration sources.
2020-09-15 11:42:34.367  INFO 16548 --- [restartedMain] c.n.c.sources.URLConfigurationSource     : To enable URLs as dynamic configuration sources, define System property archaius.configurationSource.additionalUrls or make config.properties available on classpath.
2020-09-15 11:42:34.373  WARN 16548 --- [restartedMain] c.n.c.sources.URLConfigurationSource     : No URLs will be polled as dynamic configuration sources.
2020-09-15 11:42:34.374  INFO 16548 --- [restartedMain] c.n.c.sources.URLConfigurationSource     : To enable URLs as dynamic configuration sources, define System property archaius.configurationSource.additionalUrls or make config.properties available on classpath.
2020-09-15 11:42:34.476  WARN 16548 --- [restartedMain] JpaBaseConfiguration$JpaWebConfiguration : spring.jpa.open-in-view is enabled by default. Therefore, database queries may be performed during view rendering. Explicitly configure spring.jpa.open-in-view to disable this warning
2020-09-15 11:42:35.883  WARN 16548 --- [restartedMain] ockingLoadBalancerClientRibbonWarnLogger : You already have RibbonLoadBalancerClient on your classpath. It will be used by default. As Spring Cloud Ribbon is in maintenance mode. We recommend switching to BlockingLoadBalancerClient instead. In order to use it, set the value of `spring.cloud.loadbalancer.ribbon.enabled` to `false` or remove spring-cloud-starter-netflix-ribbon from your project.
2020-09-15 11:42:36.061  INFO 16548 --- [restartedMain] o.s.c.n.eureka.InstanceInfoFactory       : Setting initial instance status as: STARTING
2020-09-15 11:42:36.102  INFO 16548 --- [restartedMain] com.netflix.discovery.DiscoveryClient    : Initializing Eureka in region us-east-1
2020-09-15 11:42:36.186  INFO 16548 --- [restartedMain] c.n.d.provider.DiscoveryJerseyProvider   : Using JSON encoding codec LegacyJacksonJson
2020-09-15 11:42:36.186  INFO 16548 --- [restartedMain] c.n.d.provider.DiscoveryJerseyProvider   : Using JSON decoding codec LegacyJacksonJson
2020-09-15 11:42:36.342  INFO 16548 --- [restartedMain] c.n.d.provider.DiscoveryJerseyProvider   : Using XML encoding codec XStreamXml
2020-09-15 11:42:36.342  INFO 16548 --- [restartedMain] c.n.d.provider.DiscoveryJerseyProvider   : Using XML decoding codec XStreamXml
2020-09-15 11:42:36.548  INFO 16548 --- [restartedMain] c.n.d.s.r.aws.ConfigClusterResolver      : Resolving eureka endpoints via configuration
2020-09-15 11:42:36.782  INFO 16548 --- [restartedMain] com.netflix.discovery.DiscoveryClient    : Disable delta property : false
2020-09-15 11:42:36.783  INFO 16548 --- [restartedMain] com.netflix.discovery.DiscoveryClient    : Single vip registry refresh property : null
2020-09-15 11:42:36.783  INFO 16548 --- [restartedMain] com.netflix.discovery.DiscoveryClient    : Force full registry fetch : false
2020-09-15 11:42:36.783  INFO 16548 --- [restartedMain] com.netflix.discovery.DiscoveryClient    : Application is null : false
2020-09-15 11:42:36.783  INFO 16548 --- [restartedMain] com.netflix.discovery.DiscoveryClient    : Registered Applications size is zero : true
2020-09-15 11:42:36.783  INFO 16548 --- [restartedMain] com.netflix.discovery.DiscoveryClient    : Application version is -1: true
2020-09-15 11:42:36.784  INFO 16548 --- [restartedMain] com.netflix.discovery.DiscoveryClient    : Getting all instance registry info from the eureka server
2020-09-15 11:42:36.982  INFO 16548 --- [restartedMain] com.netflix.discovery.DiscoveryClient    : The response status is 200
2020-09-15 11:42:36.985  INFO 16548 --- [restartedMain] com.netflix.discovery.DiscoveryClient    : Starting heartbeat executor: renew interval is: 30
2020-09-15 11:42:36.988  INFO 16548 --- [restartedMain] c.n.discovery.InstanceInfoReplicator     : InstanceInfoReplicator onDemand update allowed rate per min is 4
2020-09-15 11:42:36.993  INFO 16548 --- [restartedMain] com.netflix.discovery.DiscoveryClient    : Discovery Client initialized at timestamp 1600150356991 with initial instances count: 0
2020-09-15 11:42:36.998  INFO 16548 --- [restartedMain] o.s.c.n.e.s.EurekaServiceRegistry        : Registering application EMPLOYEE-SERVICE with eureka with status UP
2020-09-15 11:42:36.999  INFO 16548 --- [restartedMain] com.netflix.discovery.DiscoveryClient    : Saw local status change event StatusChangeEvent [timestamp=1600150356999, current=UP, previous=STARTING]
2020-09-15 11:42:37.002  INFO 16548 --- [DiscoveryClient-InstanceInfoReplicator-0] com.netflix.discovery.DiscoveryClient    : DiscoveryClient_EMPLOYEE-SERVICE/LAPTOP-JMMCFRFU:Employee-Service:8282: registering service...
2020-09-15 11:42:37.042  INFO 16548 --- [restartedMain] o.s.b.w.embedded.tomcat.TomcatWebServer  : Tomcat started on port(s): 8282 (http) with context path ''
2020-09-15 11:42:37.044  INFO 16548 --- [restartedMain] .s.c.n.e.s.EurekaAutoServiceRegistration : Updating port to 8282
2020-09-15 11:42:37.097  INFO 16548 --- [DiscoveryClient-InstanceInfoReplicator-0] com.netflix.discovery.DiscoveryClient    : DiscoveryClient_EMPLOYEE-SERVICE/LAPTOP-JMMCFRFU:Employee-Service:8282 - registration status: 204
2020-09-15 11:42:37.343  INFO 16548 --- [restartedMain] DeferredRepositoryInitializationListener : Triggering deferred initialization of Spring Data repositories…
2020-09-15 11:42:37.422  INFO 16548 --- [restartedMain] DeferredRepositoryInitializationListener : Spring Data repositories initialized!
2020-09-15 11:42:37.433  INFO 16548 --- [restartedMain] c.s.m.EmployeeServiceApplication         : Started EmployeeServiceApplication in 13.188 seconds (JVM running for 14.62)
2020-09-15 11:42:50.076  INFO 16548 --- [http-nio-8282-exec-1] o.a.c.c.C.[Tomcat].[localhost].[/]       : Initializing Spring DispatcherServlet 'dispatcherServlet'
2020-09-15 11:42:50.076  INFO 16548 --- [http-nio-8282-exec-1] o.s.web.servlet.DispatcherServlet        : Initializing Servlet 'dispatcherServlet'
2020-09-15 11:42:50.115  INFO 16548 --- [http-nio-8282-exec-1] o.s.web.servlet.DispatcherServlet        : Completed initialization in 39 ms
2020-09-15 11:42:50.297 ERROR 16548 --- [http-nio-8282-exec-1] o.a.c.c.C.[.[.[/].[dispatcherServlet]    : Servlet.service() for servlet [dispatcherServlet] threw exception

javax.servlet.ServletException: Circular view path [error]: would dispatch back to the current handler URL [/error] again. Check your ViewResolver setup! (Hint: This may be the result of an unspecified view, due to default view name generation.)
	at org.springframework.web.servlet.view.InternalResourceView.prepareForRendering(InternalResourceView.java:210) ~[spring-webmvc-5.2.8.RELEASE.jar:5.2.8.RELEASE]
	at org.springframework.web.servlet.view.InternalResourceView.renderMergedOutputModel(InternalResourceView.java:148) ~[spring-webmvc-5.2.8.RELEASE.jar:5.2.8.RELEASE]
	at org.springframework.web.servlet.view.AbstractView.render(AbstractView.java:316) ~[spring-webmvc-5.2.8.RELEASE.jar:5.2.8.RELEASE]
	at org.springframework.web.servlet.DispatcherServlet.render(DispatcherServlet.java:1373) ~[spring-webmvc-5.2.8.RELEASE.jar:5.2.8.RELEASE]
	at org.springframework.web.servlet.DispatcherServlet.processDispatchResult(DispatcherServlet.java:1118) ~[spring-webmvc-5.2.8.RELEASE.jar:5.2.8.RELEASE]
	at org.springframework.web.servlet.DispatcherServlet.doDispatch(DispatcherServlet.java:1057) ~[spring-webmvc-5.2.8.RELEASE.jar:5.2.8.RELEASE]
	at org.springframework.web.servlet.DispatcherServlet.doService(DispatcherServlet.java:943) ~[spring-webmvc-5.2.8.RELEASE.jar:5.2.8.RELEASE]
	at org.springframework.web.servlet.FrameworkServlet.processRequest(FrameworkServlet.java:1006) ~[spring-webmvc-5.2.8.RELEASE.jar:5.2.8.RELEASE]
	at org.springframework.web.servlet.FrameworkServlet.doGet(FrameworkServlet.java:898) ~[spring-webmvc-5.2.8.RELEASE.jar:5.2.8.RELEASE]
	at javax.servlet.http.HttpServlet.service(HttpServlet.java:626) ~[tomcat-embed-core-9.0.37.jar:4.0.FR]
	at org.springframework.web.servlet.FrameworkServlet.service(FrameworkServlet.java:883) ~[spring-webmvc-5.2.8.RELEASE.jar:5.2.8.RELEASE]
	at javax.servlet.http.HttpServlet.service(HttpServlet.java:733) ~[tomcat-embed-core-9.0.37.jar:4.0.FR]
	at org.apache.catalina.core.ApplicationFilterChain.internalDoFilter(ApplicationFilterChain.java:231) ~[tomcat-embed-core-9.0.37.jar:9.0.37]
	at org.apache.catalina.core.ApplicationFilterChain.doFilter(ApplicationFilterChain.java:166) ~[tomcat-embed-core-9.0.37.jar:9.0.37]
	at org.springframework.web.filter.RequestContextFilter.doFilterInternal(RequestContextFilter.java:100) ~[spring-web-5.2.8.RELEASE.jar:5.2.8.RELEASE]
	at org.springframework.web.filter.OncePerRequestFilter.doFilter(OncePerRequestFilter.java:119) ~[spring-web-5.2.8.RELEASE.jar:5.2.8.RELEASE]
	at org.apache.catalina.core.ApplicationFilterChain.internalDoFilter(ApplicationFilterChain.java:193) ~[tomcat-embed-core-9.0.37.jar:9.0.37]
	at org.apache.catalina.core.ApplicationFilterChain.doFilter(ApplicationFilterChain.java:166) ~[tomcat-embed-core-9.0.37.jar:9.0.37]
	at org.springframework.web.filter.OncePerRequestFilter.doFilter(OncePerRequestFilter.java:103) ~[spring-web-5.2.8.RELEASE.jar:5.2.8.RELEASE]
	at org.apache.catalina.core.ApplicationFilterChain.internalDoFilter(ApplicationFilterChain.java:193) ~[tomcat-embed-core-9.0.37.jar:9.0.37]
	at org.apache.catalina.core.ApplicationFilterChain.doFilter(ApplicationFilterChain.java:166) ~[tomcat-embed-core-9.0.37.jar:9.0.37]
	at org.springframework.web.filter.OncePerRequestFilter.doFilter(OncePerRequestFilter.java:103) ~[spring-web-5.2.8.RELEASE.jar:5.2.8.RELEASE]
	at org.apache.catalina.core.ApplicationFilterChain.internalDoFilter(ApplicationFilterChain.java:193) ~[tomcat-embed-core-9.0.37.jar:9.0.37]
	at org.apache.catalina.core.ApplicationFilterChain.doFilter(ApplicationFilterChain.java:166) ~[tomcat-embed-core-9.0.37.jar:9.0.37]
	at org.apache.catalina.core.ApplicationDispatcher.invoke(ApplicationDispatcher.java:712) [tomcat-embed-core-9.0.37.jar:9.0.37]
	at org.apache.catalina.core.ApplicationDispatcher.processRequest(ApplicationDispatcher.java:461) [tomcat-embed-core-9.0.37.jar:9.0.37]
	at org.apache.catalina.core.ApplicationDispatcher.doForward(ApplicationDispatcher.java:384) [tomcat-embed-core-9.0.37.jar:9.0.37]
	at org.apache.catalina.core.ApplicationDispatcher.forward(ApplicationDispatcher.java:312) [tomcat-embed-core-9.0.37.jar:9.0.37]
	at org.apache.catalina.core.StandardHostValve.custom(StandardHostValve.java:394) [tomcat-embed-core-9.0.37.jar:9.0.37]
	at org.apache.catalina.core.StandardHostValve.status(StandardHostValve.java:253) [tomcat-embed-core-9.0.37.jar:9.0.37]
	at org.apache.catalina.core.StandardHostValve.invoke(StandardHostValve.java:175) [tomcat-embed-core-9.0.37.jar:9.0.37]
	at org.apache.catalina.valves.ErrorReportValve.invoke(ErrorReportValve.java:92) [tomcat-embed-core-9.0.37.jar:9.0.37]
	at org.apache.catalina.core.StandardEngineValve.invoke(StandardEngineValve.java:74) [tomcat-embed-core-9.0.37.jar:9.0.37]
	at org.apache.catalina.connector.CoyoteAdapter.service(CoyoteAdapter.java:343) [tomcat-embed-core-9.0.37.jar:9.0.37]
	at org.apache.coyote.http11.Http11Processor.service(Http11Processor.java:373) [tomcat-embed-core-9.0.37.jar:9.0.37]
	at org.apache.coyote.AbstractProcessorLight.process(AbstractProcessorLight.java:65) [tomcat-embed-core-9.0.37.jar:9.0.37]
	at org.apache.coyote.AbstractProtocol$ConnectionHandler.process(AbstractProtocol.java:868) [tomcat-embed-core-9.0.37.jar:9.0.37]
	at org.apache.tomcat.util.net.NioEndpoint$SocketProcessor.doRun(NioEndpoint.java:1589) [tomcat-embed-core-9.0.37.jar:9.0.37]
	at org.apache.tomcat.util.net.SocketProcessorBase.run(SocketProcessorBase.java:49) [tomcat-embed-core-9.0.37.jar:9.0.37]
	at java.util.concurrent.ThreadPoolExecutor.runWorker(ThreadPoolExecutor.java:1149) [na:1.8.0_221]
	at java.util.concurrent.ThreadPoolExecutor$Worker.run(ThreadPoolExecutor.java:624) [na:1.8.0_221]
	at org.apache.tomcat.util.threads.TaskThread$WrappingRunnable.run(TaskThread.java:61) [tomcat-embed-core-9.0.37.jar:9.0.37]
	at java.lang.Thread.run(Thread.java:748) [na:1.8.0_221]

2020-09-15 11:42:50.303 ERROR 16548 --- [http-nio-8282-exec-1] o.a.c.c.C.[Tomcat].[localhost]           : Exception Processing ErrorPage[errorCode=0, location=/error]

javax.servlet.ServletException: Circular view path [error]: would dispatch back to the current handler URL [/error] again. Check your ViewResolver setup! (Hint: This may be the result of an unspecified view, due to default view name generation.)
	at org.springframework.web.servlet.view.InternalResourceView.prepareForRendering(InternalResourceView.java:210) ~[spring-webmvc-5.2.8.RELEASE.jar:5.2.8.RELEASE]
	at org.springframework.web.servlet.view.InternalResourceView.renderMergedOutputModel(InternalResourceView.java:148) ~[spring-webmvc-5.2.8.RELEASE.jar:5.2.8.RELEASE]
	at org.springframework.web.servlet.view.AbstractView.render(AbstractView.java:316) ~[spring-webmvc-5.2.8.RELEASE.jar:5.2.8.RELEASE]
	at org.springframework.web.servlet.DispatcherServlet.render(DispatcherServlet.java:1373) ~[spring-webmvc-5.2.8.RELEASE.jar:5.2.8.RELEASE]
	at org.springframework.web.servlet.DispatcherServlet.processDispatchResult(DispatcherServlet.java:1118) ~[spring-webmvc-5.2.8.RELEASE.jar:5.2.8.RELEASE]
	at org.springframework.web.servlet.DispatcherServlet.doDispatch(DispatcherServlet.java:1057) ~[spring-webmvc-5.2.8.RELEASE.jar:5.2.8.RELEASE]
	at org.springframework.web.servlet.DispatcherServlet.doService(DispatcherServlet.java:943) ~[spring-webmvc-5.2.8.RELEASE.jar:5.2.8.RELEASE]
	at org.springframework.web.servlet.FrameworkServlet.processRequest(FrameworkServlet.java:1006) ~[spring-webmvc-5.2.8.RELEASE.jar:5.2.8.RELEASE]
	at org.springframework.web.servlet.FrameworkServlet.doGet(FrameworkServlet.java:898) ~[spring-webmvc-5.2.8.RELEASE.jar:5.2.8.RELEASE]
	at javax.servlet.http.HttpServlet.service(HttpServlet.java:626) ~[tomcat-embed-core-9.0.37.jar:4.0.FR]
	at org.springframework.web.servlet.FrameworkServlet.service(FrameworkServlet.java:883) ~[spring-webmvc-5.2.8.RELEASE.jar:5.2.8.RELEASE]
	at javax.servlet.http.HttpServlet.service(HttpServlet.java:733) ~[tomcat-embed-core-9.0.37.jar:4.0.FR]
	at org.apache.catalina.core.ApplicationFilterChain.internalDoFilter(ApplicationFilterChain.java:231) ~[tomcat-embed-core-9.0.37.jar:9.0.37]
	at org.apache.catalina.core.ApplicationFilterChain.doFilter(ApplicationFilterChain.java:166) ~[tomcat-embed-core-9.0.37.jar:9.0.37]
	at org.springframework.web.filter.RequestContextFilter.doFilterInternal(RequestContextFilter.java:100) ~[spring-web-5.2.8.RELEASE.jar:5.2.8.RELEASE]
	at org.springframework.web.filter.OncePerRequestFilter.doFilter(OncePerRequestFilter.java:119) ~[spring-web-5.2.8.RELEASE.jar:5.2.8.RELEASE]
	at org.apache.catalina.core.ApplicationFilterChain.internalDoFilter(ApplicationFilterChain.java:193) ~[tomcat-embed-core-9.0.37.jar:9.0.37]
	at org.apache.catalina.core.ApplicationFilterChain.doFilter(ApplicationFilterChain.java:166) ~[tomcat-embed-core-9.0.37.jar:9.0.37]
	at org.springframework.web.filter.OncePerRequestFilter.doFilter(OncePerRequestFilter.java:103) ~[spring-web-5.2.8.RELEASE.jar:5.2.8.RELEASE]
	at org.apache.catalina.core.ApplicationFilterChain.internalDoFilter(ApplicationFilterChain.java:193) ~[tomcat-embed-core-9.0.37.jar:9.0.37]
	at org.apache.catalina.core.ApplicationFilterChain.doFilter(ApplicationFilterChain.java:166) ~[tomcat-embed-core-9.0.37.jar:9.0.37]
	at org.springframework.web.filter.OncePerRequestFilter.doFilter(OncePerRequestFilter.java:103) ~[spring-web-5.2.8.RELEASE.jar:5.2.8.RELEASE]
	at org.apache.catalina.core.ApplicationFilterChain.internalDoFilter(ApplicationFilterChain.java:193) ~[tomcat-embed-core-9.0.37.jar:9.0.37]
	at org.apache.catalina.core.ApplicationFilterChain.doFilter(ApplicationFilterChain.java:166) ~[tomcat-embed-core-9.0.37.jar:9.0.37]
	at org.apache.catalina.core.ApplicationDispatcher.invoke(ApplicationDispatcher.java:712) ~[tomcat-embed-core-9.0.37.jar:9.0.37]
	at org.apache.catalina.core.ApplicationDispatcher.processRequest(ApplicationDispatcher.java:461) ~[tomcat-embed-core-9.0.37.jar:9.0.37]
	at org.apache.catalina.core.ApplicationDispatcher.doForward(ApplicationDispatcher.java:384) ~[tomcat-embed-core-9.0.37.jar:9.0.37]
	at org.apache.catalina.core.ApplicationDispatcher.forward(ApplicationDispatcher.java:312) ~[tomcat-embed-core-9.0.37.jar:9.0.37]
	at org.apache.catalina.core.StandardHostValve.custom(StandardHostValve.java:394) [tomcat-embed-core-9.0.37.jar:9.0.37]
	at org.apache.catalina.core.StandardHostValve.status(StandardHostValve.java:253) [tomcat-embed-core-9.0.37.jar:9.0.37]
	at org.apache.catalina.core.StandardHostValve.invoke(StandardHostValve.java:175) [tomcat-embed-core-9.0.37.jar:9.0.37]
	at org.apache.catalina.valves.ErrorReportValve.invoke(ErrorReportValve.java:92) [tomcat-embed-core-9.0.37.jar:9.0.37]
	at org.apache.catalina.core.StandardEngineValve.invoke(StandardEngineValve.java:74) [tomcat-embed-core-9.0.37.jar:9.0.37]
	at org.apache.catalina.connector.CoyoteAdapter.service(CoyoteAdapter.java:343) [tomcat-embed-core-9.0.37.jar:9.0.37]
	at org.apache.coyote.http11.Http11Processor.service(Http11Processor.java:373) [tomcat-embed-core-9.0.37.jar:9.0.37]
	at org.apache.coyote.AbstractProcessorLight.process(AbstractProcessorLight.java:65) [tomcat-embed-core-9.0.37.jar:9.0.37]
	at org.apache.coyote.AbstractProtocol$ConnectionHandler.process(AbstractProtocol.java:868) [tomcat-embed-core-9.0.37.jar:9.0.37]
	at org.apache.tomcat.util.net.NioEndpoint$SocketProcessor.doRun(NioEndpoint.java:1589) [tomcat-embed-core-9.0.37.jar:9.0.37]
	at org.apache.tomcat.util.net.SocketProcessorBase.run(SocketProcessorBase.java:49) [tomcat-embed-core-9.0.37.jar:9.0.37]
	at java.util.concurrent.ThreadPoolExecutor.runWorker(ThreadPoolExecutor.java:1149) [na:1.8.0_221]
	at java.util.concurrent.ThreadPoolExecutor$Worker.run(ThreadPoolExecutor.java:624) [na:1.8.0_221]
	at org.apache.tomcat.util.threads.TaskThread$WrappingRunnable.run(TaskThread.java:61) [tomcat-embed-core-9.0.37.jar:9.0.37]
	at java.lang.Thread.run(Thread.java:748) [na:1.8.0_221]

2020-09-15 11:42:54.918  INFO 16548 --- [http-nio-8282-exec-3] c.s.m.controller.EmployeeController      : Getting All Employees
2020-09-15 11:43:06.986  INFO 16548 --- [DiscoveryClient-CacheRefreshExecutor-0] com.netflix.discovery.DiscoveryClient    : Disable delta property : false
2020-09-15 11:43:06.987  INFO 16548 --- [DiscoveryClient-CacheRefreshExecutor-0] com.netflix.discovery.DiscoveryClient    : Single vip registry refresh property : null
2020-09-15 11:43:06.987  INFO 16548 --- [DiscoveryClient-CacheRefreshExecutor-0] com.netflix.discovery.DiscoveryClient    : Force full registry fetch : false
2020-09-15 11:43:06.987  INFO 16548 --- [DiscoveryClient-CacheRefreshExecutor-0] com.netflix.discovery.DiscoveryClient    : Application is null : false
2020-09-15 11:43:06.987  INFO 16548 --- [DiscoveryClient-CacheRefreshExecutor-0] com.netflix.discovery.DiscoveryClient    : Registered Applications size is zero : true
2020-09-15 11:43:06.987  INFO 16548 --- [DiscoveryClient-CacheRefreshExecutor-0] com.netflix.discovery.DiscoveryClient    : Application version is -1: false
2020-09-15 11:43:06.987  INFO 16548 --- [DiscoveryClient-CacheRefreshExecutor-0] com.netflix.discovery.DiscoveryClient    : Getting all instance registry info from the eureka server
2020-09-15 11:43:07.013  INFO 16548 --- [DiscoveryClient-CacheRefreshExecutor-0] com.netflix.discovery.DiscoveryClient    : The response status is 200
2020-09-15 11:44:26.736  INFO 16548 --- [RMI TCP Connection(11)-127.0.0.1] inMXBeanRegistrar$SpringApplicationAdmin : Application shutdown requested.
2020-09-15 11:44:26.737  INFO 16548 --- [RMI TCP Connection(11)-127.0.0.1] o.s.c.n.e.s.EurekaServiceRegistry        : Unregistering application EMPLOYEE-SERVICE with eureka with status DOWN
2020-09-15 11:44:26.738  WARN 16548 --- [RMI TCP Connection(11)-127.0.0.1] com.netflix.discovery.DiscoveryClient    : Saw local status change event StatusChangeEvent [timestamp=1600150466738, current=DOWN, previous=UP]
2020-09-15 11:44:26.738  INFO 16548 --- [DiscoveryClient-InstanceInfoReplicator-0] com.netflix.discovery.DiscoveryClient    : DiscoveryClient_EMPLOYEE-SERVICE/LAPTOP-JMMCFRFU:Employee-Service:8282: registering service...
2020-09-15 11:44:26.745  INFO 16548 --- [DiscoveryClient-InstanceInfoReplicator-0] com.netflix.discovery.DiscoveryClient    : DiscoveryClient_EMPLOYEE-SERVICE/LAPTOP-JMMCFRFU:Employee-Service:8282 - registration status: 204
2020-09-15 11:44:26.933  INFO 16548 --- [RMI TCP Connection(11)-127.0.0.1] o.apache.catalina.core.StandardService   : Stopping service [Tomcat]
2020-09-15 11:44:26.936  INFO 16548 --- [RMI TCP Connection(11)-127.0.0.1] o.a.c.c.C.[Tomcat].[localhost].[/]       : Destroying Spring FrameworkServlet 'dispatcherServlet'
2020-09-15 11:44:28.270  INFO 16548 --- [RMI TCP Connection(11)-127.0.0.1] j.LocalContainerEntityManagerFactoryBean : Closing JPA EntityManagerFactory for persistence unit 'default'
2020-09-15 11:44:28.273  INFO 16548 --- [RMI TCP Connection(11)-127.0.0.1] o.s.s.concurrent.ThreadPoolTaskExecutor  : Shutting down ExecutorService 'applicationTaskExecutor'
2020-09-15 11:44:28.275  INFO 16548 --- [RMI TCP Connection(11)-127.0.0.1] com.zaxxer.hikari.HikariDataSource       : HikariPool-1 - Shutdown initiated...
2020-09-15 11:44:28.288  INFO 16548 --- [RMI TCP Connection(11)-127.0.0.1] com.zaxxer.hikari.HikariDataSource       : HikariPool-1 - Shutdown completed.
2020-09-15 11:44:28.289  INFO 16548 --- [RMI TCP Connection(11)-127.0.0.1] com.netflix.discovery.DiscoveryClient    : Shutting down DiscoveryClient ...
2020-09-15 11:44:31.292  INFO 16548 --- [RMI TCP Connection(11)-127.0.0.1] com.netflix.discovery.DiscoveryClient    : Unregistering ...
2020-09-15 11:44:31.300  INFO 16548 --- [RMI TCP Connection(11)-127.0.0.1] com.netflix.discovery.DiscoveryClient    : DiscoveryClient_EMPLOYEE-SERVICE/LAPTOP-JMMCFRFU:Employee-Service:8282 - deregister  status: 200
2020-09-15 11:44:31.409  INFO 16548 --- [RMI TCP Connection(11)-127.0.0.1] com.netflix.discovery.DiscoveryClient    : Completed shut down of DiscoveryClient
2020-09-15 12:01:10.332  INFO 14356 --- [restartedMain] c.c.c.ConfigServicePropertySourceLocator : Fetching config from server at : http://localhost:8888
2020-09-15 12:01:12.711  INFO 14356 --- [restartedMain] c.c.c.ConfigServicePropertySourceLocator : Located environment: name=Employee-Service, profiles=[default], label=null, version=f800e0225b75a3f1f536beb4e7c40c35f98a7045, state=null
2020-09-15 12:01:12.714  INFO 14356 --- [restartedMain] b.c.PropertySourceBootstrapConfiguration : Located property source: [BootstrapPropertySource {name='bootstrapProperties-configClient'}, BootstrapPropertySource {name='bootstrapProperties-https://github.com/trainig2020/yaswanthgitrepo/application.properties'}, BootstrapPropertySource {name='bootstrapProperties-https://github.com/trainig2020/yaswanthgitrepo/application.yml'}]
2020-09-15 12:01:12.855  INFO 14356 --- [restartedMain] c.s.m.EmployeeServiceApplication         : No active profile set, falling back to default profiles: default
2020-09-15 12:01:14.385  INFO 14356 --- [restartedMain] .s.d.r.c.RepositoryConfigurationDelegate : Bootstrapping Spring Data JPA repositories in DEFERRED mode.
2020-09-15 12:01:14.763  INFO 14356 --- [restartedMain] .s.d.r.c.RepositoryConfigurationDelegate : Finished Spring Data repository scanning in 362ms. Found 1 JPA repository interfaces.
2020-09-15 12:01:15.359  INFO 14356 --- [restartedMain] o.s.cloud.context.scope.GenericScope     : BeanFactory id=69f01912-ef45-3da0-b5a6-5f1460346c0a
2020-09-15 12:01:17.417  INFO 14356 --- [restartedMain] o.s.b.w.embedded.tomcat.TomcatWebServer  : Tomcat initialized with port(s): 8282 (http)
2020-09-15 12:01:17.455  INFO 14356 --- [restartedMain] o.apache.catalina.core.StandardService   : Starting service [Tomcat]
2020-09-15 12:01:17.457  INFO 14356 --- [restartedMain] org.apache.catalina.core.StandardEngine  : Starting Servlet engine: [Apache Tomcat/9.0.37]
2020-09-15 12:01:17.792  INFO 14356 --- [restartedMain] o.a.c.c.C.[Tomcat].[localhost].[/]       : Initializing Spring embedded WebApplicationContext
2020-09-15 12:01:17.793  INFO 14356 --- [restartedMain] w.s.c.ServletWebServerApplicationContext : Root WebApplicationContext: initialization completed in 4910 ms
2020-09-15 12:01:18.207  INFO 14356 --- [restartedMain] o.s.s.concurrent.ThreadPoolTaskExecutor  : Initializing ExecutorService 'applicationTaskExecutor'
2020-09-15 12:01:18.886  INFO 14356 --- [task-1] com.zaxxer.hikari.HikariDataSource       : HikariPool-1 - Starting...
2020-09-15 12:01:19.568  INFO 14356 --- [task-1] com.zaxxer.hikari.HikariDataSource       : HikariPool-1 - Start completed.
2020-09-15 12:01:20.815  INFO 14356 --- [task-1] j.LocalContainerEntityManagerFactoryBean : Initialized JPA EntityManagerFactory for persistence unit 'default'
2020-09-15 12:01:21.093  WARN 14356 --- [task-2] o.s.b.d.a.OptionalLiveReloadServer       : Unable to start LiveReload server
2020-09-15 12:01:21.502  WARN 14356 --- [restartedMain] c.n.c.sources.URLConfigurationSource     : No URLs will be polled as dynamic configuration sources.
2020-09-15 12:01:21.503  INFO 14356 --- [restartedMain] c.n.c.sources.URLConfigurationSource     : To enable URLs as dynamic configuration sources, define System property archaius.configurationSource.additionalUrls or make config.properties available on classpath.
2020-09-15 12:01:21.513  WARN 14356 --- [restartedMain] c.n.c.sources.URLConfigurationSource     : No URLs will be polled as dynamic configuration sources.
2020-09-15 12:01:21.513  INFO 14356 --- [restartedMain] c.n.c.sources.URLConfigurationSource     : To enable URLs as dynamic configuration sources, define System property archaius.configurationSource.additionalUrls or make config.properties available on classpath.
2020-09-15 12:01:21.649  WARN 14356 --- [restartedMain] JpaBaseConfiguration$JpaWebConfiguration : spring.jpa.open-in-view is enabled by default. Therefore, database queries may be performed during view rendering. Explicitly configure spring.jpa.open-in-view to disable this warning
2020-09-15 12:01:24.223  WARN 14356 --- [restartedMain] ockingLoadBalancerClientRibbonWarnLogger : You already have RibbonLoadBalancerClient on your classpath. It will be used by default. As Spring Cloud Ribbon is in maintenance mode. We recommend switching to BlockingLoadBalancerClient instead. In order to use it, set the value of `spring.cloud.loadbalancer.ribbon.enabled` to `false` or remove spring-cloud-starter-netflix-ribbon from your project.
2020-09-15 12:01:24.411  INFO 14356 --- [restartedMain] o.s.c.n.eureka.InstanceInfoFactory       : Setting initial instance status as: STARTING
2020-09-15 12:01:24.509  INFO 14356 --- [restartedMain] com.netflix.discovery.DiscoveryClient    : Initializing Eureka in region us-east-1
2020-09-15 12:01:24.618  INFO 14356 --- [restartedMain] c.n.d.provider.DiscoveryJerseyProvider   : Using JSON encoding codec LegacyJacksonJson
2020-09-15 12:01:24.618  INFO 14356 --- [restartedMain] c.n.d.provider.DiscoveryJerseyProvider   : Using JSON decoding codec LegacyJacksonJson
2020-09-15 12:01:25.048  INFO 14356 --- [restartedMain] c.n.d.provider.DiscoveryJerseyProvider   : Using XML encoding codec XStreamXml
2020-09-15 12:01:25.048  INFO 14356 --- [restartedMain] c.n.d.provider.DiscoveryJerseyProvider   : Using XML decoding codec XStreamXml
2020-09-15 12:01:25.329  INFO 14356 --- [restartedMain] c.n.d.s.r.aws.ConfigClusterResolver      : Resolving eureka endpoints via configuration
2020-09-15 12:01:25.591  INFO 14356 --- [restartedMain] com.netflix.discovery.DiscoveryClient    : Disable delta property : false
2020-09-15 12:01:25.593  INFO 14356 --- [restartedMain] com.netflix.discovery.DiscoveryClient    : Single vip registry refresh property : null
2020-09-15 12:01:25.595  INFO 14356 --- [restartedMain] com.netflix.discovery.DiscoveryClient    : Force full registry fetch : false
2020-09-15 12:01:25.596  INFO 14356 --- [restartedMain] com.netflix.discovery.DiscoveryClient    : Application is null : false
2020-09-15 12:01:25.598  INFO 14356 --- [restartedMain] com.netflix.discovery.DiscoveryClient    : Registered Applications size is zero : true
2020-09-15 12:01:25.599  INFO 14356 --- [restartedMain] com.netflix.discovery.DiscoveryClient    : Application version is -1: true
2020-09-15 12:01:25.601  INFO 14356 --- [restartedMain] com.netflix.discovery.DiscoveryClient    : Getting all instance registry info from the eureka server
2020-09-15 12:01:25.795  INFO 14356 --- [restartedMain] com.netflix.discovery.DiscoveryClient    : The response status is 200
2020-09-15 12:01:25.800  INFO 14356 --- [restartedMain] com.netflix.discovery.DiscoveryClient    : Starting heartbeat executor: renew interval is: 30
2020-09-15 12:01:25.804  INFO 14356 --- [restartedMain] c.n.discovery.InstanceInfoReplicator     : InstanceInfoReplicator onDemand update allowed rate per min is 4
2020-09-15 12:01:25.810  INFO 14356 --- [restartedMain] com.netflix.discovery.DiscoveryClient    : Discovery Client initialized at timestamp 1600151485808 with initial instances count: 1
2020-09-15 12:01:25.819  INFO 14356 --- [restartedMain] o.s.c.n.e.s.EurekaServiceRegistry        : Registering application EMPLOYEE-SERVICE with eureka with status UP
2020-09-15 12:01:25.820  INFO 14356 --- [restartedMain] com.netflix.discovery.DiscoveryClient    : Saw local status change event StatusChangeEvent [timestamp=1600151485820, current=UP, previous=STARTING]
2020-09-15 12:01:25.823  INFO 14356 --- [DiscoveryClient-InstanceInfoReplicator-0] com.netflix.discovery.DiscoveryClient    : DiscoveryClient_EMPLOYEE-SERVICE/LAPTOP-JMMCFRFU:Employee-Service:8282: registering service...
2020-09-15 12:01:25.872  INFO 14356 --- [DiscoveryClient-InstanceInfoReplicator-0] com.netflix.discovery.DiscoveryClient    : DiscoveryClient_EMPLOYEE-SERVICE/LAPTOP-JMMCFRFU:Employee-Service:8282 - registration status: 204
2020-09-15 12:01:25.882  INFO 14356 --- [restartedMain] o.s.b.w.embedded.tomcat.TomcatWebServer  : Tomcat started on port(s): 8282 (http) with context path ''
2020-09-15 12:01:25.884  INFO 14356 --- [restartedMain] .s.c.n.e.s.EurekaAutoServiceRegistration : Updating port to 8282
2020-09-15 12:01:26.221  INFO 14356 --- [restartedMain] DeferredRepositoryInitializationListener : Triggering deferred initialization of Spring Data repositories…
2020-09-15 12:01:26.353  INFO 14356 --- [restartedMain] DeferredRepositoryInitializationListener : Spring Data repositories initialized!
2020-09-15 12:01:26.366  INFO 14356 --- [restartedMain] c.s.m.EmployeeServiceApplication         : Started EmployeeServiceApplication in 18.098 seconds (JVM running for 19.137)
2020-09-15 12:03:15.870  INFO 14356 --- [http-nio-8282-exec-1] o.a.c.c.C.[Tomcat].[localhost].[/]       : Initializing Spring DispatcherServlet 'dispatcherServlet'
2020-09-15 12:03:15.871  INFO 14356 --- [http-nio-8282-exec-1] o.s.web.servlet.DispatcherServlet        : Initializing Servlet 'dispatcherServlet'
2020-09-15 12:03:15.919  INFO 14356 --- [http-nio-8282-exec-1] o.s.web.servlet.DispatcherServlet        : Completed initialization in 48 ms
2020-09-15 12:03:16.395  INFO 14356 --- [http-nio-8282-exec-1] c.s.m.controller.EmployeeController      : Getting All Employees
2020-09-15 12:03:19.535  INFO 14356 --- [http-nio-8282-exec-2] c.s.m.controller.EmployeeController      : Getting All Employees
2020-09-15 12:03:45.275  INFO 14356 --- [http-nio-8282-exec-3] c.s.m.controller.EmployeeController      : Adding an employee to the database
2020-09-15 12:03:45.927  INFO 14356 --- [http-nio-8282-exec-4] c.s.m.controller.EmployeeController      : Getting All Employees
2020-09-15 12:06:25.604  INFO 14356 --- [AsyncResolver-bootstrap-executor-0] c.n.d.s.r.aws.ConfigClusterResolver      : Resolving eureka endpoints via configuration
2020-09-15 12:11:25.606  INFO 14356 --- [AsyncResolver-bootstrap-executor-0] c.n.d.s.r.aws.ConfigClusterResolver      : Resolving eureka endpoints via configuration
2020-09-15 12:16:25.608  INFO 14356 --- [AsyncResolver-bootstrap-executor-0] c.n.d.s.r.aws.ConfigClusterResolver      : Resolving eureka endpoints via configuration
2020-09-15 12:21:25.610  INFO 14356 --- [AsyncResolver-bootstrap-executor-0] c.n.d.s.r.aws.ConfigClusterResolver      : Resolving eureka endpoints via configuration
2020-09-15 12:26:25.612  INFO 14356 --- [AsyncResolver-bootstrap-executor-0] c.n.d.s.r.aws.ConfigClusterResolver      : Resolving eureka endpoints via configuration
2020-09-15 12:31:25.613  INFO 14356 --- [AsyncResolver-bootstrap-executor-0] c.n.d.s.r.aws.ConfigClusterResolver      : Resolving eureka endpoints via configuration
2020-09-15 12:36:25.614  INFO 14356 --- [AsyncResolver-bootstrap-executor-0] c.n.d.s.r.aws.ConfigClusterResolver      : Resolving eureka endpoints via configuration
2020-09-15 12:41:25.619  INFO 14356 --- [AsyncResolver-bootstrap-executor-0] c.n.d.s.r.aws.ConfigClusterResolver      : Resolving eureka endpoints via configuration
2020-09-15 12:46:25.623  INFO 14356 --- [AsyncResolver-bootstrap-executor-0] c.n.d.s.r.aws.ConfigClusterResolver      : Resolving eureka endpoints via configuration
2020-09-15 12:51:25.626  INFO 14356 --- [AsyncResolver-bootstrap-executor-0] c.n.d.s.r.aws.ConfigClusterResolver      : Resolving eureka endpoints via configuration
2020-09-15 12:56:25.630  INFO 14356 --- [AsyncResolver-bootstrap-executor-0] c.n.d.s.r.aws.ConfigClusterResolver      : Resolving eureka endpoints via configuration
2020-09-15 13:01:25.634  INFO 14356 --- [AsyncResolver-bootstrap-executor-0] c.n.d.s.r.aws.ConfigClusterResolver      : Resolving eureka endpoints via configuration
2020-09-15 13:06:25.636  INFO 14356 --- [AsyncResolver-bootstrap-executor-0] c.n.d.s.r.aws.ConfigClusterResolver      : Resolving eureka endpoints via configuration
2020-09-15 13:50:08.178  WARN 14356 --- [HikariPool-1 housekeeper] com.zaxxer.hikari.pool.HikariPool        : HikariPool-1 - Thread starvation or clock leap detected (housekeeper delta=42m18s354ms681µs900ns).
2020-09-15 13:53:13.983  INFO 14356 --- [AsyncResolver-bootstrap-executor-0] c.n.d.s.r.aws.ConfigClusterResolver      : Resolving eureka endpoints via configuration
2020-09-15 13:58:13.985  INFO 14356 --- [AsyncResolver-bootstrap-executor-0] c.n.d.s.r.aws.ConfigClusterResolver      : Resolving eureka endpoints via configuration
2020-09-15 14:03:13.986  INFO 14356 --- [AsyncResolver-bootstrap-executor-0] c.n.d.s.r.aws.ConfigClusterResolver      : Resolving eureka endpoints via configuration
2020-09-15 14:08:13.987  INFO 14356 --- [AsyncResolver-bootstrap-executor-0] c.n.d.s.r.aws.ConfigClusterResolver      : Resolving eureka endpoints via configuration
2020-09-15 14:12:10.695  INFO 18272 --- [restartedMain] c.c.c.ConfigServicePropertySourceLocator : Fetching config from server at : http://localhost:8888
2020-09-15 14:12:12.294  INFO 18272 --- [restartedMain] c.c.c.ConfigServicePropertySourceLocator : Located environment: name=Employee-Service, profiles=[default], label=null, version=f800e0225b75a3f1f536beb4e7c40c35f98a7045, state=null
2020-09-15 14:12:12.296  INFO 18272 --- [restartedMain] b.c.PropertySourceBootstrapConfiguration : Located property source: [BootstrapPropertySource {name='bootstrapProperties-configClient'}, BootstrapPropertySource {name='bootstrapProperties-https://github.com/trainig2020/yaswanthgitrepo/application.properties'}, BootstrapPropertySource {name='bootstrapProperties-https://github.com/trainig2020/yaswanthgitrepo/application.yml'}]
2020-09-15 14:12:12.451  INFO 18272 --- [restartedMain] c.s.m.EmployeeServiceApplication         : No active profile set, falling back to default profiles: default
2020-09-15 14:12:13.640  INFO 18272 --- [restartedMain] .s.d.r.c.RepositoryConfigurationDelegate : Bootstrapping Spring Data JPA repositories in DEFERRED mode.
2020-09-15 14:12:13.922  INFO 18272 --- [restartedMain] .s.d.r.c.RepositoryConfigurationDelegate : Finished Spring Data repository scanning in 266ms. Found 1 JPA repository interfaces.
2020-09-15 14:12:14.447  INFO 18272 --- [restartedMain] o.s.cloud.context.scope.GenericScope     : BeanFactory id=69f01912-ef45-3da0-b5a6-5f1460346c0a
2020-09-15 14:12:16.034  INFO 18272 --- [restartedMain] o.s.b.w.embedded.tomcat.TomcatWebServer  : Tomcat initialized with port(s): 8282 (http)
2020-09-15 14:12:16.051  INFO 18272 --- [restartedMain] o.apache.catalina.core.StandardService   : Starting service [Tomcat]
2020-09-15 14:12:16.052  INFO 18272 --- [restartedMain] org.apache.catalina.core.StandardEngine  : Starting Servlet engine: [Apache Tomcat/9.0.37]
2020-09-15 14:12:16.257  INFO 18272 --- [restartedMain] o.a.c.c.C.[Tomcat].[localhost].[/]       : Initializing Spring embedded WebApplicationContext
2020-09-15 14:12:16.258  INFO 18272 --- [restartedMain] w.s.c.ServletWebServerApplicationContext : Root WebApplicationContext: initialization completed in 3775 ms
2020-09-15 14:12:16.680  INFO 18272 --- [restartedMain] o.s.s.concurrent.ThreadPoolTaskExecutor  : Initializing ExecutorService 'applicationTaskExecutor'
2020-09-15 14:12:17.404  INFO 18272 --- [task-1] com.zaxxer.hikari.HikariDataSource       : HikariPool-1 - Starting...
2020-09-15 14:12:18.151  INFO 18272 --- [task-1] com.zaxxer.hikari.HikariDataSource       : HikariPool-1 - Start completed.
2020-09-15 14:12:19.843  INFO 18272 --- [task-1] j.LocalContainerEntityManagerFactoryBean : Initialized JPA EntityManagerFactory for persistence unit 'default'
2020-09-15 14:12:20.109  WARN 18272 --- [task-2] o.s.b.d.a.OptionalLiveReloadServer       : Unable to start LiveReload server
2020-09-15 14:12:20.491  WARN 18272 --- [restartedMain] c.n.c.sources.URLConfigurationSource     : No URLs will be polled as dynamic configuration sources.
2020-09-15 14:12:20.492  INFO 18272 --- [restartedMain] c.n.c.sources.URLConfigurationSource     : To enable URLs as dynamic configuration sources, define System property archaius.configurationSource.additionalUrls or make config.properties available on classpath.
2020-09-15 14:12:20.502  WARN 18272 --- [restartedMain] c.n.c.sources.URLConfigurationSource     : No URLs will be polled as dynamic configuration sources.
2020-09-15 14:12:20.502  INFO 18272 --- [restartedMain] c.n.c.sources.URLConfigurationSource     : To enable URLs as dynamic configuration sources, define System property archaius.configurationSource.additionalUrls or make config.properties available on classpath.
2020-09-15 14:12:20.646  WARN 18272 --- [restartedMain] JpaBaseConfiguration$JpaWebConfiguration : spring.jpa.open-in-view is enabled by default. Therefore, database queries may be performed during view rendering. Explicitly configure spring.jpa.open-in-view to disable this warning
2020-09-15 14:12:22.580  WARN 18272 --- [restartedMain] ockingLoadBalancerClientRibbonWarnLogger : You already have RibbonLoadBalancerClient on your classpath. It will be used by default. As Spring Cloud Ribbon is in maintenance mode. We recommend switching to BlockingLoadBalancerClient instead. In order to use it, set the value of `spring.cloud.loadbalancer.ribbon.enabled` to `false` or remove spring-cloud-starter-netflix-ribbon from your project.
2020-09-15 14:12:22.791  INFO 18272 --- [restartedMain] o.s.c.n.eureka.InstanceInfoFactory       : Setting initial instance status as: STARTING
2020-09-15 14:12:22.890  INFO 18272 --- [restartedMain] com.netflix.discovery.DiscoveryClient    : Initializing Eureka in region us-east-1
2020-09-15 14:12:22.995  INFO 18272 --- [restartedMain] c.n.d.provider.DiscoveryJerseyProvider   : Using JSON encoding codec LegacyJacksonJson
2020-09-15 14:12:22.995  INFO 18272 --- [restartedMain] c.n.d.provider.DiscoveryJerseyProvider   : Using JSON decoding codec LegacyJacksonJson
2020-09-15 14:12:23.199  INFO 18272 --- [restartedMain] c.n.d.provider.DiscoveryJerseyProvider   : Using XML encoding codec XStreamXml
2020-09-15 14:12:23.199  INFO 18272 --- [restartedMain] c.n.d.provider.DiscoveryJerseyProvider   : Using XML decoding codec XStreamXml
2020-09-15 14:12:23.425  INFO 18272 --- [restartedMain] c.n.d.s.r.aws.ConfigClusterResolver      : Resolving eureka endpoints via configuration
2020-09-15 14:12:23.781  INFO 18272 --- [restartedMain] com.netflix.discovery.DiscoveryClient    : Disable delta property : false
2020-09-15 14:12:23.783  INFO 18272 --- [restartedMain] com.netflix.discovery.DiscoveryClient    : Single vip registry refresh property : null
2020-09-15 14:12:23.783  INFO 18272 --- [restartedMain] com.netflix.discovery.DiscoveryClient    : Force full registry fetch : false
2020-09-15 14:12:23.784  INFO 18272 --- [restartedMain] com.netflix.discovery.DiscoveryClient    : Application is null : false
2020-09-15 14:12:23.787  INFO 18272 --- [restartedMain] com.netflix.discovery.DiscoveryClient    : Registered Applications size is zero : true
2020-09-15 14:12:23.788  INFO 18272 --- [restartedMain] com.netflix.discovery.DiscoveryClient    : Application version is -1: true
2020-09-15 14:12:23.790  INFO 18272 --- [restartedMain] com.netflix.discovery.DiscoveryClient    : Getting all instance registry info from the eureka server
2020-09-15 14:12:24.016  INFO 18272 --- [restartedMain] com.netflix.discovery.DiscoveryClient    : The response status is 200
2020-09-15 14:12:24.024  INFO 18272 --- [restartedMain] com.netflix.discovery.DiscoveryClient    : Starting heartbeat executor: renew interval is: 30
2020-09-15 14:12:24.031  INFO 18272 --- [restartedMain] c.n.discovery.InstanceInfoReplicator     : InstanceInfoReplicator onDemand update allowed rate per min is 4
2020-09-15 14:12:24.045  INFO 18272 --- [restartedMain] com.netflix.discovery.DiscoveryClient    : Discovery Client initialized at timestamp 1600159344042 with initial instances count: 1
2020-09-15 14:12:24.065  INFO 18272 --- [restartedMain] o.s.c.n.e.s.EurekaServiceRegistry        : Registering application EMPLOYEE-SERVICE with eureka with status UP
2020-09-15 14:12:24.070  INFO 18272 --- [restartedMain] com.netflix.discovery.DiscoveryClient    : Saw local status change event StatusChangeEvent [timestamp=1600159344070, current=UP, previous=STARTING]
2020-09-15 14:12:24.074  INFO 18272 --- [DiscoveryClient-InstanceInfoReplicator-0] com.netflix.discovery.DiscoveryClient    : DiscoveryClient_EMPLOYEE-SERVICE/LAPTOP-JMMCFRFU:Employee-Service:8282: registering service...
2020-09-15 14:12:24.139  INFO 18272 --- [DiscoveryClient-InstanceInfoReplicator-0] com.netflix.discovery.DiscoveryClient    : DiscoveryClient_EMPLOYEE-SERVICE/LAPTOP-JMMCFRFU:Employee-Service:8282 - registration status: 204
2020-09-15 14:12:24.151  INFO 18272 --- [restartedMain] o.s.b.w.embedded.tomcat.TomcatWebServer  : Tomcat started on port(s): 8282 (http) with context path ''
2020-09-15 14:12:24.155  INFO 18272 --- [restartedMain] .s.c.n.e.s.EurekaAutoServiceRegistration : Updating port to 8282
2020-09-15 14:12:24.857  INFO 18272 --- [restartedMain] DeferredRepositoryInitializationListener : Triggering deferred initialization of Spring Data repositories…
2020-09-15 14:12:24.978  INFO 18272 --- [restartedMain] DeferredRepositoryInitializationListener : Spring Data repositories initialized!
2020-09-15 14:12:24.990  INFO 18272 --- [restartedMain] c.s.m.EmployeeServiceApplication         : Started EmployeeServiceApplication in 16.487 seconds (JVM running for 17.454)
2020-09-15 14:17:23.795  INFO 18272 --- [AsyncResolver-bootstrap-executor-0] c.n.d.s.r.aws.ConfigClusterResolver      : Resolving eureka endpoints via configuration
2020-09-15 14:22:23.797  INFO 18272 --- [AsyncResolver-bootstrap-executor-0] c.n.d.s.r.aws.ConfigClusterResolver      : Resolving eureka endpoints via configuration
2020-09-15 14:27:23.799  INFO 18272 --- [AsyncResolver-bootstrap-executor-0] c.n.d.s.r.aws.ConfigClusterResolver      : Resolving eureka endpoints via configuration
2020-09-15 14:32:23.800  INFO 18272 --- [AsyncResolver-bootstrap-executor-0] c.n.d.s.r.aws.ConfigClusterResolver      : Resolving eureka endpoints via configuration
2020-09-15 14:37:23.802  INFO 18272 --- [AsyncResolver-bootstrap-executor-0] c.n.d.s.r.aws.ConfigClusterResolver      : Resolving eureka endpoints via configuration
2020-09-15 14:42:23.803  INFO 18272 --- [AsyncResolver-bootstrap-executor-0] c.n.d.s.r.aws.ConfigClusterResolver      : Resolving eureka endpoints via configuration
2020-09-15 14:47:23.805  INFO 18272 --- [AsyncResolver-bootstrap-executor-0] c.n.d.s.r.aws.ConfigClusterResolver      : Resolving eureka endpoints via configuration
2020-09-15 14:52:23.807  INFO 18272 --- [AsyncResolver-bootstrap-executor-0] c.n.d.s.r.aws.ConfigClusterResolver      : Resolving eureka endpoints via configuration
2020-09-15 14:57:23.808  INFO 18272 --- [AsyncResolver-bootstrap-executor-0] c.n.d.s.r.aws.ConfigClusterResolver      : Resolving eureka endpoints via configuration
2020-09-15 14:59:57.391  INFO 18272 --- [http-nio-8282-exec-1] o.a.c.c.C.[Tomcat].[localhost].[/]       : Initializing Spring DispatcherServlet 'dispatcherServlet'
2020-09-15 14:59:57.394  INFO 18272 --- [http-nio-8282-exec-1] o.s.web.servlet.DispatcherServlet        : Initializing Servlet 'dispatcherServlet'
2020-09-15 14:59:57.654  INFO 18272 --- [http-nio-8282-exec-1] o.s.web.servlet.DispatcherServlet        : Completed initialization in 260 ms
2020-09-15 14:59:58.406  INFO 18272 --- [http-nio-8282-exec-1] c.s.m.controller.EmployeeController      : Getting All Employees
2020-09-15 15:00:18.876  INFO 18272 --- [http-nio-8282-exec-2] c.s.m.controller.EmployeeController      : Adding an employee to the database
2020-09-15 15:00:19.584  INFO 18272 --- [http-nio-8282-exec-3] c.s.m.controller.EmployeeController      : Getting All Employees
2020-09-15 15:02:23.815  INFO 18272 --- [AsyncResolver-bootstrap-executor-0] c.n.d.s.r.aws.ConfigClusterResolver      : Resolving eureka endpoints via configuration
2020-09-15 15:07:23.818  INFO 18272 --- [AsyncResolver-bootstrap-executor-0] c.n.d.s.r.aws.ConfigClusterResolver      : Resolving eureka endpoints via configuration
2020-09-15 15:12:23.819  INFO 18272 --- [AsyncResolver-bootstrap-executor-0] c.n.d.s.r.aws.ConfigClusterResolver      : Resolving eureka endpoints via configuration
2020-09-15 15:17:23.821  INFO 18272 --- [AsyncResolver-bootstrap-executor-0] c.n.d.s.r.aws.ConfigClusterResolver      : Resolving eureka endpoints via configuration
2020-09-15 15:22:23.825  INFO 18272 --- [AsyncResolver-bootstrap-executor-0] c.n.d.s.r.aws.ConfigClusterResolver      : Resolving eureka endpoints via configuration
2020-09-15 15:27:23.828  INFO 18272 --- [AsyncResolver-bootstrap-executor-0] c.n.d.s.r.aws.ConfigClusterResolver      : Resolving eureka endpoints via configuration
2020-09-15 15:32:23.829  INFO 18272 --- [AsyncResolver-bootstrap-executor-0] c.n.d.s.r.aws.ConfigClusterResolver      : Resolving eureka endpoints via configuration
2020-09-15 15:37:23.832  INFO 18272 --- [AsyncResolver-bootstrap-executor-0] c.n.d.s.r.aws.ConfigClusterResolver      : Resolving eureka endpoints via configuration
2020-09-15 15:42:23.833  INFO 18272 --- [AsyncResolver-bootstrap-executor-0] c.n.d.s.r.aws.ConfigClusterResolver      : Resolving eureka endpoints via configuration
2020-09-15 15:47:23.835  INFO 18272 --- [AsyncResolver-bootstrap-executor-0] c.n.d.s.r.aws.ConfigClusterResolver      : Resolving eureka endpoints via configuration
2020-09-15 15:52:23.837  INFO 18272 --- [AsyncResolver-bootstrap-executor-0] c.n.d.s.r.aws.ConfigClusterResolver      : Resolving eureka endpoints via configuration
2020-09-15 15:57:23.838  INFO 18272 --- [AsyncResolver-bootstrap-executor-0] c.n.d.s.r.aws.ConfigClusterResolver      : Resolving eureka endpoints via configuration
2020-09-15 16:02:23.839  INFO 18272 --- [AsyncResolver-bootstrap-executor-0] c.n.d.s.r.aws.ConfigClusterResolver      : Resolving eureka endpoints via configuration
2020-09-15 16:07:23.841  INFO 18272 --- [AsyncResolver-bootstrap-executor-0] c.n.d.s.r.aws.ConfigClusterResolver      : Resolving eureka endpoints via configuration
2020-09-15 16:12:23.842  INFO 18272 --- [AsyncResolver-bootstrap-executor-0] c.n.d.s.r.aws.ConfigClusterResolver      : Resolving eureka endpoints via configuration
2020-09-15 16:17:23.844  INFO 18272 --- [AsyncResolver-bootstrap-executor-0] c.n.d.s.r.aws.ConfigClusterResolver      : Resolving eureka endpoints via configuration
2020-09-15 16:22:23.846  INFO 18272 --- [AsyncResolver-bootstrap-executor-0] c.n.d.s.r.aws.ConfigClusterResolver      : Resolving eureka endpoints via configuration
2020-09-15 16:27:23.847  INFO 18272 --- [AsyncResolver-bootstrap-executor-0] c.n.d.s.r.aws.ConfigClusterResolver      : Resolving eureka endpoints via configuration
2020-09-15 16:32:23.848  INFO 18272 --- [AsyncResolver-bootstrap-executor-0] c.n.d.s.r.aws.ConfigClusterResolver      : Resolving eureka endpoints via configuration
2020-09-15 16:37:23.849  INFO 18272 --- [AsyncResolver-bootstrap-executor-0] c.n.d.s.r.aws.ConfigClusterResolver      : Resolving eureka endpoints via configuration
2020-09-15 16:42:23.850  INFO 18272 --- [AsyncResolver-bootstrap-executor-0] c.n.d.s.r.aws.ConfigClusterResolver      : Resolving eureka endpoints via configuration
2020-09-15 16:47:23.851  INFO 18272 --- [AsyncResolver-bootstrap-executor-0] c.n.d.s.r.aws.ConfigClusterResolver      : Resolving eureka endpoints via configuration
2020-09-15 16:52:23.852  INFO 18272 --- [AsyncResolver-bootstrap-executor-0] c.n.d.s.r.aws.ConfigClusterResolver      : Resolving eureka endpoints via configuration
2020-09-15 16:57:23.853  INFO 18272 --- [AsyncResolver-bootstrap-executor-0] c.n.d.s.r.aws.ConfigClusterResolver      : Resolving eureka endpoints via configuration
2020-09-15 17:02:23.855  INFO 18272 --- [AsyncResolver-bootstrap-executor-0] c.n.d.s.r.aws.ConfigClusterResolver      : Resolving eureka endpoints via configuration
2020-09-15 17:07:23.857  INFO 18272 --- [AsyncResolver-bootstrap-executor-0] c.n.d.s.r.aws.ConfigClusterResolver      : Resolving eureka endpoints via configuration
2020-09-15 17:12:23.857  INFO 18272 --- [AsyncResolver-bootstrap-executor-0] c.n.d.s.r.aws.ConfigClusterResolver      : Resolving eureka endpoints via configuration
2020-09-15 17:17:23.858  INFO 18272 --- [AsyncResolver-bootstrap-executor-0] c.n.d.s.r.aws.ConfigClusterResolver      : Resolving eureka endpoints via configuration
2020-09-15 17:22:23.860  INFO 18272 --- [AsyncResolver-bootstrap-executor-0] c.n.d.s.r.aws.ConfigClusterResolver      : Resolving eureka endpoints via configuration
2020-09-15 17:27:23.861  INFO 18272 --- [AsyncResolver-bootstrap-executor-0] c.n.d.s.r.aws.ConfigClusterResolver      : Resolving eureka endpoints via configuration
2020-09-15 17:32:23.862  INFO 18272 --- [AsyncResolver-bootstrap-executor-0] c.n.d.s.r.aws.ConfigClusterResolver      : Resolving eureka endpoints via configuration
2020-09-15 17:37:23.864  INFO 18272 --- [AsyncResolver-bootstrap-executor-0] c.n.d.s.r.aws.ConfigClusterResolver      : Resolving eureka endpoints via configuration
2020-09-15 17:42:23.866  INFO 18272 --- [AsyncResolver-bootstrap-executor-0] c.n.d.s.r.aws.ConfigClusterResolver      : Resolving eureka endpoints via configuration
2020-09-15 17:47:23.868  INFO 18272 --- [AsyncResolver-bootstrap-executor-0] c.n.d.s.r.aws.ConfigClusterResolver      : Resolving eureka endpoints via configuration
2020-09-15 17:52:23.859  INFO 18272 --- [AsyncResolver-bootstrap-executor-0] c.n.d.s.r.aws.ConfigClusterResolver      : Resolving eureka endpoints via configuration
2020-09-15 17:57:23.826  INFO 18272 --- [AsyncResolver-bootstrap-executor-0] c.n.d.s.r.aws.ConfigClusterResolver      : Resolving eureka endpoints via configuration
2020-09-15 18:02:23.791  INFO 18272 --- [AsyncResolver-bootstrap-executor-0] c.n.d.s.r.aws.ConfigClusterResolver      : Resolving eureka endpoints via configuration
2020-09-15 18:07:23.757  INFO 18272 --- [AsyncResolver-bootstrap-executor-0] c.n.d.s.r.aws.ConfigClusterResolver      : Resolving eureka endpoints via configuration
2020-09-15 18:12:23.732  INFO 18272 --- [AsyncResolver-bootstrap-executor-0] c.n.d.s.r.aws.ConfigClusterResolver      : Resolving eureka endpoints via configuration
2020-09-15 18:17:23.708  INFO 18272 --- [AsyncResolver-bootstrap-executor-0] c.n.d.s.r.aws.ConfigClusterResolver      : Resolving eureka endpoints via configuration
2020-09-15 18:22:23.685  INFO 18272 --- [AsyncResolver-bootstrap-executor-0] c.n.d.s.r.aws.ConfigClusterResolver      : Resolving eureka endpoints via configuration
2020-09-15 18:27:23.665  INFO 18272 --- [AsyncResolver-bootstrap-executor-0] c.n.d.s.r.aws.ConfigClusterResolver      : Resolving eureka endpoints via configuration
2020-09-15 18:32:23.648  INFO 18272 --- [AsyncResolver-bootstrap-executor-0] c.n.d.s.r.aws.ConfigClusterResolver      : Resolving eureka endpoints via configuration
2020-09-15 18:37:23.632  INFO 18272 --- [AsyncResolver-bootstrap-executor-0] c.n.d.s.r.aws.ConfigClusterResolver      : Resolving eureka endpoints via configuration
2020-09-15 18:42:23.616  INFO 18272 --- [AsyncResolver-bootstrap-executor-0] c.n.d.s.r.aws.ConfigClusterResolver      : Resolving eureka endpoints via configuration
2020-09-15 18:47:23.601  INFO 18272 --- [AsyncResolver-bootstrap-executor-0] c.n.d.s.r.aws.ConfigClusterResolver      : Resolving eureka endpoints via configuration
2020-09-15 18:52:23.584  INFO 18272 --- [AsyncResolver-bootstrap-executor-0] c.n.d.s.r.aws.ConfigClusterResolver      : Resolving eureka endpoints via configuration
2020-09-15 18:57:23.567  INFO 18272 --- [AsyncResolver-bootstrap-executor-0] c.n.d.s.r.aws.ConfigClusterResolver      : Resolving eureka endpoints via configuration
2020-09-15 19:02:23.559  INFO 18272 --- [AsyncResolver-bootstrap-executor-0] c.n.d.s.r.aws.ConfigClusterResolver      : Resolving eureka endpoints via configuration
2020-09-15 19:07:23.553  INFO 18272 --- [AsyncResolver-bootstrap-executor-0] c.n.d.s.r.aws.ConfigClusterResolver      : Resolving eureka endpoints via configuration
2020-09-15 19:12:23.548  INFO 18272 --- [AsyncResolver-bootstrap-executor-0] c.n.d.s.r.aws.ConfigClusterResolver      : Resolving eureka endpoints via configuration
2020-09-15 19:17:23.543  INFO 18272 --- [AsyncResolver-bootstrap-executor-0] c.n.d.s.r.aws.ConfigClusterResolver      : Resolving eureka endpoints via configuration
2020-09-15 19:22:23.540  INFO 18272 --- [AsyncResolver-bootstrap-executor-0] c.n.d.s.r.aws.ConfigClusterResolver      : Resolving eureka endpoints via configuration
2020-09-15 19:27:23.533  INFO 18272 --- [AsyncResolver-bootstrap-executor-0] c.n.d.s.r.aws.ConfigClusterResolver      : Resolving eureka endpoints via configuration
2020-09-15 19:32:23.527  INFO 18272 --- [AsyncResolver-bootstrap-executor-0] c.n.d.s.r.aws.ConfigClusterResolver      : Resolving eureka endpoints via configuration
2020-09-15 19:37:23.525  INFO 18272 --- [AsyncResolver-bootstrap-executor-0] c.n.d.s.r.aws.ConfigClusterResolver      : Resolving eureka endpoints via configuration
2020-09-15 19:40:20.002  WARN 18272 --- [HikariPool-1 housekeeper] com.zaxxer.hikari.pool.HikariPool        : HikariPool-1 - Thread starvation or clock leap detected (housekeeper delta=1m31s259ms166µs200ns).
2020-09-15 19:43:24.776  INFO 18272 --- [AsyncResolver-bootstrap-executor-0] c.n.d.s.r.aws.ConfigClusterResolver      : Resolving eureka endpoints via configuration
2020-09-15 19:48:24.780  INFO 18272 --- [AsyncResolver-bootstrap-executor-0] c.n.d.s.r.aws.ConfigClusterResolver      : Resolving eureka endpoints via configuration
2020-09-15 19:53:24.782  INFO 18272 --- [AsyncResolver-bootstrap-executor-0] c.n.d.s.r.aws.ConfigClusterResolver      : Resolving eureka endpoints via configuration
2020-09-15 19:58:24.785  INFO 18272 --- [AsyncResolver-bootstrap-executor-0] c.n.d.s.r.aws.ConfigClusterResolver      : Resolving eureka endpoints via configuration
2020-09-15 20:04:08.634  WARN 18272 --- [HikariPool-1 housekeeper] com.zaxxer.hikari.pool.HikariPool        : HikariPool-1 - Thread starvation or clock leap detected (housekeeper delta=4m18s590ms913µs500ns).
2020-09-15 20:07:13.371  INFO 18272 --- [AsyncResolver-bootstrap-executor-0] c.n.d.s.r.aws.ConfigClusterResolver      : Resolving eureka endpoints via configuration
2020-09-15 20:12:13.374  INFO 18272 --- [AsyncResolver-bootstrap-executor-0] c.n.d.s.r.aws.ConfigClusterResolver      : Resolving eureka endpoints via configuration
2020-09-15 20:17:13.379  INFO 18272 --- [AsyncResolver-bootstrap-executor-0] c.n.d.s.r.aws.ConfigClusterResolver      : Resolving eureka endpoints via configuration
2020-09-15 20:22:13.380  INFO 18272 --- [AsyncResolver-bootstrap-executor-0] c.n.d.s.r.aws.ConfigClusterResolver      : Resolving eureka endpoints via configuration
2020-09-15 20:27:13.391  INFO 18272 --- [AsyncResolver-bootstrap-executor-0] c.n.d.s.r.aws.ConfigClusterResolver      : Resolving eureka endpoints via configuration
