2020-09-15 08:47:16.185  INFO 13052 --- [restartedMain] c.c.c.ConfigServicePropertySourceLocator : Fetching config from server at : http://localhost:8888
2020-09-15 08:47:22.591  INFO 13052 --- [restartedMain] c.c.c.ConfigServicePropertySourceLocator : Located environment: name=Department-Service, profiles=[production], label=null, version=f800e0225b75a3f1f536beb4e7c40c35f98a7045, state=null
2020-09-15 08:47:22.595  INFO 13052 --- [restartedMain] b.c.PropertySourceBootstrapConfiguration : Located property source: [BootstrapPropertySource {name='bootstrapProperties-configClient'}, BootstrapPropertySource {name='bootstrapProperties-https://github.com/trainig2020/yaswanthgitrepo/application-production.yml'}, BootstrapPropertySource {name='bootstrapProperties-https://github.com/trainig2020/yaswanthgitrepo/application.properties'}, BootstrapPropertySource {name='bootstrapProperties-https://github.com/trainig2020/yaswanthgitrepo/application.yml'}]
2020-09-15 08:47:22.805  INFO 13052 --- [restartedMain] c.s.m.DepartmentServiceApplication       : The following profiles are active: production
2020-09-15 08:47:25.003  INFO 13052 --- [restartedMain] .s.d.r.c.RepositoryConfigurationDelegate : Bootstrapping Spring Data JPA repositories in DEFERRED mode.
2020-09-15 08:47:25.531  INFO 13052 --- [restartedMain] .s.d.r.c.RepositoryConfigurationDelegate : Finished Spring Data repository scanning in 480ms. Found 1 JPA repository interfaces.
2020-09-15 08:47:25.983  WARN 13052 --- [restartedMain] o.s.boot.actuate.endpoint.EndpointId     : Endpoint ID 'service-registry' contains invalid characters, please migrate to a valid format.
2020-09-15 08:47:26.414  INFO 13052 --- [restartedMain] o.s.cloud.context.scope.GenericScope     : BeanFactory id=841692b8-dcf3-3925-a365-bbc1d551820b
2020-09-15 08:47:29.486  INFO 13052 --- [restartedMain] o.s.b.w.embedded.tomcat.TomcatWebServer  : Tomcat initialized with port(s): 8182 (http)
2020-09-15 08:47:29.510  INFO 13052 --- [restartedMain] o.apache.catalina.core.StandardService   : Starting service [Tomcat]
2020-09-15 08:47:29.511  INFO 13052 --- [restartedMain] org.apache.catalina.core.StandardEngine  : Starting Servlet engine: [Apache Tomcat/9.0.37]
2020-09-15 08:47:29.862  INFO 13052 --- [restartedMain] o.a.c.c.C.[Tomcat].[localhost].[/]       : Initializing Spring embedded WebApplicationContext
2020-09-15 08:47:29.862  INFO 13052 --- [restartedMain] w.s.c.ServletWebServerApplicationContext : Root WebApplicationContext: initialization completed in 7024 ms
2020-09-15 08:47:30.302  WARN 13052 --- [restartedMain] c.n.c.sources.URLConfigurationSource     : No URLs will be polled as dynamic configuration sources.
2020-09-15 08:47:30.303  INFO 13052 --- [restartedMain] c.n.c.sources.URLConfigurationSource     : To enable URLs as dynamic configuration sources, define System property archaius.configurationSource.additionalUrls or make config.properties available on classpath.
2020-09-15 08:47:30.341  INFO 13052 --- [restartedMain] c.netflix.config.DynamicPropertyFactory  : DynamicPropertyFactory is initialized with configuration sources: com.netflix.config.ConcurrentCompositeConfiguration@5d96a4e4
2020-09-15 08:47:31.079  INFO 13052 --- [restartedMain] o.s.s.concurrent.ThreadPoolTaskExecutor  : Initializing ExecutorService 'applicationTaskExecutor'
2020-09-15 08:47:31.275  INFO 13052 --- [task-1] o.hibernate.jpa.internal.util.LogHelper  : HHH000204: Processing PersistenceUnitInfo [name: default]
2020-09-15 08:47:31.569  INFO 13052 --- [task-1] org.hibernate.Version                    : HHH000412: Hibernate ORM core version 5.4.20.Final
2020-09-15 08:47:32.467  INFO 13052 --- [task-1] o.hibernate.annotations.common.Version   : HCANN000001: Hibernate Commons Annotations {5.1.0.Final}
2020-09-15 08:47:33.018  INFO 13052 --- [task-1] com.zaxxer.hikari.HikariDataSource       : HikariPool-1 - Starting...
2020-09-15 08:47:34.048  INFO 13052 --- [task-1] com.zaxxer.hikari.HikariDataSource       : HikariPool-1 - Start completed.
2020-09-15 08:47:34.160  INFO 13052 --- [task-1] org.hibernate.dialect.Dialect            : HHH000400: Using dialect: org.hibernate.dialect.MySQL5Dialect
2020-09-15 08:47:36.973  INFO 13052 --- [task-1] o.h.e.t.j.p.i.JtaPlatformInitiator       : HHH000490: Using JtaPlatform implementation: [org.hibernate.engine.transaction.jta.platform.internal.NoJtaPlatform]
2020-09-15 08:47:36.994  INFO 13052 --- [task-1] j.LocalContainerEntityManagerFactoryBean : Initialized JPA EntityManagerFactory for persistence unit 'default'
2020-09-15 08:47:37.856  WARN 13052 --- [task-2] o.s.b.d.a.OptionalLiveReloadServer       : Unable to start LiveReload server
2020-09-15 08:47:38.256  WARN 13052 --- [restartedMain] c.n.c.sources.URLConfigurationSource     : No URLs will be polled as dynamic configuration sources.
2020-09-15 08:47:38.257  INFO 13052 --- [restartedMain] c.n.c.sources.URLConfigurationSource     : To enable URLs as dynamic configuration sources, define System property archaius.configurationSource.additionalUrls or make config.properties available on classpath.
2020-09-15 08:47:38.444  WARN 13052 --- [restartedMain] JpaBaseConfiguration$JpaWebConfiguration : spring.jpa.open-in-view is enabled by default. Therefore, database queries may be performed during view rendering. Explicitly configure spring.jpa.open-in-view to disable this warning
2020-09-15 08:47:43.345  WARN 13052 --- [restartedMain] ockingLoadBalancerClientRibbonWarnLogger : You already have RibbonLoadBalancerClient on your classpath. It will be used by default. As Spring Cloud Ribbon is in maintenance mode. We recommend switching to BlockingLoadBalancerClient instead. In order to use it, set the value of `spring.cloud.loadbalancer.ribbon.enabled` to `false` or remove spring-cloud-starter-netflix-ribbon from your project.
2020-09-15 08:47:43.641  INFO 13052 --- [restartedMain] o.s.b.a.e.web.EndpointLinksResolver      : Exposing 2 endpoint(s) beneath base path '/actuator'
2020-09-15 08:47:43.854  INFO 13052 --- [restartedMain] o.s.c.n.eureka.InstanceInfoFactory       : Setting initial instance status as: STARTING
2020-09-15 08:47:44.059  INFO 13052 --- [restartedMain] com.netflix.discovery.DiscoveryClient    : Initializing Eureka in region us-east-1
2020-09-15 08:47:44.249  INFO 13052 --- [restartedMain] c.n.d.provider.DiscoveryJerseyProvider   : Using JSON encoding codec LegacyJacksonJson
2020-09-15 08:47:44.250  INFO 13052 --- [restartedMain] c.n.d.provider.DiscoveryJerseyProvider   : Using JSON decoding codec LegacyJacksonJson
2020-09-15 08:47:44.635  INFO 13052 --- [restartedMain] c.n.d.provider.DiscoveryJerseyProvider   : Using XML encoding codec XStreamXml
2020-09-15 08:47:44.635  INFO 13052 --- [restartedMain] c.n.d.provider.DiscoveryJerseyProvider   : Using XML decoding codec XStreamXml
2020-09-15 08:47:45.046  INFO 13052 --- [restartedMain] c.n.d.s.r.aws.ConfigClusterResolver      : Resolving eureka endpoints via configuration
2020-09-15 08:47:45.518  INFO 13052 --- [restartedMain] com.netflix.discovery.DiscoveryClient    : Disable delta property : false
2020-09-15 08:47:45.519  INFO 13052 --- [restartedMain] com.netflix.discovery.DiscoveryClient    : Single vip registry refresh property : null
2020-09-15 08:47:45.519  INFO 13052 --- [restartedMain] com.netflix.discovery.DiscoveryClient    : Force full registry fetch : false
2020-09-15 08:47:45.521  INFO 13052 --- [restartedMain] com.netflix.discovery.DiscoveryClient    : Application is null : false
2020-09-15 08:47:45.521  INFO 13052 --- [restartedMain] com.netflix.discovery.DiscoveryClient    : Registered Applications size is zero : true
2020-09-15 08:47:45.522  INFO 13052 --- [restartedMain] com.netflix.discovery.DiscoveryClient    : Application version is -1: true
2020-09-15 08:47:45.522  INFO 13052 --- [restartedMain] com.netflix.discovery.DiscoveryClient    : Getting all instance registry info from the eureka server
2020-09-15 08:47:46.784  INFO 13052 --- [restartedMain] com.netflix.discovery.DiscoveryClient    : The response status is 200
2020-09-15 08:47:46.789  INFO 13052 --- [restartedMain] com.netflix.discovery.DiscoveryClient    : Starting heartbeat executor: renew interval is: 30
2020-09-15 08:47:46.793  INFO 13052 --- [restartedMain] c.n.discovery.InstanceInfoReplicator     : InstanceInfoReplicator onDemand update allowed rate per min is 4
2020-09-15 08:47:46.821  INFO 13052 --- [restartedMain] com.netflix.discovery.DiscoveryClient    : Discovery Client initialized at timestamp 1600139866819 with initial instances count: 0
2020-09-15 08:47:46.900  INFO 13052 --- [restartedMain] o.s.c.n.e.s.EurekaServiceRegistry        : Registering application DEPARTMENT-SERVICE with eureka with status UP
2020-09-15 08:47:46.902  INFO 13052 --- [restartedMain] com.netflix.discovery.DiscoveryClient    : Saw local status change event StatusChangeEvent [timestamp=1600139866902, current=UP, previous=STARTING]
2020-09-15 08:47:46.929  INFO 13052 --- [DiscoveryClient-InstanceInfoReplicator-0] com.netflix.discovery.DiscoveryClient    : DiscoveryClient_DEPARTMENT-SERVICE/LAPTOP-JMMCFRFU:Department-Service:8182: registering service...
2020-09-15 08:47:47.181  INFO 13052 --- [restartedMain] o.s.b.w.embedded.tomcat.TomcatWebServer  : Tomcat started on port(s): 8182 (http) with context path ''
2020-09-15 08:47:47.184  INFO 13052 --- [restartedMain] .s.c.n.e.s.EurekaAutoServiceRegistration : Updating port to 8182
2020-09-15 08:47:47.514  INFO 13052 --- [DiscoveryClient-InstanceInfoReplicator-0] com.netflix.discovery.DiscoveryClient    : DiscoveryClient_DEPARTMENT-SERVICE/LAPTOP-JMMCFRFU:Department-Service:8182 - registration status: 204
2020-09-15 08:47:48.198  INFO 13052 --- [restartedMain] DeferredRepositoryInitializationListener : Triggering deferred initialization of Spring Data repositories…
2020-09-15 08:47:49.602  INFO 13052 --- [restartedMain] DeferredRepositoryInitializationListener : Spring Data repositories initialized!
2020-09-15 08:47:49.672  INFO 13052 --- [restartedMain] c.s.m.DepartmentServiceApplication       : Started DepartmentServiceApplication in 36.03 seconds (JVM running for 37.228)
2020-09-15 08:48:16.791  INFO 13052 --- [DiscoveryClient-CacheRefreshExecutor-0] com.netflix.discovery.DiscoveryClient    : Disable delta property : false
2020-09-15 08:48:16.792  INFO 13052 --- [DiscoveryClient-CacheRefreshExecutor-0] com.netflix.discovery.DiscoveryClient    : Single vip registry refresh property : null
2020-09-15 08:48:16.793  INFO 13052 --- [DiscoveryClient-CacheRefreshExecutor-0] com.netflix.discovery.DiscoveryClient    : Force full registry fetch : false
2020-09-15 08:48:16.793  INFO 13052 --- [DiscoveryClient-CacheRefreshExecutor-0] com.netflix.discovery.DiscoveryClient    : Application is null : false
2020-09-15 08:48:16.794  INFO 13052 --- [DiscoveryClient-CacheRefreshExecutor-0] com.netflix.discovery.DiscoveryClient    : Registered Applications size is zero : true
2020-09-15 08:48:16.795  INFO 13052 --- [DiscoveryClient-CacheRefreshExecutor-0] com.netflix.discovery.DiscoveryClient    : Application version is -1: false
2020-09-15 08:48:16.805  INFO 13052 --- [DiscoveryClient-CacheRefreshExecutor-0] com.netflix.discovery.DiscoveryClient    : Getting all instance registry info from the eureka server
2020-09-15 08:48:16.895  INFO 13052 --- [DiscoveryClient-CacheRefreshExecutor-0] com.netflix.discovery.DiscoveryClient    : The response status is 200
2020-09-15 08:51:29.262  INFO 13052 --- [http-nio-8182-exec-1] o.a.c.c.C.[Tomcat].[localhost].[/]       : Initializing Spring DispatcherServlet 'dispatcherServlet'
2020-09-15 08:51:29.262  INFO 13052 --- [http-nio-8182-exec-1] o.s.web.servlet.DispatcherServlet        : Initializing Servlet 'dispatcherServlet'
2020-09-15 08:51:29.299  INFO 13052 --- [http-nio-8182-exec-1] o.s.web.servlet.DispatcherServlet        : Completed initialization in 37 ms
2020-09-15 08:51:29.695  INFO 13052 --- [http-nio-8182-exec-1] c.s.m.controller.DepartmentController    : Getting All Departments
2020-09-15 08:51:57.152  INFO 13052 --- [http-nio-8182-exec-2] c.s.m.controller.DepartmentController    : Adding Department to the database
2020-09-15 08:51:57.889  INFO 13052 --- [http-nio-8182-exec-3] c.s.m.controller.DepartmentController    : Getting All Departments
2020-09-15 08:52:02.392  INFO 13052 --- [http-nio-8182-exec-4] c.s.m.controller.DepartmentController    : Deleting a Department from the database based on departmentId
2020-09-15 08:52:03.420  INFO 13052 --- [http-nio-8182-exec-4] c.netflix.config.ChainedDynamicProperty  : Flipping property: Employee-Service.ribbon.ActiveConnectionsLimit to use NEXT property: niws.loadbalancer.availabilityFilteringRule.activeConnectionsLimit = 2147483647
2020-09-15 08:52:03.647  INFO 13052 --- [http-nio-8182-exec-4] c.n.u.concurrent.ShutdownEnabledTimer    : Shutdown hook installed for: NFLoadBalancer-PingTimer-Employee-Service
2020-09-15 08:52:03.648  INFO 13052 --- [http-nio-8182-exec-4] c.netflix.loadbalancer.BaseLoadBalancer  : Client: Employee-Service instantiated a LoadBalancer: DynamicServerListLoadBalancer:{NFLoadBalancer:name=Employee-Service,current list of Servers=[],Load balancer stats=Zone stats: {},Server stats: []}ServerList:null
2020-09-15 08:52:03.666  INFO 13052 --- [http-nio-8182-exec-4] c.n.l.DynamicServerListLoadBalancer      : Using serverListUpdater PollingServerListUpdater
2020-09-15 08:52:03.773  INFO 13052 --- [http-nio-8182-exec-4] c.netflix.config.ChainedDynamicProperty  : Flipping property: Employee-Service.ribbon.ActiveConnectionsLimit to use NEXT property: niws.loadbalancer.availabilityFilteringRule.activeConnectionsLimit = 2147483647
2020-09-15 08:52:03.777  INFO 13052 --- [http-nio-8182-exec-4] c.n.l.DynamicServerListLoadBalancer      : DynamicServerListLoadBalancer for client Employee-Service initialized: DynamicServerListLoadBalancer:{NFLoadBalancer:name=Employee-Service,current list of Servers=[LAPTOP-JMMCFRFU:8282],Load balancer stats=Zone stats: {defaultzone=[Zone:defaultzone;	Instance count:1;	Active connections count: 0;	Circuit breaker tripped count: 0;	Active connections per server: 0.0;]
},Server stats: [[Server:LAPTOP-JMMCFRFU:8282;	Zone:defaultZone;	Total Requests:0;	Successive connection failure:0;	Total blackout seconds:0;	Last connection made:Thu Jan 01 05:30:00 IST 1970;	First connection made: Thu Jan 01 05:30:00 IST 1970;	Active Connections:0;	total failure count in last (1000) msecs:0;	average resp time:0.0;	90 percentile resp time:0.0;	95 percentile resp time:0.0;	min resp time:0.0;	max resp time:0.0;	stddev resp time:0.0]
]}ServerList:org.springframework.cloud.netflix.ribbon.eureka.DomainExtractingServerList@1566736b
2020-09-15 08:52:03.819  INFO 13052 --- [http-nio-8182-exec-4] DeferredRepositoryInitializationListener : Triggering deferred initialization of Spring Data repositories…
2020-09-15 08:52:03.820  INFO 13052 --- [http-nio-8182-exec-4] DeferredRepositoryInitializationListener : Spring Data repositories initialized!
2020-09-15 08:52:04.680  INFO 13052 --- [PollingServerListUpdater-0] c.netflix.config.ChainedDynamicProperty  : Flipping property: Employee-Service.ribbon.ActiveConnectionsLimit to use NEXT property: niws.loadbalancer.availabilityFilteringRule.activeConnectionsLimit = 2147483647
2020-09-15 08:52:05.562  INFO 13052 --- [http-nio-8182-exec-5] c.s.m.controller.DepartmentController    : Getting All Departments
2020-09-15 08:52:08.151  INFO 13052 --- [http-nio-8182-exec-6] c.s.m.controller.DepartmentController    : Getting All The Employees using restTemplate
2020-09-15 08:52:28.585  INFO 13052 --- [http-nio-8182-exec-7] c.s.m.controller.DepartmentController    : Adding a Employee to the database 
2020-09-15 08:52:30.350  INFO 13052 --- [http-nio-8182-exec-8] c.s.m.controller.DepartmentController    : Getting All The Employees using restTemplate
2020-09-15 08:52:32.170  INFO 13052 --- [http-nio-8182-exec-9] c.s.m.controller.DepartmentController    : Deleting a  single Employee in the database based on employeeId and DepartmentID
2020-09-15 08:52:32.784  INFO 13052 --- [http-nio-8182-exec-10] c.s.m.controller.DepartmentController    : Getting All The Employees using restTemplate
2020-09-15 08:52:45.529  INFO 13052 --- [AsyncResolver-bootstrap-executor-0] c.n.d.s.r.aws.ConfigClusterResolver      : Resolving eureka endpoints via configuration
2020-09-15 08:57:45.535  INFO 13052 --- [AsyncResolver-bootstrap-executor-0] c.n.d.s.r.aws.ConfigClusterResolver      : Resolving eureka endpoints via configuration
2020-09-15 09:02:45.541  INFO 13052 --- [AsyncResolver-bootstrap-executor-0] c.n.d.s.r.aws.ConfigClusterResolver      : Resolving eureka endpoints via configuration
2020-09-15 09:07:45.551  INFO 13052 --- [AsyncResolver-bootstrap-executor-0] c.n.d.s.r.aws.ConfigClusterResolver      : Resolving eureka endpoints via configuration
2020-09-15 09:12:45.553  INFO 13052 --- [AsyncResolver-bootstrap-executor-0] c.n.d.s.r.aws.ConfigClusterResolver      : Resolving eureka endpoints via configuration
2020-09-15 09:17:45.555  INFO 13052 --- [AsyncResolver-bootstrap-executor-0] c.n.d.s.r.aws.ConfigClusterResolver      : Resolving eureka endpoints via configuration
2020-09-15 09:22:45.558  INFO 13052 --- [AsyncResolver-bootstrap-executor-0] c.n.d.s.r.aws.ConfigClusterResolver      : Resolving eureka endpoints via configuration
2020-09-15 09:27:45.560  INFO 13052 --- [AsyncResolver-bootstrap-executor-0] c.n.d.s.r.aws.ConfigClusterResolver      : Resolving eureka endpoints via configuration
2020-09-15 09:32:45.561  INFO 13052 --- [AsyncResolver-bootstrap-executor-0] c.n.d.s.r.aws.ConfigClusterResolver      : Resolving eureka endpoints via configuration
2020-09-15 09:37:45.564  INFO 13052 --- [AsyncResolver-bootstrap-executor-0] c.n.d.s.r.aws.ConfigClusterResolver      : Resolving eureka endpoints via configuration
2020-09-15 09:42:45.567  INFO 13052 --- [AsyncResolver-bootstrap-executor-0] c.n.d.s.r.aws.ConfigClusterResolver      : Resolving eureka endpoints via configuration
2020-09-15 09:42:53.924  INFO 13052 --- [http-nio-8182-exec-2] c.s.m.controller.DepartmentController    : Getting All Departments
2020-09-15 09:43:37.672  INFO 13052 --- [http-nio-8182-exec-3] c.s.m.controller.DepartmentController    : Adding Department to the database
2020-09-15 09:43:38.083  INFO 13052 --- [http-nio-8182-exec-4] c.s.m.controller.DepartmentController    : Getting All Departments
2020-09-15 09:47:45.570  INFO 13052 --- [AsyncResolver-bootstrap-executor-0] c.n.d.s.r.aws.ConfigClusterResolver      : Resolving eureka endpoints via configuration
2020-09-15 09:52:45.573  INFO 13052 --- [AsyncResolver-bootstrap-executor-0] c.n.d.s.r.aws.ConfigClusterResolver      : Resolving eureka endpoints via configuration
2020-09-15 09:57:45.574  INFO 13052 --- [AsyncResolver-bootstrap-executor-0] c.n.d.s.r.aws.ConfigClusterResolver      : Resolving eureka endpoints via configuration
2020-09-15 10:02:45.578  INFO 13052 --- [AsyncResolver-bootstrap-executor-0] c.n.d.s.r.aws.ConfigClusterResolver      : Resolving eureka endpoints via configuration
2020-09-15 11:05:19.276  WARN 13052 --- [HikariPool-1 housekeeper] com.zaxxer.hikari.pool.HikariPool        : HikariPool-1 - Thread starvation or clock leap detected (housekeeper delta=1h1m14s710ms450µs700ns).
2020-09-15 11:08:30.283  INFO 13052 --- [AsyncResolver-bootstrap-executor-0] c.n.d.s.r.aws.ConfigClusterResolver      : Resolving eureka endpoints via configuration
2020-09-15 11:09:57.260  INFO 18852 --- [restartedMain] c.c.c.ConfigServicePropertySourceLocator : Fetching config from server at : http://localhost:8888
2020-09-15 11:10:01.810  INFO 18852 --- [restartedMain] c.c.c.ConfigServicePropertySourceLocator : Located environment: name=Department-Service, profiles=[production], label=null, version=f800e0225b75a3f1f536beb4e7c40c35f98a7045, state=null
2020-09-15 11:10:01.813  INFO 18852 --- [restartedMain] b.c.PropertySourceBootstrapConfiguration : Located property source: [BootstrapPropertySource {name='bootstrapProperties-configClient'}, BootstrapPropertySource {name='bootstrapProperties-https://github.com/trainig2020/yaswanthgitrepo/application-production.yml'}, BootstrapPropertySource {name='bootstrapProperties-https://github.com/trainig2020/yaswanthgitrepo/application.properties'}, BootstrapPropertySource {name='bootstrapProperties-https://github.com/trainig2020/yaswanthgitrepo/application.yml'}]
2020-09-15 11:10:01.954  INFO 18852 --- [restartedMain] c.s.m.DepartmentServiceApplication       : The following profiles are active: production
2020-09-15 11:10:03.617  INFO 18852 --- [restartedMain] .s.d.r.c.RepositoryConfigurationDelegate : Bootstrapping Spring Data JPA repositories in DEFERRED mode.
2020-09-15 11:10:03.903  INFO 18852 --- [restartedMain] .s.d.r.c.RepositoryConfigurationDelegate : Finished Spring Data repository scanning in 272ms. Found 1 JPA repository interfaces.
2020-09-15 11:10:04.335  WARN 18852 --- [restartedMain] o.s.boot.actuate.endpoint.EndpointId     : Endpoint ID 'service-registry' contains invalid characters, please migrate to a valid format.
2020-09-15 11:10:04.781  INFO 18852 --- [restartedMain] o.s.cloud.context.scope.GenericScope     : BeanFactory id=841692b8-dcf3-3925-a365-bbc1d551820b
2020-09-15 11:10:06.516  INFO 18852 --- [restartedMain] o.s.b.w.embedded.tomcat.TomcatWebServer  : Tomcat initialized with port(s): 8182 (http)
2020-09-15 11:10:06.550  INFO 18852 --- [restartedMain] o.apache.catalina.core.StandardService   : Starting service [Tomcat]
2020-09-15 11:10:06.551  INFO 18852 --- [restartedMain] org.apache.catalina.core.StandardEngine  : Starting Servlet engine: [Apache Tomcat/9.0.37]
2020-09-15 11:10:06.764  INFO 18852 --- [restartedMain] o.a.c.c.C.[Tomcat].[localhost].[/]       : Initializing Spring embedded WebApplicationContext
2020-09-15 11:10:06.766  INFO 18852 --- [restartedMain] w.s.c.ServletWebServerApplicationContext : Root WebApplicationContext: initialization completed in 4725 ms
2020-09-15 11:10:07.074  WARN 18852 --- [restartedMain] c.n.c.sources.URLConfigurationSource     : No URLs will be polled as dynamic configuration sources.
2020-09-15 11:10:07.075  INFO 18852 --- [restartedMain] c.n.c.sources.URLConfigurationSource     : To enable URLs as dynamic configuration sources, define System property archaius.configurationSource.additionalUrls or make config.properties available on classpath.
2020-09-15 11:10:07.094  INFO 18852 --- [restartedMain] c.netflix.config.DynamicPropertyFactory  : DynamicPropertyFactory is initialized with configuration sources: com.netflix.config.ConcurrentCompositeConfiguration@7aad1f57
2020-09-15 11:10:07.650  INFO 18852 --- [restartedMain] o.s.s.concurrent.ThreadPoolTaskExecutor  : Initializing ExecutorService 'applicationTaskExecutor'
2020-09-15 11:10:07.742  INFO 18852 --- [task-1] o.hibernate.jpa.internal.util.LogHelper  : HHH000204: Processing PersistenceUnitInfo [name: default]
2020-09-15 11:10:07.851  INFO 18852 --- [task-1] org.hibernate.Version                    : HHH000412: Hibernate ORM core version 5.4.20.Final
2020-09-15 11:10:08.136  INFO 18852 --- [task-1] o.hibernate.annotations.common.Version   : HCANN000001: Hibernate Commons Annotations {5.1.0.Final}
2020-09-15 11:10:08.480  INFO 18852 --- [task-1] com.zaxxer.hikari.HikariDataSource       : HikariPool-1 - Starting...
2020-09-15 11:10:09.196  INFO 18852 --- [task-1] com.zaxxer.hikari.HikariDataSource       : HikariPool-1 - Start completed.
2020-09-15 11:10:09.232  INFO 18852 --- [task-1] org.hibernate.dialect.Dialect            : HHH000400: Using dialect: org.hibernate.dialect.MySQL5Dialect
2020-09-15 11:10:11.736  INFO 18852 --- [task-1] o.h.e.t.j.p.i.JtaPlatformInitiator       : HHH000490: Using JtaPlatform implementation: [org.hibernate.engine.transaction.jta.platform.internal.NoJtaPlatform]
2020-09-15 11:10:11.751  INFO 18852 --- [task-1] j.LocalContainerEntityManagerFactoryBean : Initialized JPA EntityManagerFactory for persistence unit 'default'
2020-09-15 11:10:12.228  WARN 18852 --- [task-2] o.s.b.d.a.OptionalLiveReloadServer       : Unable to start LiveReload server
2020-09-15 11:10:12.752  WARN 18852 --- [restartedMain] c.n.c.sources.URLConfigurationSource     : No URLs will be polled as dynamic configuration sources.
2020-09-15 11:10:12.752  INFO 18852 --- [restartedMain] c.n.c.sources.URLConfigurationSource     : To enable URLs as dynamic configuration sources, define System property archaius.configurationSource.additionalUrls or make config.properties available on classpath.
2020-09-15 11:10:12.985  WARN 18852 --- [restartedMain] JpaBaseConfiguration$JpaWebConfiguration : spring.jpa.open-in-view is enabled by default. Therefore, database queries may be performed during view rendering. Explicitly configure spring.jpa.open-in-view to disable this warning
2020-09-15 11:10:18.356  WARN 18852 --- [restartedMain] ockingLoadBalancerClientRibbonWarnLogger : You already have RibbonLoadBalancerClient on your classpath. It will be used by default. As Spring Cloud Ribbon is in maintenance mode. We recommend switching to BlockingLoadBalancerClient instead. In order to use it, set the value of `spring.cloud.loadbalancer.ribbon.enabled` to `false` or remove spring-cloud-starter-netflix-ribbon from your project.
2020-09-15 11:10:18.604  INFO 18852 --- [restartedMain] o.s.b.a.e.web.EndpointLinksResolver      : Exposing 2 endpoint(s) beneath base path '/actuator'
2020-09-15 11:10:18.782  INFO 18852 --- [restartedMain] o.s.c.n.eureka.InstanceInfoFactory       : Setting initial instance status as: STARTING
2020-09-15 11:10:18.929  INFO 18852 --- [restartedMain] com.netflix.discovery.DiscoveryClient    : Initializing Eureka in region us-east-1
2020-09-15 11:10:19.130  INFO 18852 --- [restartedMain] c.n.d.provider.DiscoveryJerseyProvider   : Using JSON encoding codec LegacyJacksonJson
2020-09-15 11:10:19.131  INFO 18852 --- [restartedMain] c.n.d.provider.DiscoveryJerseyProvider   : Using JSON decoding codec LegacyJacksonJson
2020-09-15 11:10:19.457  INFO 18852 --- [restartedMain] c.n.d.provider.DiscoveryJerseyProvider   : Using XML encoding codec XStreamXml
2020-09-15 11:10:19.459  INFO 18852 --- [restartedMain] c.n.d.provider.DiscoveryJerseyProvider   : Using XML decoding codec XStreamXml
2020-09-15 11:10:19.800  INFO 18852 --- [restartedMain] c.n.d.s.r.aws.ConfigClusterResolver      : Resolving eureka endpoints via configuration
2020-09-15 11:10:20.065  INFO 18852 --- [restartedMain] com.netflix.discovery.DiscoveryClient    : Disable delta property : false
2020-09-15 11:10:20.066  INFO 18852 --- [restartedMain] com.netflix.discovery.DiscoveryClient    : Single vip registry refresh property : null
2020-09-15 11:10:20.066  INFO 18852 --- [restartedMain] com.netflix.discovery.DiscoveryClient    : Force full registry fetch : false
2020-09-15 11:10:20.067  INFO 18852 --- [restartedMain] com.netflix.discovery.DiscoveryClient    : Application is null : false
2020-09-15 11:10:20.067  INFO 18852 --- [restartedMain] com.netflix.discovery.DiscoveryClient    : Registered Applications size is zero : true
2020-09-15 11:10:20.067  INFO 18852 --- [restartedMain] com.netflix.discovery.DiscoveryClient    : Application version is -1: true
2020-09-15 11:10:20.068  INFO 18852 --- [restartedMain] com.netflix.discovery.DiscoveryClient    : Getting all instance registry info from the eureka server
2020-09-15 11:10:20.715  INFO 18852 --- [restartedMain] com.netflix.discovery.DiscoveryClient    : The response status is 200
2020-09-15 11:10:20.722  INFO 18852 --- [restartedMain] com.netflix.discovery.DiscoveryClient    : Starting heartbeat executor: renew interval is: 30
2020-09-15 11:10:20.727  INFO 18852 --- [restartedMain] c.n.discovery.InstanceInfoReplicator     : InstanceInfoReplicator onDemand update allowed rate per min is 4
2020-09-15 11:10:20.738  INFO 18852 --- [restartedMain] com.netflix.discovery.DiscoveryClient    : Discovery Client initialized at timestamp 1600148420736 with initial instances count: 0
2020-09-15 11:10:20.755  INFO 18852 --- [restartedMain] o.s.c.n.e.s.EurekaServiceRegistry        : Registering application DEPARTMENT-SERVICE with eureka with status UP
2020-09-15 11:10:20.758  INFO 18852 --- [restartedMain] com.netflix.discovery.DiscoveryClient    : Saw local status change event StatusChangeEvent [timestamp=1600148420758, current=UP, previous=STARTING]
2020-09-15 11:10:20.772  INFO 18852 --- [DiscoveryClient-InstanceInfoReplicator-0] com.netflix.discovery.DiscoveryClient    : DiscoveryClient_DEPARTMENT-SERVICE/LAPTOP-JMMCFRFU:Department-Service:8182: registering service...
2020-09-15 11:10:20.903  INFO 18852 --- [restartedMain] o.s.b.w.embedded.tomcat.TomcatWebServer  : Tomcat started on port(s): 8182 (http) with context path ''
2020-09-15 11:10:20.906  INFO 18852 --- [restartedMain] .s.c.n.e.s.EurekaAutoServiceRegistration : Updating port to 8182
2020-09-15 11:10:21.026  INFO 18852 --- [DiscoveryClient-InstanceInfoReplicator-0] com.netflix.discovery.DiscoveryClient    : DiscoveryClient_DEPARTMENT-SERVICE/LAPTOP-JMMCFRFU:Department-Service:8182 - registration status: 204
2020-09-15 11:10:21.322  INFO 18852 --- [restartedMain] DeferredRepositoryInitializationListener : Triggering deferred initialization of Spring Data repositories…
2020-09-15 11:10:21.402  INFO 18852 --- [restartedMain] DeferredRepositoryInitializationListener : Spring Data repositories initialized!
2020-09-15 11:10:21.447  INFO 18852 --- [restartedMain] c.s.m.DepartmentServiceApplication       : Started DepartmentServiceApplication in 26.559 seconds (JVM running for 27.55)
2020-09-15 11:10:50.723  INFO 18852 --- [DiscoveryClient-CacheRefreshExecutor-0] com.netflix.discovery.DiscoveryClient    : Disable delta property : false
2020-09-15 11:10:50.723  INFO 18852 --- [DiscoveryClient-CacheRefreshExecutor-0] com.netflix.discovery.DiscoveryClient    : Single vip registry refresh property : null
2020-09-15 11:10:50.723  INFO 18852 --- [DiscoveryClient-CacheRefreshExecutor-0] com.netflix.discovery.DiscoveryClient    : Force full registry fetch : false
2020-09-15 11:10:50.723  INFO 18852 --- [DiscoveryClient-CacheRefreshExecutor-0] com.netflix.discovery.DiscoveryClient    : Application is null : false
2020-09-15 11:10:50.723  INFO 18852 --- [DiscoveryClient-CacheRefreshExecutor-0] com.netflix.discovery.DiscoveryClient    : Registered Applications size is zero : true
2020-09-15 11:10:50.723  INFO 18852 --- [DiscoveryClient-CacheRefreshExecutor-0] com.netflix.discovery.DiscoveryClient    : Application version is -1: false
2020-09-15 11:10:50.723  INFO 18852 --- [DiscoveryClient-CacheRefreshExecutor-0] com.netflix.discovery.DiscoveryClient    : Getting all instance registry info from the eureka server
2020-09-15 11:10:50.750  INFO 18852 --- [DiscoveryClient-CacheRefreshExecutor-0] com.netflix.discovery.DiscoveryClient    : The response status is 200
2020-09-15 11:15:20.072  INFO 18852 --- [AsyncResolver-bootstrap-executor-0] c.n.d.s.r.aws.ConfigClusterResolver      : Resolving eureka endpoints via configuration
2020-09-15 11:15:46.735  INFO 18852 --- [http-nio-8182-exec-3] o.a.c.c.C.[Tomcat].[localhost].[/]       : Initializing Spring DispatcherServlet 'dispatcherServlet'
2020-09-15 11:15:46.736  INFO 18852 --- [http-nio-8182-exec-3] o.s.web.servlet.DispatcherServlet        : Initializing Servlet 'dispatcherServlet'
2020-09-15 11:15:46.771  INFO 18852 --- [http-nio-8182-exec-3] o.s.web.servlet.DispatcherServlet        : Completed initialization in 35 ms
2020-09-15 11:15:47.091  INFO 18852 --- [http-nio-8182-exec-3] c.s.m.controller.DepartmentController    : Getting All Departments
2020-09-15 11:16:00.331  INFO 18852 --- [http-nio-8182-exec-4] c.s.m.controller.DepartmentController    : Getting All Departments
2020-09-15 11:16:51.966  INFO 18852 --- [http-nio-8182-exec-5] c.s.m.controller.DepartmentController    : Getting All Departments
2020-09-15 11:19:09.136  INFO 18852 --- [http-nio-8182-exec-7] c.s.m.controller.DepartmentController    : Adding Department to the database
2020-09-15 11:19:09.619  INFO 18852 --- [http-nio-8182-exec-8] c.s.m.controller.DepartmentController    : Getting All Departments
2020-09-15 11:21:32.006  INFO 16736 --- [restartedMain] c.c.c.ConfigServicePropertySourceLocator : Fetching config from server at : http://localhost:8888
2020-09-15 11:21:33.451  INFO 16736 --- [restartedMain] c.c.c.ConfigServicePropertySourceLocator : Located environment: name=Department-Service, profiles=[production], label=null, version=f800e0225b75a3f1f536beb4e7c40c35f98a7045, state=null
2020-09-15 11:21:33.461  INFO 16736 --- [restartedMain] b.c.PropertySourceBootstrapConfiguration : Located property source: [BootstrapPropertySource {name='bootstrapProperties-configClient'}, BootstrapPropertySource {name='bootstrapProperties-https://github.com/trainig2020/yaswanthgitrepo/application-production.yml'}, BootstrapPropertySource {name='bootstrapProperties-https://github.com/trainig2020/yaswanthgitrepo/application.properties'}, BootstrapPropertySource {name='bootstrapProperties-https://github.com/trainig2020/yaswanthgitrepo/application.yml'}]
2020-09-15 11:21:33.611  INFO 16736 --- [restartedMain] c.s.m.DepartmentServiceApplication       : The following profiles are active: production
2020-09-15 11:21:35.422  INFO 16736 --- [restartedMain] .s.d.r.c.RepositoryConfigurationDelegate : Bootstrapping Spring Data JPA repositories in DEFERRED mode.
2020-09-15 11:21:35.688  INFO 16736 --- [restartedMain] .s.d.r.c.RepositoryConfigurationDelegate : Finished Spring Data repository scanning in 250ms. Found 1 JPA repository interfaces.
2020-09-15 11:21:35.959  WARN 16736 --- [restartedMain] o.s.boot.actuate.endpoint.EndpointId     : Endpoint ID 'service-registry' contains invalid characters, please migrate to a valid format.
2020-09-15 11:21:36.285  INFO 16736 --- [restartedMain] o.s.cloud.context.scope.GenericScope     : BeanFactory id=841692b8-dcf3-3925-a365-bbc1d551820b
2020-09-15 11:21:37.730  INFO 16736 --- [restartedMain] o.s.b.w.embedded.tomcat.TomcatWebServer  : Tomcat initialized with port(s): 8182 (http)
2020-09-15 11:21:37.747  INFO 16736 --- [restartedMain] o.apache.catalina.core.StandardService   : Starting service [Tomcat]
2020-09-15 11:21:37.747  INFO 16736 --- [restartedMain] org.apache.catalina.core.StandardEngine  : Starting Servlet engine: [Apache Tomcat/9.0.37]
2020-09-15 11:21:37.951  INFO 16736 --- [restartedMain] o.a.c.c.C.[Tomcat].[localhost].[/]       : Initializing Spring embedded WebApplicationContext
2020-09-15 11:21:37.951  INFO 16736 --- [restartedMain] w.s.c.ServletWebServerApplicationContext : Root WebApplicationContext: initialization completed in 4268 ms
2020-09-15 11:21:38.311  WARN 16736 --- [restartedMain] c.n.c.sources.URLConfigurationSource     : No URLs will be polled as dynamic configuration sources.
2020-09-15 11:21:38.312  INFO 16736 --- [restartedMain] c.n.c.sources.URLConfigurationSource     : To enable URLs as dynamic configuration sources, define System property archaius.configurationSource.additionalUrls or make config.properties available on classpath.
2020-09-15 11:21:38.345  INFO 16736 --- [restartedMain] c.netflix.config.DynamicPropertyFactory  : DynamicPropertyFactory is initialized with configuration sources: com.netflix.config.ConcurrentCompositeConfiguration@b57847e
2020-09-15 11:21:39.432  INFO 16736 --- [restartedMain] o.s.s.concurrent.ThreadPoolTaskExecutor  : Initializing ExecutorService 'applicationTaskExecutor'
2020-09-15 11:21:39.505  INFO 16736 --- [task-1] o.hibernate.jpa.internal.util.LogHelper  : HHH000204: Processing PersistenceUnitInfo [name: default]
2020-09-15 11:21:39.624  INFO 16736 --- [task-1] org.hibernate.Version                    : HHH000412: Hibernate ORM core version 5.4.20.Final
2020-09-15 11:21:39.888  INFO 16736 --- [task-1] o.hibernate.annotations.common.Version   : HCANN000001: Hibernate Commons Annotations {5.1.0.Final}
2020-09-15 11:21:40.119  INFO 16736 --- [task-1] com.zaxxer.hikari.HikariDataSource       : HikariPool-1 - Starting...
2020-09-15 11:21:40.695  INFO 16736 --- [task-1] com.zaxxer.hikari.HikariDataSource       : HikariPool-1 - Start completed.
2020-09-15 11:21:40.733  INFO 16736 --- [task-1] org.hibernate.dialect.Dialect            : HHH000400: Using dialect: org.hibernate.dialect.MySQL5Dialect
2020-09-15 11:21:42.102  INFO 16736 --- [task-1] o.h.e.t.j.p.i.JtaPlatformInitiator       : HHH000490: Using JtaPlatform implementation: [org.hibernate.engine.transaction.jta.platform.internal.NoJtaPlatform]
2020-09-15 11:21:42.111  INFO 16736 --- [task-1] j.LocalContainerEntityManagerFactoryBean : Initialized JPA EntityManagerFactory for persistence unit 'default'
2020-09-15 11:21:42.512  WARN 16736 --- [task-2] o.s.b.d.a.OptionalLiveReloadServer       : Unable to start LiveReload server
2020-09-15 11:21:42.877  WARN 16736 --- [restartedMain] c.n.c.sources.URLConfigurationSource     : No URLs will be polled as dynamic configuration sources.
2020-09-15 11:21:42.878  INFO 16736 --- [restartedMain] c.n.c.sources.URLConfigurationSource     : To enable URLs as dynamic configuration sources, define System property archaius.configurationSource.additionalUrls or make config.properties available on classpath.
2020-09-15 11:21:43.000  WARN 16736 --- [restartedMain] JpaBaseConfiguration$JpaWebConfiguration : spring.jpa.open-in-view is enabled by default. Therefore, database queries may be performed during view rendering. Explicitly configure spring.jpa.open-in-view to disable this warning
2020-09-15 11:21:45.633  WARN 16736 --- [restartedMain] ockingLoadBalancerClientRibbonWarnLogger : You already have RibbonLoadBalancerClient on your classpath. It will be used by default. As Spring Cloud Ribbon is in maintenance mode. We recommend switching to BlockingLoadBalancerClient instead. In order to use it, set the value of `spring.cloud.loadbalancer.ribbon.enabled` to `false` or remove spring-cloud-starter-netflix-ribbon from your project.
2020-09-15 11:21:45.776  INFO 16736 --- [restartedMain] o.s.b.a.e.web.EndpointLinksResolver      : Exposing 2 endpoint(s) beneath base path '/actuator'
2020-09-15 11:21:45.844  INFO 16736 --- [restartedMain] o.s.c.n.eureka.InstanceInfoFactory       : Setting initial instance status as: STARTING
2020-09-15 11:21:45.956  INFO 16736 --- [restartedMain] com.netflix.discovery.DiscoveryClient    : Initializing Eureka in region us-east-1
2020-09-15 11:21:46.067  INFO 16736 --- [restartedMain] c.n.d.provider.DiscoveryJerseyProvider   : Using JSON encoding codec LegacyJacksonJson
2020-09-15 11:21:46.068  INFO 16736 --- [restartedMain] c.n.d.provider.DiscoveryJerseyProvider   : Using JSON decoding codec LegacyJacksonJson
2020-09-15 11:21:46.326  INFO 16736 --- [restartedMain] c.n.d.provider.DiscoveryJerseyProvider   : Using XML encoding codec XStreamXml
2020-09-15 11:21:46.327  INFO 16736 --- [restartedMain] c.n.d.provider.DiscoveryJerseyProvider   : Using XML decoding codec XStreamXml
2020-09-15 11:21:46.592  INFO 16736 --- [restartedMain] c.n.d.s.r.aws.ConfigClusterResolver      : Resolving eureka endpoints via configuration
2020-09-15 11:21:46.831  INFO 16736 --- [restartedMain] com.netflix.discovery.DiscoveryClient    : Disable delta property : false
2020-09-15 11:21:46.831  INFO 16736 --- [restartedMain] com.netflix.discovery.DiscoveryClient    : Single vip registry refresh property : null
2020-09-15 11:21:46.831  INFO 16736 --- [restartedMain] com.netflix.discovery.DiscoveryClient    : Force full registry fetch : false
2020-09-15 11:21:46.832  INFO 16736 --- [restartedMain] com.netflix.discovery.DiscoveryClient    : Application is null : false
2020-09-15 11:21:46.833  INFO 16736 --- [restartedMain] com.netflix.discovery.DiscoveryClient    : Registered Applications size is zero : true
2020-09-15 11:21:46.833  INFO 16736 --- [restartedMain] com.netflix.discovery.DiscoveryClient    : Application version is -1: true
2020-09-15 11:21:46.833  INFO 16736 --- [restartedMain] com.netflix.discovery.DiscoveryClient    : Getting all instance registry info from the eureka server
2020-09-15 11:21:47.004  INFO 16736 --- [restartedMain] com.netflix.discovery.DiscoveryClient    : The response status is 200
2020-09-15 11:21:47.010  INFO 16736 --- [restartedMain] com.netflix.discovery.DiscoveryClient    : Starting heartbeat executor: renew interval is: 30
2020-09-15 11:21:47.014  INFO 16736 --- [restartedMain] c.n.discovery.InstanceInfoReplicator     : InstanceInfoReplicator onDemand update allowed rate per min is 4
2020-09-15 11:21:47.019  INFO 16736 --- [restartedMain] com.netflix.discovery.DiscoveryClient    : Discovery Client initialized at timestamp 1600149107018 with initial instances count: 4
2020-09-15 11:21:47.027  INFO 16736 --- [restartedMain] o.s.c.n.e.s.EurekaServiceRegistry        : Registering application DEPARTMENT-SERVICE with eureka with status UP
2020-09-15 11:21:47.029  INFO 16736 --- [restartedMain] com.netflix.discovery.DiscoveryClient    : Saw local status change event StatusChangeEvent [timestamp=1600149107029, current=UP, previous=STARTING]
2020-09-15 11:21:47.032  INFO 16736 --- [DiscoveryClient-InstanceInfoReplicator-0] com.netflix.discovery.DiscoveryClient    : DiscoveryClient_DEPARTMENT-SERVICE/LAPTOP-JMMCFRFU:Department-Service:8182: registering service...
2020-09-15 11:21:47.081  INFO 16736 --- [DiscoveryClient-InstanceInfoReplicator-0] com.netflix.discovery.DiscoveryClient    : DiscoveryClient_DEPARTMENT-SERVICE/LAPTOP-JMMCFRFU:Department-Service:8182 - registration status: 204
2020-09-15 11:21:47.095  INFO 16736 --- [restartedMain] o.s.b.w.embedded.tomcat.TomcatWebServer  : Tomcat started on port(s): 8182 (http) with context path ''
2020-09-15 11:21:47.097  INFO 16736 --- [restartedMain] .s.c.n.e.s.EurekaAutoServiceRegistration : Updating port to 8182
2020-09-15 11:21:47.391  INFO 16736 --- [restartedMain] DeferredRepositoryInitializationListener : Triggering deferred initialization of Spring Data repositories…
2020-09-15 11:21:47.461  INFO 16736 --- [restartedMain] DeferredRepositoryInitializationListener : Spring Data repositories initialized!
2020-09-15 11:21:47.484  INFO 16736 --- [restartedMain] c.s.m.DepartmentServiceApplication       : Started DepartmentServiceApplication in 17.688 seconds (JVM running for 18.615)
2020-09-15 11:22:24.697  INFO 16736 --- [http-nio-8182-exec-1] o.a.c.c.C.[Tomcat].[localhost].[/]       : Initializing Spring DispatcherServlet 'dispatcherServlet'
2020-09-15 11:22:24.698  INFO 16736 --- [http-nio-8182-exec-1] o.s.web.servlet.DispatcherServlet        : Initializing Servlet 'dispatcherServlet'
2020-09-15 11:22:24.839  INFO 16736 --- [http-nio-8182-exec-1] o.s.web.servlet.DispatcherServlet        : Completed initialization in 141 ms
2020-09-15 11:22:25.649  INFO 16736 --- [http-nio-8182-exec-1] c.s.m.controller.DepartmentController    : Getting All Departments
2020-09-15 11:22:33.671  INFO 16736 --- [http-nio-8182-exec-2] c.s.m.controller.DepartmentController    : Getting All Departments
2020-09-15 11:22:47.917  INFO 16736 --- [http-nio-8182-exec-3] c.s.m.controller.DepartmentController    : Adding Department to the database
2020-09-15 11:22:48.304  INFO 16736 --- [http-nio-8182-exec-4] c.s.m.controller.DepartmentController    : Getting All Departments
2020-09-15 11:23:37.456  INFO 16736 --- [http-nio-8182-exec-5] c.s.m.controller.DepartmentController    : Getting All The Employees using restTemplate
2020-09-15 11:23:37.861  INFO 16736 --- [http-nio-8182-exec-5] c.netflix.config.ChainedDynamicProperty  : Flipping property: Employee-Service.ribbon.ActiveConnectionsLimit to use NEXT property: niws.loadbalancer.availabilityFilteringRule.activeConnectionsLimit = 2147483647
2020-09-15 11:23:37.940  INFO 16736 --- [http-nio-8182-exec-5] c.n.u.concurrent.ShutdownEnabledTimer    : Shutdown hook installed for: NFLoadBalancer-PingTimer-Employee-Service
2020-09-15 11:23:37.941  INFO 16736 --- [http-nio-8182-exec-5] c.netflix.loadbalancer.BaseLoadBalancer  : Client: Employee-Service instantiated a LoadBalancer: DynamicServerListLoadBalancer:{NFLoadBalancer:name=Employee-Service,current list of Servers=[],Load balancer stats=Zone stats: {},Server stats: []}ServerList:null
2020-09-15 11:23:37.960  INFO 16736 --- [http-nio-8182-exec-5] c.n.l.DynamicServerListLoadBalancer      : Using serverListUpdater PollingServerListUpdater
2020-09-15 11:23:38.028  INFO 16736 --- [http-nio-8182-exec-5] c.netflix.config.ChainedDynamicProperty  : Flipping property: Employee-Service.ribbon.ActiveConnectionsLimit to use NEXT property: niws.loadbalancer.availabilityFilteringRule.activeConnectionsLimit = 2147483647
2020-09-15 11:23:38.031  INFO 16736 --- [http-nio-8182-exec-5] c.n.l.DynamicServerListLoadBalancer      : DynamicServerListLoadBalancer for client Employee-Service initialized: DynamicServerListLoadBalancer:{NFLoadBalancer:name=Employee-Service,current list of Servers=[LAPTOP-JMMCFRFU:8282],Load balancer stats=Zone stats: {defaultzone=[Zone:defaultzone;	Instance count:1;	Active connections count: 0;	Circuit breaker tripped count: 0;	Active connections per server: 0.0;]
},Server stats: [[Server:LAPTOP-JMMCFRFU:8282;	Zone:defaultZone;	Total Requests:0;	Successive connection failure:0;	Total blackout seconds:0;	Last connection made:Thu Jan 01 05:30:00 IST 1970;	First connection made: Thu Jan 01 05:30:00 IST 1970;	Active Connections:0;	total failure count in last (1000) msecs:0;	average resp time:0.0;	90 percentile resp time:0.0;	95 percentile resp time:0.0;	min resp time:0.0;	max resp time:0.0;	stddev resp time:0.0]
]}ServerList:org.springframework.cloud.netflix.ribbon.eureka.DomainExtractingServerList@7e6005bb
2020-09-15 11:23:38.050  INFO 16736 --- [http-nio-8182-exec-5] DeferredRepositoryInitializationListener : Triggering deferred initialization of Spring Data repositories…
2020-09-15 11:23:38.050  INFO 16736 --- [http-nio-8182-exec-5] DeferredRepositoryInitializationListener : Spring Data repositories initialized!
2020-09-15 11:23:39.126  INFO 16736 --- [PollingServerListUpdater-0] c.netflix.config.ChainedDynamicProperty  : Flipping property: Employee-Service.ribbon.ActiveConnectionsLimit to use NEXT property: niws.loadbalancer.availabilityFilteringRule.activeConnectionsLimit = 2147483647
2020-09-15 11:23:43.066  INFO 16736 --- [http-nio-8182-exec-6] c.s.m.controller.DepartmentController    : Getting All The Employees using restTemplate
2020-09-15 11:23:56.786  INFO 16736 --- [http-nio-8182-exec-7] c.s.m.controller.DepartmentController    : Getting All The Employees using restTemplate
2020-09-15 11:23:58.780  INFO 16736 --- [http-nio-8182-exec-8] c.s.m.controller.DepartmentController    : Getting All The Employees using restTemplate
2020-09-15 11:24:13.119  INFO 16736 --- [http-nio-8182-exec-9] c.s.m.controller.DepartmentController    : Getting All The Employees using restTemplate
2020-09-15 11:24:21.121  INFO 16736 --- [http-nio-8182-exec-10] c.s.m.controller.DepartmentController    : Getting All The Employees using restTemplate
2020-09-15 11:24:33.378  INFO 16736 --- [http-nio-8182-exec-1] c.s.m.controller.DepartmentController    : Adding a Employee to the database 
2020-09-15 11:24:38.448  INFO 16736 --- [http-nio-8182-exec-2] c.s.m.controller.DepartmentController    : Adding a Employee to the database 
2020-09-15 11:24:38.937  INFO 16736 --- [http-nio-8182-exec-3] c.s.m.controller.DepartmentController    : Getting All The Employees using restTemplate
2020-09-15 11:24:47.628  INFO 16736 --- [http-nio-8182-exec-4] c.s.m.controller.DepartmentController    : Getting All The Employees using restTemplate
2020-09-15 11:24:50.060  INFO 16736 --- [http-nio-8182-exec-5] c.s.m.controller.DepartmentController    : Getting All The Employees using restTemplate
2020-09-15 11:25:10.931  INFO 16736 --- [http-nio-8182-exec-6] c.s.m.controller.DepartmentController    : Getting All The Employees using restTemplate
2020-09-15 11:25:13.363  INFO 16736 --- [http-nio-8182-exec-7] c.s.m.controller.DepartmentController    : Getting All Departments
2020-09-15 11:25:17.011  INFO 16736 --- [http-nio-8182-exec-8] c.s.m.controller.DepartmentController    : Getting All Departments
2020-09-15 11:25:19.046  INFO 16736 --- [http-nio-8182-exec-9] c.s.m.controller.DepartmentController    : Getting All Departments
2020-09-15 11:26:46.835  INFO 16736 --- [AsyncResolver-bootstrap-executor-0] c.n.d.s.r.aws.ConfigClusterResolver      : Resolving eureka endpoints via configuration
2020-09-15 11:31:33.352  INFO 16736 --- [http-nio-8182-exec-1] c.s.m.controller.DepartmentController    : Getting All Departments
2020-09-15 11:31:43.385  INFO 16736 --- [http-nio-8182-exec-2] c.s.m.controller.DepartmentController    : Getting All The Employees using restTemplate
2020-09-15 11:31:45.643  INFO 16736 --- [http-nio-8182-exec-3] c.s.m.controller.DepartmentController    : Getting All The Employees using restTemplate
2020-09-15 11:31:46.838  INFO 16736 --- [AsyncResolver-bootstrap-executor-0] c.n.d.s.r.aws.ConfigClusterResolver      : Resolving eureka endpoints via configuration
2020-09-15 11:31:46.875  INFO 16736 --- [http-nio-8182-exec-4] c.s.m.controller.DepartmentController    : Getting All The Employees using restTemplate
2020-09-15 11:31:48.305  INFO 16736 --- [http-nio-8182-exec-5] c.s.m.controller.DepartmentController    : Getting All Departments
2020-09-15 11:32:35.141  INFO 16736 --- [http-nio-8182-exec-6] c.s.m.controller.DepartmentController    : Adding Department to the database
2020-09-15 11:32:35.534  INFO 16736 --- [http-nio-8182-exec-7] c.s.m.controller.DepartmentController    : Getting All Departments
2020-09-15 12:00:36.653  INFO 7916 --- [restartedMain] c.c.c.ConfigServicePropertySourceLocator : Fetching config from server at : http://localhost:8888
2020-09-15 12:00:41.067  INFO 7916 --- [restartedMain] c.c.c.ConfigServicePropertySourceLocator : Located environment: name=Department-Service, profiles=[production], label=null, version=f800e0225b75a3f1f536beb4e7c40c35f98a7045, state=null
2020-09-15 12:00:41.070  INFO 7916 --- [restartedMain] b.c.PropertySourceBootstrapConfiguration : Located property source: [BootstrapPropertySource {name='bootstrapProperties-configClient'}, BootstrapPropertySource {name='bootstrapProperties-https://github.com/trainig2020/yaswanthgitrepo/application-production.yml'}, BootstrapPropertySource {name='bootstrapProperties-https://github.com/trainig2020/yaswanthgitrepo/application.properties'}, BootstrapPropertySource {name='bootstrapProperties-https://github.com/trainig2020/yaswanthgitrepo/application.yml'}]
2020-09-15 12:00:41.183  INFO 7916 --- [restartedMain] c.s.m.DepartmentServiceApplication       : The following profiles are active: production
2020-09-15 12:00:43.090  INFO 7916 --- [restartedMain] .s.d.r.c.RepositoryConfigurationDelegate : Bootstrapping Spring Data JPA repositories in DEFERRED mode.
2020-09-15 12:00:43.367  INFO 7916 --- [restartedMain] .s.d.r.c.RepositoryConfigurationDelegate : Finished Spring Data repository scanning in 260ms. Found 1 JPA repository interfaces.
2020-09-15 12:00:43.641  WARN 7916 --- [restartedMain] o.s.boot.actuate.endpoint.EndpointId     : Endpoint ID 'service-registry' contains invalid characters, please migrate to a valid format.
2020-09-15 12:00:43.974  INFO 7916 --- [restartedMain] o.s.cloud.context.scope.GenericScope     : BeanFactory id=70b2ef61-495b-30af-87b9-1ff080645aff
2020-09-15 12:00:45.474  INFO 7916 --- [restartedMain] o.s.b.w.embedded.tomcat.TomcatWebServer  : Tomcat initialized with port(s): 8182 (http)
2020-09-15 12:00:45.491  INFO 7916 --- [restartedMain] o.apache.catalina.core.StandardService   : Starting service [Tomcat]
2020-09-15 12:00:45.491  INFO 7916 --- [restartedMain] org.apache.catalina.core.StandardEngine  : Starting Servlet engine: [Apache Tomcat/9.0.37]
2020-09-15 12:00:45.692  INFO 7916 --- [restartedMain] o.a.c.c.C.[Tomcat].[localhost].[/]       : Initializing Spring embedded WebApplicationContext
2020-09-15 12:00:45.694  INFO 7916 --- [restartedMain] w.s.c.ServletWebServerApplicationContext : Root WebApplicationContext: initialization completed in 4466 ms
2020-09-15 12:00:45.968  WARN 7916 --- [restartedMain] c.n.c.sources.URLConfigurationSource     : No URLs will be polled as dynamic configuration sources.
2020-09-15 12:00:45.969  INFO 7916 --- [restartedMain] c.n.c.sources.URLConfigurationSource     : To enable URLs as dynamic configuration sources, define System property archaius.configurationSource.additionalUrls or make config.properties available on classpath.
2020-09-15 12:00:45.991  INFO 7916 --- [restartedMain] c.netflix.config.DynamicPropertyFactory  : DynamicPropertyFactory is initialized with configuration sources: com.netflix.config.ConcurrentCompositeConfiguration@669e3ebd
2020-09-15 12:00:46.477  INFO 7916 --- [restartedMain] o.s.s.concurrent.ThreadPoolTaskExecutor  : Initializing ExecutorService 'applicationTaskExecutor'
2020-09-15 12:00:46.567  INFO 7916 --- [task-1] o.hibernate.jpa.internal.util.LogHelper  : HHH000204: Processing PersistenceUnitInfo [name: default]
2020-09-15 12:00:46.669  INFO 7916 --- [task-1] org.hibernate.Version                    : HHH000412: Hibernate ORM core version 5.4.20.Final
2020-09-15 12:00:46.956  INFO 7916 --- [task-1] o.hibernate.annotations.common.Version   : HCANN000001: Hibernate Commons Annotations {5.1.0.Final}
2020-09-15 12:00:47.212  INFO 7916 --- [task-1] com.zaxxer.hikari.HikariDataSource       : HikariPool-1 - Starting...
2020-09-15 12:00:47.928  INFO 7916 --- [task-1] com.zaxxer.hikari.HikariDataSource       : HikariPool-1 - Start completed.
2020-09-15 12:00:47.965  INFO 7916 --- [task-1] org.hibernate.dialect.Dialect            : HHH000400: Using dialect: org.hibernate.dialect.MySQL5Dialect
2020-09-15 12:00:49.508  INFO 7916 --- [task-1] o.h.e.t.j.p.i.JtaPlatformInitiator       : HHH000490: Using JtaPlatform implementation: [org.hibernate.engine.transaction.jta.platform.internal.NoJtaPlatform]
2020-09-15 12:00:49.523  INFO 7916 --- [task-1] j.LocalContainerEntityManagerFactoryBean : Initialized JPA EntityManagerFactory for persistence unit 'default'
2020-09-15 12:00:49.822  WARN 7916 --- [task-2] o.s.b.d.a.OptionalLiveReloadServer       : Unable to start LiveReload server
2020-09-15 12:00:50.192  WARN 7916 --- [restartedMain] c.n.c.sources.URLConfigurationSource     : No URLs will be polled as dynamic configuration sources.
2020-09-15 12:00:50.194  INFO 7916 --- [restartedMain] c.n.c.sources.URLConfigurationSource     : To enable URLs as dynamic configuration sources, define System property archaius.configurationSource.additionalUrls or make config.properties available on classpath.
2020-09-15 12:00:50.327  WARN 7916 --- [restartedMain] JpaBaseConfiguration$JpaWebConfiguration : spring.jpa.open-in-view is enabled by default. Therefore, database queries may be performed during view rendering. Explicitly configure spring.jpa.open-in-view to disable this warning
2020-09-15 12:00:52.622  WARN 7916 --- [restartedMain] ockingLoadBalancerClientRibbonWarnLogger : You already have RibbonLoadBalancerClient on your classpath. It will be used by default. As Spring Cloud Ribbon is in maintenance mode. We recommend switching to BlockingLoadBalancerClient instead. In order to use it, set the value of `spring.cloud.loadbalancer.ribbon.enabled` to `false` or remove spring-cloud-starter-netflix-ribbon from your project.
2020-09-15 12:00:52.761  INFO 7916 --- [restartedMain] o.s.b.a.e.web.EndpointLinksResolver      : Exposing 2 endpoint(s) beneath base path '/actuator'
2020-09-15 12:00:52.859  INFO 7916 --- [restartedMain] o.s.c.n.eureka.InstanceInfoFactory       : Setting initial instance status as: STARTING
2020-09-15 12:00:52.962  INFO 7916 --- [restartedMain] com.netflix.discovery.DiscoveryClient    : Initializing Eureka in region us-east-1
2020-09-15 12:00:53.079  INFO 7916 --- [restartedMain] c.n.d.provider.DiscoveryJerseyProvider   : Using JSON encoding codec LegacyJacksonJson
2020-09-15 12:00:53.080  INFO 7916 --- [restartedMain] c.n.d.provider.DiscoveryJerseyProvider   : Using JSON decoding codec LegacyJacksonJson
2020-09-15 12:00:53.336  INFO 7916 --- [restartedMain] c.n.d.provider.DiscoveryJerseyProvider   : Using XML encoding codec XStreamXml
2020-09-15 12:00:53.338  INFO 7916 --- [restartedMain] c.n.d.provider.DiscoveryJerseyProvider   : Using XML decoding codec XStreamXml
2020-09-15 12:00:53.605  INFO 7916 --- [restartedMain] c.n.d.s.r.aws.ConfigClusterResolver      : Resolving eureka endpoints via configuration
2020-09-15 12:00:53.855  INFO 7916 --- [restartedMain] com.netflix.discovery.DiscoveryClient    : Disable delta property : false
2020-09-15 12:00:53.856  INFO 7916 --- [restartedMain] com.netflix.discovery.DiscoveryClient    : Single vip registry refresh property : null
2020-09-15 12:00:53.856  INFO 7916 --- [restartedMain] com.netflix.discovery.DiscoveryClient    : Force full registry fetch : false
2020-09-15 12:00:53.857  INFO 7916 --- [restartedMain] com.netflix.discovery.DiscoveryClient    : Application is null : false
2020-09-15 12:00:53.857  INFO 7916 --- [restartedMain] com.netflix.discovery.DiscoveryClient    : Registered Applications size is zero : true
2020-09-15 12:00:53.857  INFO 7916 --- [restartedMain] com.netflix.discovery.DiscoveryClient    : Application version is -1: true
2020-09-15 12:00:53.857  INFO 7916 --- [restartedMain] com.netflix.discovery.DiscoveryClient    : Getting all instance registry info from the eureka server
2020-09-15 12:00:54.713  INFO 7916 --- [restartedMain] com.netflix.discovery.DiscoveryClient    : The response status is 200
2020-09-15 12:00:54.717  INFO 7916 --- [restartedMain] com.netflix.discovery.DiscoveryClient    : Starting heartbeat executor: renew interval is: 30
2020-09-15 12:00:54.722  INFO 7916 --- [restartedMain] c.n.discovery.InstanceInfoReplicator     : InstanceInfoReplicator onDemand update allowed rate per min is 4
2020-09-15 12:00:54.735  INFO 7916 --- [restartedMain] com.netflix.discovery.DiscoveryClient    : Discovery Client initialized at timestamp 1600151454733 with initial instances count: 0
2020-09-15 12:00:54.749  INFO 7916 --- [restartedMain] o.s.c.n.e.s.EurekaServiceRegistry        : Registering application DEPARTMENT-SERVICE with eureka with status UP
2020-09-15 12:00:54.752  INFO 7916 --- [restartedMain] com.netflix.discovery.DiscoveryClient    : Saw local status change event StatusChangeEvent [timestamp=1600151454752, current=UP, previous=STARTING]
2020-09-15 12:00:54.781  INFO 7916 --- [DiscoveryClient-InstanceInfoReplicator-0] com.netflix.discovery.DiscoveryClient    : DiscoveryClient_DEPARTMENT-SERVICE/LAPTOP-JMMCFRFU:Department-Service:8182: registering service...
2020-09-15 12:00:54.888  INFO 7916 --- [restartedMain] o.s.b.w.embedded.tomcat.TomcatWebServer  : Tomcat started on port(s): 8182 (http) with context path ''
2020-09-15 12:00:54.891  INFO 7916 --- [restartedMain] .s.c.n.e.s.EurekaAutoServiceRegistration : Updating port to 8182
2020-09-15 12:00:55.053  INFO 7916 --- [DiscoveryClient-InstanceInfoReplicator-0] com.netflix.discovery.DiscoveryClient    : DiscoveryClient_DEPARTMENT-SERVICE/LAPTOP-JMMCFRFU:Department-Service:8182 - registration status: 204
2020-09-15 12:00:55.470  INFO 7916 --- [restartedMain] DeferredRepositoryInitializationListener : Triggering deferred initialization of Spring Data repositories…
2020-09-15 12:00:55.545  INFO 7916 --- [restartedMain] DeferredRepositoryInitializationListener : Spring Data repositories initialized!
2020-09-15 12:00:55.667  INFO 7916 --- [restartedMain] c.s.m.DepartmentServiceApplication       : Started DepartmentServiceApplication in 21.975 seconds (JVM running for 23.009)
2020-09-15 12:01:24.718  INFO 7916 --- [DiscoveryClient-CacheRefreshExecutor-0] com.netflix.discovery.DiscoveryClient    : Disable delta property : false
2020-09-15 12:01:24.731  INFO 7916 --- [DiscoveryClient-CacheRefreshExecutor-0] com.netflix.discovery.DiscoveryClient    : Single vip registry refresh property : null
2020-09-15 12:01:24.733  INFO 7916 --- [DiscoveryClient-CacheRefreshExecutor-0] com.netflix.discovery.DiscoveryClient    : Force full registry fetch : false
2020-09-15 12:01:24.734  INFO 7916 --- [DiscoveryClient-CacheRefreshExecutor-0] com.netflix.discovery.DiscoveryClient    : Application is null : false
2020-09-15 12:01:24.734  INFO 7916 --- [DiscoveryClient-CacheRefreshExecutor-0] com.netflix.discovery.DiscoveryClient    : Registered Applications size is zero : true
2020-09-15 12:01:24.734  INFO 7916 --- [DiscoveryClient-CacheRefreshExecutor-0] com.netflix.discovery.DiscoveryClient    : Application version is -1: false
2020-09-15 12:01:24.736  INFO 7916 --- [DiscoveryClient-CacheRefreshExecutor-0] com.netflix.discovery.DiscoveryClient    : Getting all instance registry info from the eureka server
2020-09-15 12:01:24.769  INFO 7916 --- [DiscoveryClient-CacheRefreshExecutor-0] com.netflix.discovery.DiscoveryClient    : The response status is 200
2020-09-15 12:02:34.239  INFO 7916 --- [http-nio-8182-exec-3] o.a.c.c.C.[Tomcat].[localhost].[/]       : Initializing Spring DispatcherServlet 'dispatcherServlet'
2020-09-15 12:02:34.241  INFO 7916 --- [http-nio-8182-exec-3] o.s.web.servlet.DispatcherServlet        : Initializing Servlet 'dispatcherServlet'
2020-09-15 12:02:34.625  INFO 7916 --- [http-nio-8182-exec-3] o.s.web.servlet.DispatcherServlet        : Completed initialization in 384 ms
2020-09-15 12:02:35.629  INFO 7916 --- [http-nio-8182-exec-3] c.s.m.controller.DepartmentController    : Getting All Departments
2020-09-15 12:02:36.084  INFO 7916 --- [http-nio-8182-exec-2] c.s.m.controller.DepartmentController    : Getting All Departments
2020-09-15 12:03:10.407  INFO 7916 --- [http-nio-8182-exec-1] c.s.m.controller.DepartmentController    : Adding Department to the database
2020-09-15 12:03:10.904  INFO 7916 --- [http-nio-8182-exec-4] c.s.m.controller.DepartmentController    : Getting All Departments
2020-09-15 12:03:14.745  INFO 7916 --- [http-nio-8182-exec-5] c.s.m.controller.DepartmentController    : Getting All The Employees using restTemplate
2020-09-15 12:03:15.352  INFO 7916 --- [http-nio-8182-exec-5] c.netflix.config.ChainedDynamicProperty  : Flipping property: Employee-Service.ribbon.ActiveConnectionsLimit to use NEXT property: niws.loadbalancer.availabilityFilteringRule.activeConnectionsLimit = 2147483647
2020-09-15 12:03:15.438  INFO 7916 --- [http-nio-8182-exec-5] c.n.u.concurrent.ShutdownEnabledTimer    : Shutdown hook installed for: NFLoadBalancer-PingTimer-Employee-Service
2020-09-15 12:03:15.439  INFO 7916 --- [http-nio-8182-exec-5] c.netflix.loadbalancer.BaseLoadBalancer  : Client: Employee-Service instantiated a LoadBalancer: DynamicServerListLoadBalancer:{NFLoadBalancer:name=Employee-Service,current list of Servers=[],Load balancer stats=Zone stats: {},Server stats: []}ServerList:null
2020-09-15 12:03:15.452  INFO 7916 --- [http-nio-8182-exec-5] c.n.l.DynamicServerListLoadBalancer      : Using serverListUpdater PollingServerListUpdater
2020-09-15 12:03:15.545  INFO 7916 --- [http-nio-8182-exec-5] c.netflix.config.ChainedDynamicProperty  : Flipping property: Employee-Service.ribbon.ActiveConnectionsLimit to use NEXT property: niws.loadbalancer.availabilityFilteringRule.activeConnectionsLimit = 2147483647
2020-09-15 12:03:15.549  INFO 7916 --- [http-nio-8182-exec-5] c.n.l.DynamicServerListLoadBalancer      : DynamicServerListLoadBalancer for client Employee-Service initialized: DynamicServerListLoadBalancer:{NFLoadBalancer:name=Employee-Service,current list of Servers=[LAPTOP-JMMCFRFU:8282],Load balancer stats=Zone stats: {defaultzone=[Zone:defaultzone;	Instance count:1;	Active connections count: 0;	Circuit breaker tripped count: 0;	Active connections per server: 0.0;]
},Server stats: [[Server:LAPTOP-JMMCFRFU:8282;	Zone:defaultZone;	Total Requests:0;	Successive connection failure:0;	Total blackout seconds:0;	Last connection made:Thu Jan 01 05:30:00 IST 1970;	First connection made: Thu Jan 01 05:30:00 IST 1970;	Active Connections:0;	total failure count in last (1000) msecs:0;	average resp time:0.0;	90 percentile resp time:0.0;	95 percentile resp time:0.0;	min resp time:0.0;	max resp time:0.0;	stddev resp time:0.0]
]}ServerList:org.springframework.cloud.netflix.ribbon.eureka.DomainExtractingServerList@46bae082
2020-09-15 12:03:15.584  INFO 7916 --- [http-nio-8182-exec-5] DeferredRepositoryInitializationListener : Triggering deferred initialization of Spring Data repositories…
2020-09-15 12:03:15.585  INFO 7916 --- [http-nio-8182-exec-5] DeferredRepositoryInitializationListener : Spring Data repositories initialized!
2020-09-15 12:03:16.472  INFO 7916 --- [PollingServerListUpdater-0] c.netflix.config.ChainedDynamicProperty  : Flipping property: Employee-Service.ribbon.ActiveConnectionsLimit to use NEXT property: niws.loadbalancer.availabilityFilteringRule.activeConnectionsLimit = 2147483647
2020-09-15 12:03:19.423  INFO 7916 --- [http-nio-8182-exec-6] c.s.m.controller.DepartmentController    : Getting All The Employees using restTemplate
2020-09-15 12:03:45.051  INFO 7916 --- [http-nio-8182-exec-7] c.s.m.controller.DepartmentController    : Adding a Employee to the database 
2020-09-15 12:03:45.831  INFO 7916 --- [http-nio-8182-exec-8] c.s.m.controller.DepartmentController    : Getting All The Employees using restTemplate
2020-09-15 12:05:53.861  INFO 7916 --- [AsyncResolver-bootstrap-executor-0] c.n.d.s.r.aws.ConfigClusterResolver      : Resolving eureka endpoints via configuration
2020-09-15 12:10:53.862  INFO 7916 --- [AsyncResolver-bootstrap-executor-0] c.n.d.s.r.aws.ConfigClusterResolver      : Resolving eureka endpoints via configuration
2020-09-15 12:15:53.864  INFO 7916 --- [AsyncResolver-bootstrap-executor-0] c.n.d.s.r.aws.ConfigClusterResolver      : Resolving eureka endpoints via configuration
2020-09-15 12:20:53.867  INFO 7916 --- [AsyncResolver-bootstrap-executor-0] c.n.d.s.r.aws.ConfigClusterResolver      : Resolving eureka endpoints via configuration
2020-09-15 12:25:53.868  INFO 7916 --- [AsyncResolver-bootstrap-executor-0] c.n.d.s.r.aws.ConfigClusterResolver      : Resolving eureka endpoints via configuration
2020-09-15 12:30:53.871  INFO 7916 --- [AsyncResolver-bootstrap-executor-0] c.n.d.s.r.aws.ConfigClusterResolver      : Resolving eureka endpoints via configuration
2020-09-15 12:35:53.873  INFO 7916 --- [AsyncResolver-bootstrap-executor-0] c.n.d.s.r.aws.ConfigClusterResolver      : Resolving eureka endpoints via configuration
2020-09-15 12:40:53.875  INFO 7916 --- [AsyncResolver-bootstrap-executor-0] c.n.d.s.r.aws.ConfigClusterResolver      : Resolving eureka endpoints via configuration
2020-09-15 12:45:53.877  INFO 7916 --- [AsyncResolver-bootstrap-executor-0] c.n.d.s.r.aws.ConfigClusterResolver      : Resolving eureka endpoints via configuration
2020-09-15 12:50:53.879  INFO 7916 --- [AsyncResolver-bootstrap-executor-0] c.n.d.s.r.aws.ConfigClusterResolver      : Resolving eureka endpoints via configuration
2020-09-15 12:55:53.883  INFO 7916 --- [AsyncResolver-bootstrap-executor-0] c.n.d.s.r.aws.ConfigClusterResolver      : Resolving eureka endpoints via configuration
2020-09-15 13:00:53.885  INFO 7916 --- [AsyncResolver-bootstrap-executor-0] c.n.d.s.r.aws.ConfigClusterResolver      : Resolving eureka endpoints via configuration
2020-09-15 13:05:53.886  INFO 7916 --- [AsyncResolver-bootstrap-executor-0] c.n.d.s.r.aws.ConfigClusterResolver      : Resolving eureka endpoints via configuration
2020-09-15 13:50:06.587  WARN 7916 --- [HikariPool-1 housekeeper] com.zaxxer.hikari.pool.HikariPool        : HikariPool-1 - Thread starvation or clock leap detected (housekeeper delta=42m18s353ms111µs900ns).
2020-09-15 13:52:42.233  INFO 7916 --- [AsyncResolver-bootstrap-executor-0] c.n.d.s.r.aws.ConfigClusterResolver      : Resolving eureka endpoints via configuration
2020-09-15 13:57:42.234  INFO 7916 --- [AsyncResolver-bootstrap-executor-0] c.n.d.s.r.aws.ConfigClusterResolver      : Resolving eureka endpoints via configuration
2020-09-15 14:02:42.236  INFO 7916 --- [AsyncResolver-bootstrap-executor-0] c.n.d.s.r.aws.ConfigClusterResolver      : Resolving eureka endpoints via configuration
2020-09-15 14:07:42.238  INFO 7916 --- [AsyncResolver-bootstrap-executor-0] c.n.d.s.r.aws.ConfigClusterResolver      : Resolving eureka endpoints via configuration
2020-09-15 14:11:36.618  INFO 13404 --- [restartedMain] c.c.c.ConfigServicePropertySourceLocator : Fetching config from server at : http://localhost:8888
2020-09-15 14:11:41.206  INFO 13404 --- [restartedMain] c.c.c.ConfigServicePropertySourceLocator : Located environment: name=Department-Service, profiles=[production], label=null, version=f800e0225b75a3f1f536beb4e7c40c35f98a7045, state=null
2020-09-15 14:11:41.210  INFO 13404 --- [restartedMain] b.c.PropertySourceBootstrapConfiguration : Located property source: [BootstrapPropertySource {name='bootstrapProperties-configClient'}, BootstrapPropertySource {name='bootstrapProperties-https://github.com/trainig2020/yaswanthgitrepo/application-production.yml'}, BootstrapPropertySource {name='bootstrapProperties-https://github.com/trainig2020/yaswanthgitrepo/application.properties'}, BootstrapPropertySource {name='bootstrapProperties-https://github.com/trainig2020/yaswanthgitrepo/application.yml'}]
2020-09-15 14:11:41.420  INFO 13404 --- [restartedMain] c.s.m.DepartmentServiceApplication       : The following profiles are active: production
2020-09-15 14:11:43.330  INFO 13404 --- [restartedMain] .s.d.r.c.RepositoryConfigurationDelegate : Bootstrapping Spring Data JPA repositories in DEFERRED mode.
2020-09-15 14:11:43.659  INFO 13404 --- [restartedMain] .s.d.r.c.RepositoryConfigurationDelegate : Finished Spring Data repository scanning in 314ms. Found 1 JPA repository interfaces.
2020-09-15 14:11:43.985  WARN 13404 --- [restartedMain] o.s.boot.actuate.endpoint.EndpointId     : Endpoint ID 'service-registry' contains invalid characters, please migrate to a valid format.
2020-09-15 14:11:44.327  INFO 13404 --- [restartedMain] o.s.cloud.context.scope.GenericScope     : BeanFactory id=70b2ef61-495b-30af-87b9-1ff080645aff
2020-09-15 14:11:45.729  INFO 13404 --- [restartedMain] o.s.b.w.embedded.tomcat.TomcatWebServer  : Tomcat initialized with port(s): 8182 (http)
2020-09-15 14:11:45.748  INFO 13404 --- [restartedMain] o.apache.catalina.core.StandardService   : Starting service [Tomcat]
2020-09-15 14:11:45.749  INFO 13404 --- [restartedMain] org.apache.catalina.core.StandardEngine  : Starting Servlet engine: [Apache Tomcat/9.0.37]
2020-09-15 14:11:45.943  INFO 13404 --- [restartedMain] o.a.c.c.C.[Tomcat].[localhost].[/]       : Initializing Spring embedded WebApplicationContext
2020-09-15 14:11:45.945  INFO 13404 --- [restartedMain] w.s.c.ServletWebServerApplicationContext : Root WebApplicationContext: initialization completed in 4488 ms
2020-09-15 14:11:46.237  WARN 13404 --- [restartedMain] c.n.c.sources.URLConfigurationSource     : No URLs will be polled as dynamic configuration sources.
2020-09-15 14:11:46.238  INFO 13404 --- [restartedMain] c.n.c.sources.URLConfigurationSource     : To enable URLs as dynamic configuration sources, define System property archaius.configurationSource.additionalUrls or make config.properties available on classpath.
2020-09-15 14:11:46.260  INFO 13404 --- [restartedMain] c.netflix.config.DynamicPropertyFactory  : DynamicPropertyFactory is initialized with configuration sources: com.netflix.config.ConcurrentCompositeConfiguration@2f679d0
2020-09-15 14:11:46.790  INFO 13404 --- [restartedMain] o.s.s.concurrent.ThreadPoolTaskExecutor  : Initializing ExecutorService 'applicationTaskExecutor'
2020-09-15 14:11:46.888  INFO 13404 --- [task-1] o.hibernate.jpa.internal.util.LogHelper  : HHH000204: Processing PersistenceUnitInfo [name: default]
2020-09-15 14:11:47.004  INFO 13404 --- [task-1] org.hibernate.Version                    : HHH000412: Hibernate ORM core version 5.4.20.Final
2020-09-15 14:11:47.269  INFO 13404 --- [task-1] o.hibernate.annotations.common.Version   : HCANN000001: Hibernate Commons Annotations {5.1.0.Final}
2020-09-15 14:11:47.542  INFO 13404 --- [task-1] com.zaxxer.hikari.HikariDataSource       : HikariPool-1 - Starting...
2020-09-15 14:11:48.257  INFO 13404 --- [task-1] com.zaxxer.hikari.HikariDataSource       : HikariPool-1 - Start completed.
2020-09-15 14:11:48.297  INFO 13404 --- [task-1] org.hibernate.dialect.Dialect            : HHH000400: Using dialect: org.hibernate.dialect.MySQL5Dialect
2020-09-15 14:11:49.988  INFO 13404 --- [task-1] o.h.e.t.j.p.i.JtaPlatformInitiator       : HHH000490: Using JtaPlatform implementation: [org.hibernate.engine.transaction.jta.platform.internal.NoJtaPlatform]
2020-09-15 14:11:50.000  INFO 13404 --- [task-1] j.LocalContainerEntityManagerFactoryBean : Initialized JPA EntityManagerFactory for persistence unit 'default'
2020-09-15 14:11:50.293  WARN 13404 --- [task-2] o.s.b.d.a.OptionalLiveReloadServer       : Unable to start LiveReload server
2020-09-15 14:11:50.634  WARN 13404 --- [restartedMain] c.n.c.sources.URLConfigurationSource     : No URLs will be polled as dynamic configuration sources.
2020-09-15 14:11:50.635  INFO 13404 --- [restartedMain] c.n.c.sources.URLConfigurationSource     : To enable URLs as dynamic configuration sources, define System property archaius.configurationSource.additionalUrls or make config.properties available on classpath.
2020-09-15 14:11:50.756  WARN 13404 --- [restartedMain] JpaBaseConfiguration$JpaWebConfiguration : spring.jpa.open-in-view is enabled by default. Therefore, database queries may be performed during view rendering. Explicitly configure spring.jpa.open-in-view to disable this warning
2020-09-15 14:11:53.102  WARN 13404 --- [restartedMain] ockingLoadBalancerClientRibbonWarnLogger : You already have RibbonLoadBalancerClient on your classpath. It will be used by default. As Spring Cloud Ribbon is in maintenance mode. We recommend switching to BlockingLoadBalancerClient instead. In order to use it, set the value of `spring.cloud.loadbalancer.ribbon.enabled` to `false` or remove spring-cloud-starter-netflix-ribbon from your project.
2020-09-15 14:11:53.242  INFO 13404 --- [restartedMain] o.s.b.a.e.web.EndpointLinksResolver      : Exposing 2 endpoint(s) beneath base path '/actuator'
2020-09-15 14:11:53.344  INFO 13404 --- [restartedMain] o.s.c.n.eureka.InstanceInfoFactory       : Setting initial instance status as: STARTING
2020-09-15 14:11:53.454  INFO 13404 --- [restartedMain] com.netflix.discovery.DiscoveryClient    : Initializing Eureka in region us-east-1
2020-09-15 14:11:53.582  INFO 13404 --- [restartedMain] c.n.d.provider.DiscoveryJerseyProvider   : Using JSON encoding codec LegacyJacksonJson
2020-09-15 14:11:53.584  INFO 13404 --- [restartedMain] c.n.d.provider.DiscoveryJerseyProvider   : Using JSON decoding codec LegacyJacksonJson
2020-09-15 14:11:53.843  INFO 13404 --- [restartedMain] c.n.d.provider.DiscoveryJerseyProvider   : Using XML encoding codec XStreamXml
2020-09-15 14:11:53.844  INFO 13404 --- [restartedMain] c.n.d.provider.DiscoveryJerseyProvider   : Using XML decoding codec XStreamXml
2020-09-15 14:11:54.120  INFO 13404 --- [restartedMain] c.n.d.s.r.aws.ConfigClusterResolver      : Resolving eureka endpoints via configuration
2020-09-15 14:11:54.350  INFO 13404 --- [restartedMain] com.netflix.discovery.DiscoveryClient    : Disable delta property : false
2020-09-15 14:11:54.350  INFO 13404 --- [restartedMain] com.netflix.discovery.DiscoveryClient    : Single vip registry refresh property : null
2020-09-15 14:11:54.350  INFO 13404 --- [restartedMain] com.netflix.discovery.DiscoveryClient    : Force full registry fetch : false
2020-09-15 14:11:54.351  INFO 13404 --- [restartedMain] com.netflix.discovery.DiscoveryClient    : Application is null : false
2020-09-15 14:11:54.351  INFO 13404 --- [restartedMain] com.netflix.discovery.DiscoveryClient    : Registered Applications size is zero : true
2020-09-15 14:11:54.351  INFO 13404 --- [restartedMain] com.netflix.discovery.DiscoveryClient    : Application version is -1: true
2020-09-15 14:11:54.352  INFO 13404 --- [restartedMain] com.netflix.discovery.DiscoveryClient    : Getting all instance registry info from the eureka server
2020-09-15 14:11:55.251  INFO 13404 --- [restartedMain] com.netflix.discovery.DiscoveryClient    : The response status is 200
2020-09-15 14:11:55.255  INFO 13404 --- [restartedMain] com.netflix.discovery.DiscoveryClient    : Starting heartbeat executor: renew interval is: 30
2020-09-15 14:11:55.260  INFO 13404 --- [restartedMain] c.n.discovery.InstanceInfoReplicator     : InstanceInfoReplicator onDemand update allowed rate per min is 4
2020-09-15 14:11:55.267  INFO 13404 --- [restartedMain] com.netflix.discovery.DiscoveryClient    : Discovery Client initialized at timestamp 1600159315265 with initial instances count: 0
2020-09-15 14:11:55.310  INFO 13404 --- [restartedMain] o.s.c.n.e.s.EurekaServiceRegistry        : Registering application DEPARTMENT-SERVICE with eureka with status UP
2020-09-15 14:11:55.317  INFO 13404 --- [restartedMain] com.netflix.discovery.DiscoveryClient    : Saw local status change event StatusChangeEvent [timestamp=1600159315317, current=UP, previous=STARTING]
2020-09-15 14:11:55.322  INFO 13404 --- [DiscoveryClient-InstanceInfoReplicator-0] com.netflix.discovery.DiscoveryClient    : DiscoveryClient_DEPARTMENT-SERVICE/LAPTOP-JMMCFRFU:Department-Service:8182: registering service...
2020-09-15 14:11:55.493  INFO 13404 --- [restartedMain] o.s.b.w.embedded.tomcat.TomcatWebServer  : Tomcat started on port(s): 8182 (http) with context path ''
2020-09-15 14:11:55.495  INFO 13404 --- [restartedMain] .s.c.n.e.s.EurekaAutoServiceRegistration : Updating port to 8182
2020-09-15 14:11:55.777  INFO 13404 --- [DiscoveryClient-InstanceInfoReplicator-0] com.netflix.discovery.DiscoveryClient    : DiscoveryClient_DEPARTMENT-SERVICE/LAPTOP-JMMCFRFU:Department-Service:8182 - registration status: 204
2020-09-15 14:11:56.300  INFO 13404 --- [restartedMain] DeferredRepositoryInitializationListener : Triggering deferred initialization of Spring Data repositories…
2020-09-15 14:11:56.433  INFO 13404 --- [restartedMain] DeferredRepositoryInitializationListener : Spring Data repositories initialized!
2020-09-15 14:11:56.464  INFO 13404 --- [restartedMain] c.s.m.DepartmentServiceApplication       : Started DepartmentServiceApplication in 22.077 seconds (JVM running for 23.003)
2020-09-15 14:12:25.257  INFO 13404 --- [DiscoveryClient-CacheRefreshExecutor-0] com.netflix.discovery.DiscoveryClient    : Disable delta property : false
2020-09-15 14:12:25.257  INFO 13404 --- [DiscoveryClient-CacheRefreshExecutor-0] com.netflix.discovery.DiscoveryClient    : Single vip registry refresh property : null
2020-09-15 14:12:25.257  INFO 13404 --- [DiscoveryClient-CacheRefreshExecutor-0] com.netflix.discovery.DiscoveryClient    : Force full registry fetch : false
2020-09-15 14:12:25.257  INFO 13404 --- [DiscoveryClient-CacheRefreshExecutor-0] com.netflix.discovery.DiscoveryClient    : Application is null : false
2020-09-15 14:12:25.257  INFO 13404 --- [DiscoveryClient-CacheRefreshExecutor-0] com.netflix.discovery.DiscoveryClient    : Registered Applications size is zero : true
2020-09-15 14:12:25.257  INFO 13404 --- [DiscoveryClient-CacheRefreshExecutor-0] com.netflix.discovery.DiscoveryClient    : Application version is -1: false
2020-09-15 14:12:25.257  INFO 13404 --- [DiscoveryClient-CacheRefreshExecutor-0] com.netflix.discovery.DiscoveryClient    : Getting all instance registry info from the eureka server
2020-09-15 14:12:25.288  INFO 13404 --- [DiscoveryClient-CacheRefreshExecutor-0] com.netflix.discovery.DiscoveryClient    : The response status is 200
2020-09-15 14:13:38.354  INFO 13404 --- [http-nio-8182-exec-9] o.a.c.c.C.[Tomcat].[localhost].[/]       : Initializing Spring DispatcherServlet 'dispatcherServlet'
2020-09-15 14:13:38.354  INFO 13404 --- [http-nio-8182-exec-9] o.s.web.servlet.DispatcherServlet        : Initializing Servlet 'dispatcherServlet'
2020-09-15 14:13:38.396  INFO 13404 --- [http-nio-8182-exec-9] o.s.web.servlet.DispatcherServlet        : Completed initialization in 42 ms
2020-09-15 14:13:38.789  INFO 13404 --- [http-nio-8182-exec-9] c.s.m.controller.DepartmentController    : Getting All Departments
2020-09-15 14:13:38.790  INFO 13404 --- [http-nio-8182-exec-10] c.s.m.controller.DepartmentController    : Getting All Departments
2020-09-15 14:13:59.218  INFO 13404 --- [http-nio-8182-exec-8] c.s.m.controller.DepartmentController    : Adding Department to the database
2020-09-15 14:13:59.831  INFO 13404 --- [http-nio-8182-exec-7] c.s.m.controller.DepartmentController    : Getting All Departments
2020-09-15 14:16:54.356  INFO 13404 --- [AsyncResolver-bootstrap-executor-0] c.n.d.s.r.aws.ConfigClusterResolver      : Resolving eureka endpoints via configuration
2020-09-15 14:21:54.359  INFO 13404 --- [AsyncResolver-bootstrap-executor-0] c.n.d.s.r.aws.ConfigClusterResolver      : Resolving eureka endpoints via configuration
2020-09-15 14:26:54.361  INFO 13404 --- [AsyncResolver-bootstrap-executor-0] c.n.d.s.r.aws.ConfigClusterResolver      : Resolving eureka endpoints via configuration
2020-09-15 14:31:54.362  INFO 13404 --- [AsyncResolver-bootstrap-executor-0] c.n.d.s.r.aws.ConfigClusterResolver      : Resolving eureka endpoints via configuration
2020-09-15 14:36:54.365  INFO 13404 --- [AsyncResolver-bootstrap-executor-0] c.n.d.s.r.aws.ConfigClusterResolver      : Resolving eureka endpoints via configuration
2020-09-15 14:41:54.367  INFO 13404 --- [AsyncResolver-bootstrap-executor-0] c.n.d.s.r.aws.ConfigClusterResolver      : Resolving eureka endpoints via configuration
2020-09-15 14:46:54.368  INFO 13404 --- [AsyncResolver-bootstrap-executor-0] c.n.d.s.r.aws.ConfigClusterResolver      : Resolving eureka endpoints via configuration
2020-09-15 14:51:54.370  INFO 13404 --- [AsyncResolver-bootstrap-executor-0] c.n.d.s.r.aws.ConfigClusterResolver      : Resolving eureka endpoints via configuration
2020-09-15 14:56:54.371  INFO 13404 --- [AsyncResolver-bootstrap-executor-0] c.n.d.s.r.aws.ConfigClusterResolver      : Resolving eureka endpoints via configuration
2020-09-15 14:59:49.193  INFO 13404 --- [http-nio-8182-exec-4] c.s.m.controller.DepartmentController    : Getting All Departments
2020-09-15 14:59:51.897  INFO 13404 --- [http-nio-8182-exec-3] c.s.m.controller.DepartmentController    : Getting All Departments
2020-09-15 14:59:56.610  INFO 13404 --- [http-nio-8182-exec-2] c.s.m.controller.DepartmentController    : Getting All The Employees using restTemplate
2020-09-15 14:59:57.046  INFO 13404 --- [http-nio-8182-exec-2] c.netflix.config.ChainedDynamicProperty  : Flipping property: Employee-Service.ribbon.ActiveConnectionsLimit to use NEXT property: niws.loadbalancer.availabilityFilteringRule.activeConnectionsLimit = 2147483647
2020-09-15 14:59:57.121  INFO 13404 --- [http-nio-8182-exec-2] c.n.u.concurrent.ShutdownEnabledTimer    : Shutdown hook installed for: NFLoadBalancer-PingTimer-Employee-Service
2020-09-15 14:59:57.122  INFO 13404 --- [http-nio-8182-exec-2] c.netflix.loadbalancer.BaseLoadBalancer  : Client: Employee-Service instantiated a LoadBalancer: DynamicServerListLoadBalancer:{NFLoadBalancer:name=Employee-Service,current list of Servers=[],Load balancer stats=Zone stats: {},Server stats: []}ServerList:null
2020-09-15 14:59:57.141  INFO 13404 --- [http-nio-8182-exec-2] c.n.l.DynamicServerListLoadBalancer      : Using serverListUpdater PollingServerListUpdater
2020-09-15 14:59:57.200  INFO 13404 --- [http-nio-8182-exec-2] c.netflix.config.ChainedDynamicProperty  : Flipping property: Employee-Service.ribbon.ActiveConnectionsLimit to use NEXT property: niws.loadbalancer.availabilityFilteringRule.activeConnectionsLimit = 2147483647
2020-09-15 14:59:57.203  INFO 13404 --- [http-nio-8182-exec-2] c.n.l.DynamicServerListLoadBalancer      : DynamicServerListLoadBalancer for client Employee-Service initialized: DynamicServerListLoadBalancer:{NFLoadBalancer:name=Employee-Service,current list of Servers=[LAPTOP-JMMCFRFU:8282],Load balancer stats=Zone stats: {defaultzone=[Zone:defaultzone;	Instance count:1;	Active connections count: 0;	Circuit breaker tripped count: 0;	Active connections per server: 0.0;]
},Server stats: [[Server:LAPTOP-JMMCFRFU:8282;	Zone:defaultZone;	Total Requests:0;	Successive connection failure:0;	Total blackout seconds:0;	Last connection made:Thu Jan 01 05:30:00 IST 1970;	First connection made: Thu Jan 01 05:30:00 IST 1970;	Active Connections:0;	total failure count in last (1000) msecs:0;	average resp time:0.0;	90 percentile resp time:0.0;	95 percentile resp time:0.0;	min resp time:0.0;	max resp time:0.0;	stddev resp time:0.0]
]}ServerList:org.springframework.cloud.netflix.ribbon.eureka.DomainExtractingServerList@23a566a6
2020-09-15 14:59:57.243  INFO 13404 --- [http-nio-8182-exec-2] DeferredRepositoryInitializationListener : Triggering deferred initialization of Spring Data repositories…
2020-09-15 14:59:57.244  INFO 13404 --- [http-nio-8182-exec-2] DeferredRepositoryInitializationListener : Spring Data repositories initialized!
2020-09-15 14:59:58.161  INFO 13404 --- [PollingServerListUpdater-0] c.netflix.config.ChainedDynamicProperty  : Flipping property: Employee-Service.ribbon.ActiveConnectionsLimit to use NEXT property: niws.loadbalancer.availabilityFilteringRule.activeConnectionsLimit = 2147483647
2020-09-15 15:00:18.707  INFO 13404 --- [http-nio-8182-exec-1] c.s.m.controller.DepartmentController    : Adding a Employee to the database 
2020-09-15 15:00:19.479  INFO 13404 --- [http-nio-8182-exec-9] c.s.m.controller.DepartmentController    : Getting All The Employees using restTemplate
2020-09-15 15:00:23.865  INFO 13404 --- [http-nio-8182-exec-10] c.s.m.controller.DepartmentController    : Getting All Departments
2020-09-15 15:00:35.734  INFO 13404 --- [http-nio-8182-exec-8] c.s.m.controller.DepartmentController    : Updating a Department to the database
2020-09-15 15:00:36.300  INFO 13404 --- [http-nio-8182-exec-7] c.s.m.controller.DepartmentController    : Getting All Departments
2020-09-15 15:01:54.373  INFO 13404 --- [AsyncResolver-bootstrap-executor-0] c.n.d.s.r.aws.ConfigClusterResolver      : Resolving eureka endpoints via configuration
2020-09-15 15:06:54.373  INFO 13404 --- [AsyncResolver-bootstrap-executor-0] c.n.d.s.r.aws.ConfigClusterResolver      : Resolving eureka endpoints via configuration
2020-09-15 15:11:54.374  INFO 13404 --- [AsyncResolver-bootstrap-executor-0] c.n.d.s.r.aws.ConfigClusterResolver      : Resolving eureka endpoints via configuration
2020-09-15 15:16:54.376  INFO 13404 --- [AsyncResolver-bootstrap-executor-0] c.n.d.s.r.aws.ConfigClusterResolver      : Resolving eureka endpoints via configuration
2020-09-15 15:21:54.378  INFO 13404 --- [AsyncResolver-bootstrap-executor-0] c.n.d.s.r.aws.ConfigClusterResolver      : Resolving eureka endpoints via configuration
2020-09-15 15:26:54.380  INFO 13404 --- [AsyncResolver-bootstrap-executor-0] c.n.d.s.r.aws.ConfigClusterResolver      : Resolving eureka endpoints via configuration
2020-09-15 15:31:54.382  INFO 13404 --- [AsyncResolver-bootstrap-executor-0] c.n.d.s.r.aws.ConfigClusterResolver      : Resolving eureka endpoints via configuration
2020-09-15 15:36:54.384  INFO 13404 --- [AsyncResolver-bootstrap-executor-0] c.n.d.s.r.aws.ConfigClusterResolver      : Resolving eureka endpoints via configuration
2020-09-15 15:41:54.385  INFO 13404 --- [AsyncResolver-bootstrap-executor-0] c.n.d.s.r.aws.ConfigClusterResolver      : Resolving eureka endpoints via configuration
2020-09-15 15:46:54.386  INFO 13404 --- [AsyncResolver-bootstrap-executor-0] c.n.d.s.r.aws.ConfigClusterResolver      : Resolving eureka endpoints via configuration
2020-09-15 15:51:54.388  INFO 13404 --- [AsyncResolver-bootstrap-executor-0] c.n.d.s.r.aws.ConfigClusterResolver      : Resolving eureka endpoints via configuration
2020-09-15 15:56:54.389  INFO 13404 --- [AsyncResolver-bootstrap-executor-0] c.n.d.s.r.aws.ConfigClusterResolver      : Resolving eureka endpoints via configuration
2020-09-15 16:01:54.391  INFO 13404 --- [AsyncResolver-bootstrap-executor-0] c.n.d.s.r.aws.ConfigClusterResolver      : Resolving eureka endpoints via configuration
2020-09-15 16:06:54.392  INFO 13404 --- [AsyncResolver-bootstrap-executor-0] c.n.d.s.r.aws.ConfigClusterResolver      : Resolving eureka endpoints via configuration
2020-09-15 16:11:54.394  INFO 13404 --- [AsyncResolver-bootstrap-executor-0] c.n.d.s.r.aws.ConfigClusterResolver      : Resolving eureka endpoints via configuration
2020-09-15 16:16:54.395  INFO 13404 --- [AsyncResolver-bootstrap-executor-0] c.n.d.s.r.aws.ConfigClusterResolver      : Resolving eureka endpoints via configuration
2020-09-15 16:21:54.398  INFO 13404 --- [AsyncResolver-bootstrap-executor-0] c.n.d.s.r.aws.ConfigClusterResolver      : Resolving eureka endpoints via configuration
2020-09-15 16:26:54.400  INFO 13404 --- [AsyncResolver-bootstrap-executor-0] c.n.d.s.r.aws.ConfigClusterResolver      : Resolving eureka endpoints via configuration
2020-09-15 16:31:54.401  INFO 13404 --- [AsyncResolver-bootstrap-executor-0] c.n.d.s.r.aws.ConfigClusterResolver      : Resolving eureka endpoints via configuration
2020-09-15 16:36:54.403  INFO 13404 --- [AsyncResolver-bootstrap-executor-0] c.n.d.s.r.aws.ConfigClusterResolver      : Resolving eureka endpoints via configuration
2020-09-15 16:41:54.405  INFO 13404 --- [AsyncResolver-bootstrap-executor-0] c.n.d.s.r.aws.ConfigClusterResolver      : Resolving eureka endpoints via configuration
2020-09-15 16:46:54.406  INFO 13404 --- [AsyncResolver-bootstrap-executor-0] c.n.d.s.r.aws.ConfigClusterResolver      : Resolving eureka endpoints via configuration
2020-09-15 16:51:54.407  INFO 13404 --- [AsyncResolver-bootstrap-executor-0] c.n.d.s.r.aws.ConfigClusterResolver      : Resolving eureka endpoints via configuration
2020-09-15 16:56:54.409  INFO 13404 --- [AsyncResolver-bootstrap-executor-0] c.n.d.s.r.aws.ConfigClusterResolver      : Resolving eureka endpoints via configuration
2020-09-15 17:01:54.410  INFO 13404 --- [AsyncResolver-bootstrap-executor-0] c.n.d.s.r.aws.ConfigClusterResolver      : Resolving eureka endpoints via configuration
2020-09-15 17:06:54.413  INFO 13404 --- [AsyncResolver-bootstrap-executor-0] c.n.d.s.r.aws.ConfigClusterResolver      : Resolving eureka endpoints via configuration
2020-09-15 17:11:54.414  INFO 13404 --- [AsyncResolver-bootstrap-executor-0] c.n.d.s.r.aws.ConfigClusterResolver      : Resolving eureka endpoints via configuration
2020-09-15 17:16:54.415  INFO 13404 --- [AsyncResolver-bootstrap-executor-0] c.n.d.s.r.aws.ConfigClusterResolver      : Resolving eureka endpoints via configuration
2020-09-15 17:21:54.418  INFO 13404 --- [AsyncResolver-bootstrap-executor-0] c.n.d.s.r.aws.ConfigClusterResolver      : Resolving eureka endpoints via configuration
2020-09-15 17:26:54.418  INFO 13404 --- [AsyncResolver-bootstrap-executor-0] c.n.d.s.r.aws.ConfigClusterResolver      : Resolving eureka endpoints via configuration
2020-09-15 17:31:54.420  INFO 13404 --- [AsyncResolver-bootstrap-executor-0] c.n.d.s.r.aws.ConfigClusterResolver      : Resolving eureka endpoints via configuration
2020-09-15 17:36:54.422  INFO 13404 --- [AsyncResolver-bootstrap-executor-0] c.n.d.s.r.aws.ConfigClusterResolver      : Resolving eureka endpoints via configuration
2020-09-15 17:41:54.424  INFO 13404 --- [AsyncResolver-bootstrap-executor-0] c.n.d.s.r.aws.ConfigClusterResolver      : Resolving eureka endpoints via configuration
2020-09-15 17:46:54.425  INFO 13404 --- [AsyncResolver-bootstrap-executor-0] c.n.d.s.r.aws.ConfigClusterResolver      : Resolving eureka endpoints via configuration
2020-09-15 17:51:54.419  INFO 13404 --- [AsyncResolver-bootstrap-executor-0] c.n.d.s.r.aws.ConfigClusterResolver      : Resolving eureka endpoints via configuration
2020-09-15 17:56:54.385  INFO 13404 --- [AsyncResolver-bootstrap-executor-0] c.n.d.s.r.aws.ConfigClusterResolver      : Resolving eureka endpoints via configuration
2020-09-15 18:01:54.350  INFO 13404 --- [AsyncResolver-bootstrap-executor-0] c.n.d.s.r.aws.ConfigClusterResolver      : Resolving eureka endpoints via configuration
2020-09-15 18:06:54.318  INFO 13404 --- [AsyncResolver-bootstrap-executor-0] c.n.d.s.r.aws.ConfigClusterResolver      : Resolving eureka endpoints via configuration
2020-09-15 18:11:54.292  INFO 13404 --- [AsyncResolver-bootstrap-executor-0] c.n.d.s.r.aws.ConfigClusterResolver      : Resolving eureka endpoints via configuration
2020-09-15 18:16:54.269  INFO 13404 --- [AsyncResolver-bootstrap-executor-0] c.n.d.s.r.aws.ConfigClusterResolver      : Resolving eureka endpoints via configuration
2020-09-15 18:21:54.245  INFO 13404 --- [AsyncResolver-bootstrap-executor-0] c.n.d.s.r.aws.ConfigClusterResolver      : Resolving eureka endpoints via configuration
2020-09-15 18:26:54.225  INFO 13404 --- [AsyncResolver-bootstrap-executor-0] c.n.d.s.r.aws.ConfigClusterResolver      : Resolving eureka endpoints via configuration
2020-09-15 18:31:54.209  INFO 13404 --- [AsyncResolver-bootstrap-executor-0] c.n.d.s.r.aws.ConfigClusterResolver      : Resolving eureka endpoints via configuration
2020-09-15 18:36:54.195  INFO 13404 --- [AsyncResolver-bootstrap-executor-0] c.n.d.s.r.aws.ConfigClusterResolver      : Resolving eureka endpoints via configuration
2020-09-15 18:41:54.179  INFO 13404 --- [AsyncResolver-bootstrap-executor-0] c.n.d.s.r.aws.ConfigClusterResolver      : Resolving eureka endpoints via configuration
2020-09-15 18:46:54.163  INFO 13404 --- [AsyncResolver-bootstrap-executor-0] c.n.d.s.r.aws.ConfigClusterResolver      : Resolving eureka endpoints via configuration
2020-09-15 18:51:54.146  INFO 13404 --- [AsyncResolver-bootstrap-executor-0] c.n.d.s.r.aws.ConfigClusterResolver      : Resolving eureka endpoints via configuration
2020-09-15 18:56:54.130  INFO 13404 --- [AsyncResolver-bootstrap-executor-0] c.n.d.s.r.aws.ConfigClusterResolver      : Resolving eureka endpoints via configuration
2020-09-15 19:01:54.120  INFO 13404 --- [AsyncResolver-bootstrap-executor-0] c.n.d.s.r.aws.ConfigClusterResolver      : Resolving eureka endpoints via configuration
2020-09-15 19:06:54.115  INFO 13404 --- [AsyncResolver-bootstrap-executor-0] c.n.d.s.r.aws.ConfigClusterResolver      : Resolving eureka endpoints via configuration
2020-09-15 19:11:54.110  INFO 13404 --- [AsyncResolver-bootstrap-executor-0] c.n.d.s.r.aws.ConfigClusterResolver      : Resolving eureka endpoints via configuration
2020-09-15 19:16:54.104  INFO 13404 --- [AsyncResolver-bootstrap-executor-0] c.n.d.s.r.aws.ConfigClusterResolver      : Resolving eureka endpoints via configuration
2020-09-15 19:21:54.099  INFO 13404 --- [AsyncResolver-bootstrap-executor-0] c.n.d.s.r.aws.ConfigClusterResolver      : Resolving eureka endpoints via configuration
2020-09-15 19:26:54.092  INFO 13404 --- [AsyncResolver-bootstrap-executor-0] c.n.d.s.r.aws.ConfigClusterResolver      : Resolving eureka endpoints via configuration
2020-09-15 19:31:54.087  INFO 13404 --- [AsyncResolver-bootstrap-executor-0] c.n.d.s.r.aws.ConfigClusterResolver      : Resolving eureka endpoints via configuration
2020-09-15 19:36:54.084  INFO 13404 --- [AsyncResolver-bootstrap-executor-0] c.n.d.s.r.aws.ConfigClusterResolver      : Resolving eureka endpoints via configuration
2020-09-15 19:40:20.017  WARN 13404 --- [HikariPool-1 housekeeper] com.zaxxer.hikari.pool.HikariPool        : HikariPool-1 - Thread starvation or clock leap detected (housekeeper delta=1m31s258ms19µs500ns).
2020-09-15 19:42:55.337  INFO 13404 --- [AsyncResolver-bootstrap-executor-0] c.n.d.s.r.aws.ConfigClusterResolver      : Resolving eureka endpoints via configuration
2020-09-15 19:47:55.339  INFO 13404 --- [AsyncResolver-bootstrap-executor-0] c.n.d.s.r.aws.ConfigClusterResolver      : Resolving eureka endpoints via configuration
2020-09-15 19:52:55.341  INFO 13404 --- [AsyncResolver-bootstrap-executor-0] c.n.d.s.r.aws.ConfigClusterResolver      : Resolving eureka endpoints via configuration
2020-09-15 19:57:55.344  INFO 13404 --- [AsyncResolver-bootstrap-executor-0] c.n.d.s.r.aws.ConfigClusterResolver      : Resolving eureka endpoints via configuration
2020-09-15 20:04:08.679  WARN 13404 --- [HikariPool-1 housekeeper] com.zaxxer.hikari.pool.HikariPool        : HikariPool-1 - Thread starvation or clock leap detected (housekeeper delta=4m18s619ms273µs900ns).
2020-09-15 20:06:43.930  INFO 13404 --- [AsyncResolver-bootstrap-executor-0] c.n.d.s.r.aws.ConfigClusterResolver      : Resolving eureka endpoints via configuration
2020-09-15 20:11:43.932  INFO 13404 --- [AsyncResolver-bootstrap-executor-0] c.n.d.s.r.aws.ConfigClusterResolver      : Resolving eureka endpoints via configuration
2020-09-15 20:16:43.934  INFO 13404 --- [AsyncResolver-bootstrap-executor-0] c.n.d.s.r.aws.ConfigClusterResolver      : Resolving eureka endpoints via configuration
2020-09-15 20:21:43.937  INFO 13404 --- [AsyncResolver-bootstrap-executor-0] c.n.d.s.r.aws.ConfigClusterResolver      : Resolving eureka endpoints via configuration
2020-09-15 20:26:43.939  INFO 13404 --- [AsyncResolver-bootstrap-executor-0] c.n.d.s.r.aws.ConfigClusterResolver      : Resolving eureka endpoints via configuration
2020-09-15 20:31:43.941  INFO 13404 --- [AsyncResolver-bootstrap-executor-0] c.n.d.s.r.aws.ConfigClusterResolver      : Resolving eureka endpoints via configuration
